SF:C:\Users\nexts\opensource\hayabusa\src\afterfact.rs
FN:1784,_RNCNCNvNtCsh5cigu73tlT_8hayabusa9afterfact19extract_author_names_00B7_
FN:316,_RNCINvNtCsh5cigu73tlT_8hayabusa9afterfact8emit_csvINtNtCskpAJhxNUYl3_5alloc5boxed3BoxDNtNtCs5LKwF2oluhI_3std2io5WriteEL_EE0B6_
FN:40,_RNvXNtCsh5cigu73tlT_8hayabusa9afterfactNtB2_6ColorsNtNtCsjwgglklCTGv_4core3fmt5Debug3fmt
FN:1322,_RNvNtCsh5cigu73tlT_8hayabusa9afterfact26__create_json_output_format
FN:877,_RNvNtCsh5cigu73tlT_8hayabusa9afterfact27__get_serialized_disp_output
FN:1753,_RNvNtCsh5cigu73tlT_8hayabusa9afterfact19extract_author_name
FN:1688,_RNCNvNtCsh5cigu73tlT_8hayabusa9afterfact15output_json_strs1_0B5_
FN:1704,_RNCNvNtCsh5cigu73tlT_8hayabusa9afterfact28output_detected_rule_authors0B5_
FN:1307,_RNCNvNtCsh5cigu73tlT_8hayabusa9afterfact13__get_json_vec0B5_
FN:1364,_RNCNvNtCsh5cigu73tlT_8hayabusa9afterfact26__create_json_output_formats0_0B5_
FN:109,_RNvNtCsh5cigu73tlT_8hayabusa9afterfact16__get_table_color
FN:343,_RNCINvNtCsh5cigu73tlT_8hayabusa9afterfact8emit_csvINtNtCskpAJhxNUYl3_5alloc5boxed3BoxDNtNtCs5LKwF2oluhI_3std2io5WriteEL_EEs_0B6_
FN:1040,_RNvNtCsh5cigu73tlT_8hayabusa9afterfact32__print_detection_summary_by_date
FN:101,_RNvNtCsh5cigu73tlT_8hayabusa9afterfact17__get_output_color
FN:954,_RNvNtCsh5cigu73tlT_8hayabusa9afterfact21__print_unique_results
FN:1343,_RNCNvNtCsh5cigu73tlT_8hayabusa9afterfact26__create_json_output_formats_0B5_
FN:1200,_RNCNvNtCsh5cigu73tlT_8hayabusa9afterfact31__print_detection_summary_tables0B5_
FN:1498,_RNCNvNtCsh5cigu73tlT_8hayabusa9afterfact15output_json_str0B5_
FN:1782,_RNCNvNtCsh5cigu73tlT_8hayabusa9afterfact19extract_author_names_0B5_
FN:365,_RNCINvNtCsh5cigu73tlT_8hayabusa9afterfact8emit_csvINtNtCskpAJhxNUYl3_5alloc5boxed3BoxDNtNtCs5LKwF2oluhI_3std2io5WriteEL_EEs0_0B6_
FN:439,_RNCINvNtCsh5cigu73tlT_8hayabusa9afterfact8emit_csvINtNtCskpAJhxNUYl3_5alloc5boxed3BoxDNtNtCs5LKwF2oluhI_3std2io5WriteEL_EEs1_0B6_
FN:1332,_RNCNvNtCsh5cigu73tlT_8hayabusa9afterfact26__create_json_output_format0B5_
FN:442,_RNCINvNtCsh5cigu73tlT_8hayabusa9afterfact8emit_csvINtNtCskpAJhxNUYl3_5alloc5boxed3BoxDNtNtCs5LKwF2oluhI_3std2io5WriteEL_EEs2_0B6_
FN:1430,_RNvNtCsh5cigu73tlT_8hayabusa9afterfact15output_json_str
FN:1096,_RNvNtCsh5cigu73tlT_8hayabusa9afterfact36__print_detection_summary_by_computer
FN:1698,_RNvNtCsh5cigu73tlT_8hayabusa9afterfact28output_detected_rule_authors
FN:488,_RNCINvNtCsh5cigu73tlT_8hayabusa9afterfact8emit_csvINtNtCskpAJhxNUYl3_5alloc5boxed3BoxDNtNtCs5LKwF2oluhI_3std2io5WriteEL_EEs3_0B6_
FN:945,_RNvNtCsh5cigu73tlT_8hayabusa9afterfact15__format_cellpos
FN:1178,_RNvNtCsh5cigu73tlT_8hayabusa9afterfact31__print_detection_summary_tables
FN:67,_RNCNvNtCsh5cigu73tlT_8hayabusa9afterfact16set_output_color0B5_
FN:1669,_RNCNvNtCsh5cigu73tlT_8hayabusa9afterfact15output_json_strs0_0B5_
FN:861,_RNCNvNtCsh5cigu73tlT_8hayabusa9afterfact19countup_aggregation0B5_
FN:210,_RINvNtCsh5cigu73tlT_8hayabusa9afterfact8emit_csvINtNtCskpAJhxNUYl3_5alloc5boxed3BoxDNtNtCs5LKwF2oluhI_3std2io5WriteEL_EEB4_
FN:1650,_RNCNvNtCsh5cigu73tlT_8hayabusa9afterfact15output_json_strs_0B5_
FN:853,_RNvNtCsh5cigu73tlT_8hayabusa9afterfact19countup_aggregation
FN:1115,_RNCNvNtCsh5cigu73tlT_8hayabusa9afterfact36__print_detection_summary_by_computer0B5_
FN:47,_RNvNtCsh5cigu73tlT_8hayabusa9afterfact16set_output_color
FN:1310,_RNCNvNtCsh5cigu73tlT_8hayabusa9afterfact13__get_json_vecs_0B5_
FN:121,_RNvNtCsh5cigu73tlT_8hayabusa9afterfact20__print_timeline_hist
FN:1118,_RNCNvNtCsh5cigu73tlT_8hayabusa9afterfact36__print_detection_summary_by_computers_0B5_
FN:1304,_RNvNtCsh5cigu73tlT_8hayabusa9afterfact13__get_json_vec
FN:1392,_RNvNtCsh5cigu73tlT_8hayabusa9afterfact23__convert_valid_json_str
FN:1772,_RNCNvNtCsh5cigu73tlT_8hayabusa9afterfact19extract_author_name0B5_
FN:1380,_RNCNvNtCsh5cigu73tlT_8hayabusa9afterfact26__create_json_output_formats1_0B5_
FN:1290,_RNvNtCsh5cigu73tlT_8hayabusa9afterfact14__get_timestamp
FN:2469,_RNvNtNtCsh5cigu73tlT_8hayabusa9afterfact5testss_46test_emit_csv_output_with_remove_duplicate_opt
FN:1828,_RNCNvNtNtCsh5cigu73tlT_8hayabusa9afterfact5tests20test_emit_csv_output0B7_
FN:2791,_RNCNvNtNtCsh5cigu73tlT_8hayabusa9afterfact5tests47test_emit_json_output_with_remove_duplicate_opt0B7_
FN:3338,_RNCNvNtNtCsh5cigu73tlT_8hayabusa9afterfact5tests25test_emit_csv_json_output0B7_
FN:1829,_RNvNtNtCsh5cigu73tlT_8hayabusa9afterfact5testss_20test_emit_csv_output
FN:2792,_RNvNtNtCsh5cigu73tlT_8hayabusa9afterfact5testss_47test_emit_json_output_with_remove_duplicate_opt
FN:2154,_RNCNvNtNtCsh5cigu73tlT_8hayabusa9afterfact5tests39test_emit_csv_output_with_multiline_opt0B7_
FN:3189,_RNCNvNtNtCsh5cigu73tlT_8hayabusa9afterfact5tests21test_emit_csv_display0B7_
FN:2468,_RNCNvNtNtCsh5cigu73tlT_8hayabusa9afterfact5tests46test_emit_csv_output_with_remove_duplicate_opt0B7_
FN:3331,_RNCNvNtNtCsh5cigu73tlT_8hayabusa9afterfact5tests35test_set_output_color_no_color_flag0B7_
FN:3320,_RNvNtNtCsh5cigu73tlT_8hayabusa9afterfact5tests18check_hashmap_data
FN:3333,_RNvNtNtCsh5cigu73tlT_8hayabusa9afterfact5testss_35test_set_output_color_no_color_flag
FN:3339,_RNvNtNtCsh5cigu73tlT_8hayabusa9afterfact5testss_25test_emit_csv_json_output
FN:3601,_RNCNvNtNtCsh5cigu73tlT_8hayabusa9afterfact5tests26test_emit_csv_jsonl_output0B7_
FN:2155,_RNvNtNtCsh5cigu73tlT_8hayabusa9afterfact5testss_39test_emit_csv_output_with_multiline_opt
FN:3190,_RNvNtNtCsh5cigu73tlT_8hayabusa9afterfact5testss_21test_emit_csv_display
FN:3602,_RNvNtNtCsh5cigu73tlT_8hayabusa9afterfact5testss_26test_emit_csv_jsonl_output
FN:168,_RNvNtCsh5cigu73tlT_8hayabusa9afterfact10after_fact
FN:176,_RNCNvNtCsh5cigu73tlT_8hayabusa9afterfact10after_fact0B5_
FN:1290,_RNvNtCsk6AfKij8NQT_8hayabusa9afterfact14__get_timestamp
FN:1669,_RNCNvNtCsk6AfKij8NQT_8hayabusa9afterfact15output_json_strs0_0B5_
FN:1322,_RNvNtCsk6AfKij8NQT_8hayabusa9afterfact26__create_json_output_format
FN:1704,_RNCNvNtCsk6AfKij8NQT_8hayabusa9afterfact28output_detected_rule_authors0B5_
FN:877,_RNvNtCsk6AfKij8NQT_8hayabusa9afterfact27__get_serialized_disp_output
FN:316,_RNCINvNtCsk6AfKij8NQT_8hayabusa9afterfact8emit_csvINtNtCskpAJhxNUYl3_5alloc5boxed3BoxDNtNtCs5LKwF2oluhI_3std2io5WriteEL_EE0B6_
FN:1343,_RNCNvNtCsk6AfKij8NQT_8hayabusa9afterfact26__create_json_output_formats_0B5_
FN:1753,_RNvNtCsk6AfKij8NQT_8hayabusa9afterfact19extract_author_name
FN:439,_RNCINvNtCsk6AfKij8NQT_8hayabusa9afterfact8emit_csvINtNtCskpAJhxNUYl3_5alloc5boxed3BoxDNtNtCs5LKwF2oluhI_3std2io5WriteEL_EEs1_0B6_
FN:210,_RINvNtCsk6AfKij8NQT_8hayabusa9afterfact8emit_csvINtNtCskpAJhxNUYl3_5alloc5boxed3BoxDNtNtCs5LKwF2oluhI_3std2io5WriteEL_EEB4_
FN:109,_RNvNtCsk6AfKij8NQT_8hayabusa9afterfact16__get_table_color
FN:1040,_RNvNtCsk6AfKij8NQT_8hayabusa9afterfact32__print_detection_summary_by_date
FN:40,_RNvXNtCsk6AfKij8NQT_8hayabusa9afterfactNtB2_6ColorsNtNtCsjwgglklCTGv_4core3fmt5Debug3fmt
FN:101,_RNvNtCsk6AfKij8NQT_8hayabusa9afterfact17__get_output_color
FN:954,_RNvNtCsk6AfKij8NQT_8hayabusa9afterfact21__print_unique_results
FN:442,_RNCINvNtCsk6AfKij8NQT_8hayabusa9afterfact8emit_csvINtNtCskpAJhxNUYl3_5alloc5boxed3BoxDNtNtCs5LKwF2oluhI_3std2io5WriteEL_EEs2_0B6_
FN:1118,_RNCNvNtCsk6AfKij8NQT_8hayabusa9afterfact36__print_detection_summary_by_computers_0B5_
FN:1310,_RNCNvNtCsk6AfKij8NQT_8hayabusa9afterfact13__get_json_vecs_0B5_
FN:168,_RNvNtCsk6AfKij8NQT_8hayabusa9afterfact10after_fact
FN:1200,_RNCNvNtCsk6AfKij8NQT_8hayabusa9afterfact31__print_detection_summary_tables0B5_
FN:861,_RNCNvNtCsk6AfKij8NQT_8hayabusa9afterfact19countup_aggregation0B5_
FN:343,_RNCINvNtCsk6AfKij8NQT_8hayabusa9afterfact8emit_csvINtNtCskpAJhxNUYl3_5alloc5boxed3BoxDNtNtCs5LKwF2oluhI_3std2io5WriteEL_EEs_0B6_
FN:1430,_RNvNtCsk6AfKij8NQT_8hayabusa9afterfact15output_json_str
FN:1650,_RNCNvNtCsk6AfKij8NQT_8hayabusa9afterfact15output_json_strs_0B5_
FN:1096,_RNvNtCsk6AfKij8NQT_8hayabusa9afterfact36__print_detection_summary_by_computer
FN:1698,_RNvNtCsk6AfKij8NQT_8hayabusa9afterfact28output_detected_rule_authors
FN:1782,_RNCNvNtCsk6AfKij8NQT_8hayabusa9afterfact19extract_author_names_0B5_
FN:945,_RNvNtCsk6AfKij8NQT_8hayabusa9afterfact15__format_cellpos
FN:1178,_RNvNtCsk6AfKij8NQT_8hayabusa9afterfact31__print_detection_summary_tables
FN:1332,_RNCNvNtCsk6AfKij8NQT_8hayabusa9afterfact26__create_json_output_format0B5_
FN:1380,_RNCNvNtCsk6AfKij8NQT_8hayabusa9afterfact26__create_json_output_formats1_0B5_
FN:176,_RNCNvNtCsk6AfKij8NQT_8hayabusa9afterfact10after_fact0B5_
FN:1688,_RNCNvNtCsk6AfKij8NQT_8hayabusa9afterfact15output_json_strs1_0B5_
FN:365,_RNCINvNtCsk6AfKij8NQT_8hayabusa9afterfact8emit_csvINtNtCskpAJhxNUYl3_5alloc5boxed3BoxDNtNtCs5LKwF2oluhI_3std2io5WriteEL_EEs0_0B6_
FN:1115,_RNCNvNtCsk6AfKij8NQT_8hayabusa9afterfact36__print_detection_summary_by_computer0B5_
FN:1364,_RNCNvNtCsk6AfKij8NQT_8hayabusa9afterfact26__create_json_output_formats0_0B5_
FN:853,_RNvNtCsk6AfKij8NQT_8hayabusa9afterfact19countup_aggregation
FN:488,_RNCINvNtCsk6AfKij8NQT_8hayabusa9afterfact8emit_csvINtNtCskpAJhxNUYl3_5alloc5boxed3BoxDNtNtCs5LKwF2oluhI_3std2io5WriteEL_EEs3_0B6_
FN:47,_RNvNtCsk6AfKij8NQT_8hayabusa9afterfact16set_output_color
FN:67,_RNCNvNtCsk6AfKij8NQT_8hayabusa9afterfact16set_output_color0B5_
FN:1772,_RNCNvNtCsk6AfKij8NQT_8hayabusa9afterfact19extract_author_name0B5_
FN:121,_RNvNtCsk6AfKij8NQT_8hayabusa9afterfact20__print_timeline_hist
FN:1498,_RNCNvNtCsk6AfKij8NQT_8hayabusa9afterfact15output_json_str0B5_
FN:1784,_RNCNCNvNtCsk6AfKij8NQT_8hayabusa9afterfact19extract_author_names_00B7_
FN:1304,_RNvNtCsk6AfKij8NQT_8hayabusa9afterfact13__get_json_vec
FN:1392,_RNvNtCsk6AfKij8NQT_8hayabusa9afterfact23__convert_valid_json_str
FN:1307,_RNCNvNtCsk6AfKij8NQT_8hayabusa9afterfact13__get_json_vec0B5_
FNDA:0,_RNCNCNvNtCsh5cigu73tlT_8hayabusa9afterfact19extract_author_names_00B7_
FNDA:8,_RNCINvNtCsh5cigu73tlT_8hayabusa9afterfact8emit_csvINtNtCskpAJhxNUYl3_5alloc5boxed3BoxDNtNtCs5LKwF2oluhI_3std2io5WriteEL_EE0B6_
FNDA:0,_RNvXNtCsh5cigu73tlT_8hayabusa9afterfactNtB2_6ColorsNtNtCsjwgglklCTGv_4core3fmt5Debug3fmt
FNDA:52,_RNvNtCsh5cigu73tlT_8hayabusa9afterfact26__create_json_output_format
FNDA:2,_RNvNtCsh5cigu73tlT_8hayabusa9afterfact27__get_serialized_disp_output
FNDA:0,_RNvNtCsh5cigu73tlT_8hayabusa9afterfact19extract_author_name
FNDA:13,_RNCNvNtCsh5cigu73tlT_8hayabusa9afterfact15output_json_strs1_0B5_
FNDA:0,_RNCNvNtCsh5cigu73tlT_8hayabusa9afterfact28output_detected_rule_authors0B5_
FNDA:8,_RNCNvNtCsh5cigu73tlT_8hayabusa9afterfact13__get_json_vec0B5_
FNDA:0,_RNCNvNtCsh5cigu73tlT_8hayabusa9afterfact26__create_json_output_formats0_0B5_
FNDA:0,_RNvNtCsh5cigu73tlT_8hayabusa9afterfact16__get_table_color
FNDA:4,_RNCINvNtCsh5cigu73tlT_8hayabusa9afterfact8emit_csvINtNtCskpAJhxNUYl3_5alloc5boxed3BoxDNtNtCs5LKwF2oluhI_3std2io5WriteEL_EEs_0B6_
FNDA:0,_RNvNtCsh5cigu73tlT_8hayabusa9afterfact32__print_detection_summary_by_date
FNDA:0,_RNvNtCsh5cigu73tlT_8hayabusa9afterfact17__get_output_color
FNDA:0,_RNvNtCsh5cigu73tlT_8hayabusa9afterfact21__print_unique_results
FNDA:0,_RNCNvNtCsh5cigu73tlT_8hayabusa9afterfact26__create_json_output_formats_0B5_
FNDA:0,_RNCNvNtCsh5cigu73tlT_8hayabusa9afterfact31__print_detection_summary_tables0B5_
FNDA:24,_RNCNvNtCsh5cigu73tlT_8hayabusa9afterfact15output_json_str0B5_
FNDA:0,_RNCNvNtCsh5cigu73tlT_8hayabusa9afterfact19extract_author_names_0B5_
FNDA:0,_RNCINvNtCsh5cigu73tlT_8hayabusa9afterfact8emit_csvINtNtCskpAJhxNUYl3_5alloc5boxed3BoxDNtNtCs5LKwF2oluhI_3std2io5WriteEL_EEs0_0B6_
FNDA:36,_RNCINvNtCsh5cigu73tlT_8hayabusa9afterfact8emit_csvINtNtCskpAJhxNUYl3_5alloc5boxed3BoxDNtNtCs5LKwF2oluhI_3std2io5WriteEL_EEs1_0B6_
FNDA:0,_RNCNvNtCsh5cigu73tlT_8hayabusa9afterfact26__create_json_output_format0B5_
FNDA:72,_RNCINvNtCsh5cigu73tlT_8hayabusa9afterfact8emit_csvINtNtCskpAJhxNUYl3_5alloc5boxed3BoxDNtNtCs5LKwF2oluhI_3std2io5WriteEL_EEs2_0B6_
FNDA:4,_RNvNtCsh5cigu73tlT_8hayabusa9afterfact15output_json_str
FNDA:0,_RNvNtCsh5cigu73tlT_8hayabusa9afterfact36__print_detection_summary_by_computer
FNDA:0,_RNvNtCsh5cigu73tlT_8hayabusa9afterfact28output_detected_rule_authors
FNDA:0,_RNCINvNtCsh5cigu73tlT_8hayabusa9afterfact8emit_csvINtNtCskpAJhxNUYl3_5alloc5boxed3BoxDNtNtCs5LKwF2oluhI_3std2io5WriteEL_EEs3_0B6_
FNDA:18,_RNvNtCsh5cigu73tlT_8hayabusa9afterfact15__format_cellpos
FNDA:0,_RNvNtCsh5cigu73tlT_8hayabusa9afterfact31__print_detection_summary_tables
FNDA:0,_RNCNvNtCsh5cigu73tlT_8hayabusa9afterfact16set_output_color0B5_
FNDA:6,_RNCNvNtCsh5cigu73tlT_8hayabusa9afterfact15output_json_strs0_0B5_
FNDA:0,_RNCNvNtCsh5cigu73tlT_8hayabusa9afterfact19countup_aggregation0B5_
FNDA:6,_RINvNtCsh5cigu73tlT_8hayabusa9afterfact8emit_csvINtNtCskpAJhxNUYl3_5alloc5boxed3BoxDNtNtCs5LKwF2oluhI_3std2io5WriteEL_EEB4_
FNDA:16,_RNCNvNtCsh5cigu73tlT_8hayabusa9afterfact15output_json_strs_0B5_
FNDA:0,_RNvNtCsh5cigu73tlT_8hayabusa9afterfact19countup_aggregation
FNDA:0,_RNCNvNtCsh5cigu73tlT_8hayabusa9afterfact36__print_detection_summary_by_computer0B5_
FNDA:1,_RNvNtCsh5cigu73tlT_8hayabusa9afterfact16set_output_color
FNDA:6,_RNCNvNtCsh5cigu73tlT_8hayabusa9afterfact13__get_json_vecs_0B5_
FNDA:0,_RNvNtCsh5cigu73tlT_8hayabusa9afterfact20__print_timeline_hist
FNDA:0,_RNCNvNtCsh5cigu73tlT_8hayabusa9afterfact36__print_detection_summary_by_computers_0B5_
FNDA:52,_RNvNtCsh5cigu73tlT_8hayabusa9afterfact13__get_json_vec
FNDA:55,_RNvNtCsh5cigu73tlT_8hayabusa9afterfact23__convert_valid_json_str
FNDA:0,_RNCNvNtCsh5cigu73tlT_8hayabusa9afterfact19extract_author_name0B5_
FNDA:0,_RNCNvNtCsh5cigu73tlT_8hayabusa9afterfact26__create_json_output_formats1_0B5_
FNDA:6,_RNvNtCsh5cigu73tlT_8hayabusa9afterfact14__get_timestamp
FNDA:1,_RNvNtNtCsh5cigu73tlT_8hayabusa9afterfact5testss_46test_emit_csv_output_with_remove_duplicate_opt
FNDA:1,_RNCNvNtNtCsh5cigu73tlT_8hayabusa9afterfact5tests20test_emit_csv_output0B7_
FNDA:1,_RNCNvNtNtCsh5cigu73tlT_8hayabusa9afterfact5tests47test_emit_json_output_with_remove_duplicate_opt0B7_
FNDA:1,_RNCNvNtNtCsh5cigu73tlT_8hayabusa9afterfact5tests25test_emit_csv_json_output0B7_
FNDA:1,_RNvNtNtCsh5cigu73tlT_8hayabusa9afterfact5testss_20test_emit_csv_output
FNDA:1,_RNvNtNtCsh5cigu73tlT_8hayabusa9afterfact5testss_47test_emit_json_output_with_remove_duplicate_opt
FNDA:1,_RNCNvNtNtCsh5cigu73tlT_8hayabusa9afterfact5tests39test_emit_csv_output_with_multiline_opt0B7_
FNDA:1,_RNCNvNtNtCsh5cigu73tlT_8hayabusa9afterfact5tests21test_emit_csv_display0B7_
FNDA:1,_RNCNvNtNtCsh5cigu73tlT_8hayabusa9afterfact5tests46test_emit_csv_output_with_remove_duplicate_opt0B7_
FNDA:1,_RNCNvNtNtCsh5cigu73tlT_8hayabusa9afterfact5tests35test_set_output_color_no_color_flag0B7_
FNDA:1,_RNvNtNtCsh5cigu73tlT_8hayabusa9afterfact5tests18check_hashmap_data
FNDA:1,_RNvNtNtCsh5cigu73tlT_8hayabusa9afterfact5testss_35test_set_output_color_no_color_flag
FNDA:1,_RNvNtNtCsh5cigu73tlT_8hayabusa9afterfact5testss_25test_emit_csv_json_output
FNDA:1,_RNCNvNtNtCsh5cigu73tlT_8hayabusa9afterfact5tests26test_emit_csv_jsonl_output0B7_
FNDA:1,_RNvNtNtCsh5cigu73tlT_8hayabusa9afterfact5testss_39test_emit_csv_output_with_multiline_opt
FNDA:1,_RNvNtNtCsh5cigu73tlT_8hayabusa9afterfact5testss_21test_emit_csv_display
FNDA:1,_RNvNtNtCsh5cigu73tlT_8hayabusa9afterfact5testss_26test_emit_csv_jsonl_output
FNDA:0,_RNvNtCsh5cigu73tlT_8hayabusa9afterfact10after_fact
FNDA:0,_RNCNvNtCsh5cigu73tlT_8hayabusa9afterfact10after_fact0B5_
FNDA:2,_RNvNtCsk6AfKij8NQT_8hayabusa9afterfact14__get_timestamp
FNDA:0,_RNCNvNtCsk6AfKij8NQT_8hayabusa9afterfact15output_json_strs0_0B5_
FNDA:49,_RNvNtCsk6AfKij8NQT_8hayabusa9afterfact26__create_json_output_format
FNDA:0,_RNCNvNtCsk6AfKij8NQT_8hayabusa9afterfact28output_detected_rule_authors0B5_
FNDA:0,_RNvNtCsk6AfKij8NQT_8hayabusa9afterfact27__get_serialized_disp_output
FNDA:0,_RNCINvNtCsk6AfKij8NQT_8hayabusa9afterfact8emit_csvINtNtCskpAJhxNUYl3_5alloc5boxed3BoxDNtNtCs5LKwF2oluhI_3std2io5WriteEL_EE0B6_
FNDA:0,_RNCNvNtCsk6AfKij8NQT_8hayabusa9afterfact26__create_json_output_formats_0B5_
FNDA:0,_RNvNtCsk6AfKij8NQT_8hayabusa9afterfact19extract_author_name
FNDA:9,_RNCINvNtCsk6AfKij8NQT_8hayabusa9afterfact8emit_csvINtNtCskpAJhxNUYl3_5alloc5boxed3BoxDNtNtCs5LKwF2oluhI_3std2io5WriteEL_EEs1_0B6_
FNDA:2,_RINvNtCsk6AfKij8NQT_8hayabusa9afterfact8emit_csvINtNtCskpAJhxNUYl3_5alloc5boxed3BoxDNtNtCs5LKwF2oluhI_3std2io5WriteEL_EEB4_
FNDA:0,_RNvNtCsk6AfKij8NQT_8hayabusa9afterfact16__get_table_color
FNDA:0,_RNvNtCsk6AfKij8NQT_8hayabusa9afterfact32__print_detection_summary_by_date
FNDA:0,_RNvXNtCsk6AfKij8NQT_8hayabusa9afterfactNtB2_6ColorsNtNtCsjwgglklCTGv_4core3fmt5Debug3fmt
FNDA:0,_RNvNtCsk6AfKij8NQT_8hayabusa9afterfact17__get_output_color
FNDA:0,_RNvNtCsk6AfKij8NQT_8hayabusa9afterfact21__print_unique_results
FNDA:9,_RNCINvNtCsk6AfKij8NQT_8hayabusa9afterfact8emit_csvINtNtCskpAJhxNUYl3_5alloc5boxed3BoxDNtNtCs5LKwF2oluhI_3std2io5WriteEL_EEs2_0B6_
FNDA:0,_RNCNvNtCsk6AfKij8NQT_8hayabusa9afterfact36__print_detection_summary_by_computers_0B5_
FNDA:10,_RNCNvNtCsk6AfKij8NQT_8hayabusa9afterfact13__get_json_vecs_0B5_
FNDA:2,_RNvNtCsk6AfKij8NQT_8hayabusa9afterfact10after_fact
FNDA:0,_RNCNvNtCsk6AfKij8NQT_8hayabusa9afterfact31__print_detection_summary_tables0B5_
FNDA:0,_RNCNvNtCsk6AfKij8NQT_8hayabusa9afterfact19countup_aggregation0B5_
FNDA:0,_RNCINvNtCsk6AfKij8NQT_8hayabusa9afterfact8emit_csvINtNtCskpAJhxNUYl3_5alloc5boxed3BoxDNtNtCs5LKwF2oluhI_3std2io5WriteEL_EEs_0B6_
FNDA:1,_RNvNtCsk6AfKij8NQT_8hayabusa9afterfact15output_json_str
FNDA:0,_RNCNvNtCsk6AfKij8NQT_8hayabusa9afterfact15output_json_strs_0B5_
FNDA:0,_RNvNtCsk6AfKij8NQT_8hayabusa9afterfact36__print_detection_summary_by_computer
FNDA:0,_RNvNtCsk6AfKij8NQT_8hayabusa9afterfact28output_detected_rule_authors
FNDA:0,_RNCNvNtCsk6AfKij8NQT_8hayabusa9afterfact19extract_author_names_0B5_
FNDA:0,_RNvNtCsk6AfKij8NQT_8hayabusa9afterfact15__format_cellpos
FNDA:0,_RNvNtCsk6AfKij8NQT_8hayabusa9afterfact31__print_detection_summary_tables
FNDA:0,_RNCNvNtCsk6AfKij8NQT_8hayabusa9afterfact26__create_json_output_format0B5_
FNDA:0,_RNCNvNtCsk6AfKij8NQT_8hayabusa9afterfact26__create_json_output_formats1_0B5_
FNDA:0,_RNCNvNtCsk6AfKij8NQT_8hayabusa9afterfact10after_fact0B5_
FNDA:0,_RNCNvNtCsk6AfKij8NQT_8hayabusa9afterfact15output_json_strs1_0B5_
FNDA:0,_RNCINvNtCsk6AfKij8NQT_8hayabusa9afterfact8emit_csvINtNtCskpAJhxNUYl3_5alloc5boxed3BoxDNtNtCs5LKwF2oluhI_3std2io5WriteEL_EEs0_0B6_
FNDA:0,_RNCNvNtCsk6AfKij8NQT_8hayabusa9afterfact36__print_detection_summary_by_computer0B5_
FNDA:0,_RNCNvNtCsk6AfKij8NQT_8hayabusa9afterfact26__create_json_output_formats0_0B5_
FNDA:0,_RNvNtCsk6AfKij8NQT_8hayabusa9afterfact19countup_aggregation
FNDA:0,_RNCINvNtCsk6AfKij8NQT_8hayabusa9afterfact8emit_csvINtNtCskpAJhxNUYl3_5alloc5boxed3BoxDNtNtCs5LKwF2oluhI_3std2io5WriteEL_EEs3_0B6_
FNDA:2,_RNvNtCsk6AfKij8NQT_8hayabusa9afterfact16set_output_color
FNDA:8,_RNCNvNtCsk6AfKij8NQT_8hayabusa9afterfact16set_output_color0B5_
FNDA:0,_RNCNvNtCsk6AfKij8NQT_8hayabusa9afterfact19extract_author_name0B5_
FNDA:0,_RNvNtCsk6AfKij8NQT_8hayabusa9afterfact20__print_timeline_hist
FNDA:6,_RNCNvNtCsk6AfKij8NQT_8hayabusa9afterfact15output_json_str0B5_
FNDA:0,_RNCNCNvNtCsk6AfKij8NQT_8hayabusa9afterfact19extract_author_names_00B7_
FNDA:9,_RNvNtCsk6AfKij8NQT_8hayabusa9afterfact13__get_json_vec
FNDA:91,_RNvNtCsk6AfKij8NQT_8hayabusa9afterfact23__convert_valid_json_str
FNDA:0,_RNCNvNtCsk6AfKij8NQT_8hayabusa9afterfact13__get_json_vec0B5_
FNF:64
FNH:38
DA:40,0
DA:47,3
DA:48,3
DA:49,3
DA:50,3
DA:51,3
DA:52,3
DA:53,3
DA:54,3
DA:55,3
DA:56,3
DA:57,3
DA:58,3
DA:59,3
DA:60,1
DA:61,2
DA:62,2
DA:64,0
DA:65,0
DA:66,2
DA:67,8
DA:68,8
DA:69,0
DA:70,8
DA:71,8
DA:72,8
DA:73,8
DA:74,8
DA:75,0
DA:76,0
DA:77,0
DA:78,0
DA:79,0
DA:80,0
DA:81,8
DA:82,8
DA:83,8
DA:84,0
DA:85,8
DA:86,8
DA:87,8
DA:88,8
DA:89,8
DA:90,8
DA:91,8
DA:92,8
DA:93,8
DA:94,8
DA:95,8
DA:96,8
DA:97,8
DA:98,2
DA:99,3
DA:101,0
DA:102,0
DA:103,0
DA:104,0
DA:105,0
DA:106,0
DA:107,0
DA:109,0
DA:110,0
DA:111,0
DA:112,0
DA:113,0
DA:114,0
DA:115,0
DA:116,0
DA:117,0
DA:118,0
DA:121,0
DA:122,0
DA:123,0
DA:124,0
DA:125,0
DA:126,0
DA:127,0
DA:128,0
DA:129,0
DA:130,0
DA:131,0
DA:132,0
DA:133,0
DA:134,0
DA:135,0
DA:136,0
DA:137,0
DA:138,0
DA:139,0
DA:140,0
DA:141,0
DA:142,0
DA:143,0
DA:145,0
DA:146,0
DA:148,0
DA:150,0
DA:151,0
DA:152,0
DA:153,0
DA:154,0
DA:155,0
DA:156,0
DA:157,0
DA:158,0
DA:159,0
DA:160,0
DA:161,0
DA:162,0
DA:163,0
DA:165,0
DA:166,0
DA:168,2
DA:169,2
DA:170,2
DA:171,2
DA:172,2
DA:173,2
DA:174,2
DA:175,2
DA:176,2
DA:177,0
DA:178,0
DA:181,2
DA:182,2
DA:184,2
DA:185,2
DA:186,0
DA:187,0
DA:188,0
DA:192,0
DA:193,0
DA:194,0
DA:196,2
DA:197,2
DA:198,2
DA:199,2
DA:200,2
DA:201,2
DA:202,2
DA:203,2
DA:204,2
DA:205,2
DA:206,0
DA:207,2
DA:208,2
DA:210,8
DA:211,8
DA:212,8
DA:213,8
DA:214,8
DA:215,8
DA:216,8
DA:217,8
DA:218,8
DA:219,8
DA:220,8
DA:221,8
DA:222,8
DA:223,8
DA:224,1
DA:225,1
DA:226,7
DA:227,8
DA:228,8
DA:229,8
DA:230,8
DA:231,8
DA:232,8
DA:233,8
DA:234,8
DA:235,8
DA:236,8
DA:237,8
DA:238,8
DA:239,8
DA:240,8
DA:241,8
DA:242,8
DA:243,8
DA:245,8
DA:246,4
DA:247,4
DA:248,4
DA:249,4
DA:250,4
DA:251,4
DA:252,4
DA:253,4
DA:254,4
DA:255,4
DA:256,4
DA:258,4
DA:259,4
DA:260,4
DA:261,4
DA:262,4
DA:263,4
DA:264,4
DA:266,0
DA:269,8
DA:270,0
DA:271,8
DA:272,8
DA:273,8
DA:274,8
DA:275,8
DA:276,8
DA:277,8
DA:278,8
DA:279,8
DA:280,8
DA:281,8
DA:282,8
DA:283,8
DA:284,8
DA:285,8
DA:286,8
DA:287,8
DA:288,8
DA:289,8
DA:290,8
DA:291,8
DA:292,8
DA:293,8
DA:294,8
DA:296,56
DA:297,48
DA:298,48
DA:299,48
DA:300,48
DA:301,8
DA:302,0
DA:303,8
DA:304,8
DA:305,8
DA:306,8
DA:307,8
DA:308,8
DA:309,8
DA:310,8
DA:311,8
DA:312,8
DA:313,8
DA:314,8
DA:315,8
DA:316,8
DA:317,8
DA:318,8
DA:319,8
DA:320,8
DA:321,8
DA:322,8
DA:323,8
DA:324,8
DA:325,8
DA:326,8
DA:327,8
DA:328,8
DA:329,8
DA:330,8
DA:331,8
DA:332,8
DA:333,8
DA:334,8
DA:335,8
DA:336,8
DA:337,8
DA:339,8
DA:340,8
DA:341,8
DA:342,8
DA:343,12
DA:344,4
DA:345,4
DA:346,4
DA:347,4
DA:348,4
DA:349,4
DA:350,4
DA:351,4
DA:352,4
DA:353,4
DA:354,4
DA:355,4
DA:356,4
DA:357,4
DA:358,4
DA:359,4
DA:360,8
DA:361,12
DA:362,0
DA:363,0
DA:364,0
DA:365,0
DA:366,0
DA:367,0
DA:368,0
DA:369,0
DA:370,0
DA:371,12
DA:372,12
DA:373,12
DA:374,12
DA:375,12
DA:376,12
DA:377,12
DA:378,12
DA:380,0
DA:381,0
DA:382,0
DA:383,0
DA:384,0
DA:385,0
DA:386,0
DA:387,0
DA:388,0
DA:389,0
DA:390,0
DA:391,0
DA:392,0
DA:393,0
DA:394,0
DA:395,0
DA:396,0
DA:397,0
DA:398,0
DA:399,0
DA:400,0
DA:401,0
DA:402,0
DA:403,0
DA:404,0
DA:405,0
DA:406,12
DA:408,1
DA:409,1
DA:410,1
DA:411,1
DA:412,1
DA:413,1
DA:414,1
DA:415,1
DA:416,1
DA:417,1
DA:418,1
DA:419,1
DA:420,11
DA:422,4
DA:423,4
DA:424,4
DA:425,4
DA:426,4
DA:427,4
DA:428,4
DA:429,4
DA:430,4
DA:431,4
DA:432,4
DA:433,4
DA:434,4
DA:435,4
DA:438,7
DA:439,45
DA:440,4
DA:441,3
DA:442,81
DA:443,81
DA:447,14
DA:448,4
DA:449,4
DA:450,4
DA:451,4
DA:452,4
DA:454,2
DA:456,12
DA:457,12
DA:458,12
DA:459,12
DA:460,12
DA:461,12
DA:462,12
DA:463,12
DA:464,12
DA:465,12
DA:467,14
DA:468,14
DA:470,67
DA:471,67
DA:472,67
DA:473,67
DA:474,67
DA:475,67
DA:476,67
DA:477,67
DA:478,67
DA:479,67
DA:481,81
DA:484,12
DA:485,0
DA:486,0
DA:487,0
DA:488,0
DA:489,0
DA:490,0
DA:491,0
DA:492,0
DA:493,0
DA:494,0
DA:495,0
DA:496,0
DA:497,0
DA:498,0
DA:499,0
DA:500,0
DA:501,0
DA:502,0
DA:503,0
DA:504,0
DA:505,0
DA:506,0
DA:507,0
DA:509,0
DA:510,0
DA:511,0
DA:512,0
DA:513,0
DA:514,0
DA:515,0
DA:516,0
DA:517,0
DA:518,0
DA:519,0
DA:520,0
DA:521,0
DA:522,0
DA:523,0
DA:524,0
DA:525,0
DA:526,0
DA:527,0
DA:528,0
DA:529,0
DA:530,0
DA:531,0
DA:532,0
DA:533,0
DA:534,0
DA:535,0
DA:536,0
DA:537,12
DA:541,8
DA:542,0
DA:543,0
DA:544,8
DA:547,8
DA:548,8
DA:549,8
DA:550,8
DA:551,8
DA:552,8
DA:553,8
DA:554,8
DA:555,8
DA:556,8
DA:557,8
DA:558,8
DA:559,8
DA:560,8
DA:561,8
DA:563,8
DA:564,8
DA:565,0
DA:568,8
DA:569,0
DA:570,0
DA:571,0
DA:572,0
DA:573,0
DA:574,0
DA:575,0
DA:576,0
DA:577,0
DA:578,0
DA:579,0
DA:580,0
DA:581,0
DA:582,0
DA:583,0
DA:584,0
DA:585,0
DA:586,0
DA:587,0
DA:588,0
DA:589,0
DA:590,0
DA:591,0
DA:592,0
DA:593,0
DA:594,0
DA:595,0
DA:597,0
DA:599,0
DA:600,8
DA:602,8
DA:603,8
DA:604,0
DA:605,0
DA:606,8
DA:608,8
DA:609,0
DA:610,0
DA:611,0
DA:612,0
DA:613,0
DA:614,0
DA:615,0
DA:616,0
DA:617,0
DA:618,0
DA:619,0
DA:620,0
DA:621,0
DA:622,0
DA:623,0
DA:624,0
DA:625,0
DA:626,0
DA:627,0
DA:628,0
DA:629,0
DA:630,0
DA:631,0
DA:632,0
DA:633,0
DA:634,0
DA:635,0
DA:636,0
DA:637,0
DA:638,0
DA:639,0
DA:640,0
DA:641,0
DA:642,0
DA:643,0
DA:644,0
DA:645,0
DA:646,0
DA:647,0
DA:648,0
DA:649,0
DA:651,0
DA:652,0
DA:653,0
DA:655,0
DA:657,0
DA:658,0
DA:659,0
DA:660,0
DA:661,0
DA:662,0
DA:663,0
DA:664,0
DA:665,0
DA:666,0
DA:667,0
DA:668,0
DA:669,0
DA:670,0
DA:671,0
DA:672,0
DA:673,0
DA:674,0
DA:675,0
DA:676,0
DA:677,0
DA:678,0
DA:679,0
DA:680,0
DA:681,0
DA:682,0
DA:683,0
DA:684,0
DA:685,0
DA:686,0
DA:687,0
DA:688,0
DA:689,0
DA:690,0
DA:691,0
DA:692,0
DA:693,0
DA:694,0
DA:695,0
DA:696,0
DA:697,0
DA:698,0
DA:699,0
DA:700,0
DA:701,0
DA:702,0
DA:703,0
DA:704,0
DA:705,0
DA:706,0
DA:707,0
DA:708,0
DA:709,0
DA:710,0
DA:711,0
DA:712,0
DA:713,0
DA:714,0
DA:715,0
DA:716,0
DA:717,0
DA:718,0
DA:719,0
DA:720,0
DA:721,0
DA:722,0
DA:723,0
DA:724,0
DA:725,0
DA:726,0
DA:727,0
DA:728,0
DA:729,0
DA:730,0
DA:731,0
DA:732,0
DA:733,0
DA:734,0
DA:735,0
DA:736,0
DA:737,0
DA:738,0
DA:739,0
DA:740,0
DA:741,0
DA:742,0
DA:743,0
DA:744,0
DA:745,0
DA:746,0
DA:747,0
DA:748,0
DA:749,0
DA:750,0
DA:751,0
DA:752,0
DA:753,0
DA:754,0
DA:755,0
DA:756,0
DA:757,0
DA:758,0
DA:759,0
DA:760,0
DA:761,0
DA:762,0
DA:763,0
DA:764,0
DA:765,0
DA:766,0
DA:767,0
DA:768,0
DA:769,0
DA:770,0
DA:771,0
DA:772,0
DA:773,0
DA:774,0
DA:775,0
DA:776,0
DA:777,0
DA:778,0
DA:779,0
DA:780,0
DA:781,0
DA:782,0
DA:783,0
DA:784,0
DA:785,0
DA:786,0
DA:787,0
DA:788,0
DA:789,0
DA:790,0
DA:791,0
DA:792,0
DA:794,0
DA:795,0
DA:796,0
DA:797,0
DA:798,0
DA:799,0
DA:800,0
DA:801,0
DA:802,0
DA:803,0
DA:804,0
DA:805,0
DA:806,0
DA:807,0
DA:808,0
DA:809,0
DA:810,0
DA:811,0
DA:812,0
DA:813,0
DA:814,0
DA:815,0
DA:816,0
DA:817,0
DA:818,0
DA:819,0
DA:821,0
DA:822,0
DA:823,0
DA:824,0
DA:825,0
DA:826,0
DA:827,0
DA:828,0
DA:829,0
DA:830,0
DA:831,0
DA:833,0
DA:834,0
DA:835,0
DA:836,0
DA:837,0
DA:838,0
DA:839,0
DA:840,0
DA:841,0
DA:842,0
DA:843,0
DA:844,0
DA:845,0
DA:846,8
DA:847,8
DA:848,0
DA:849,8
DA:850,8
DA:851,8
DA:853,0
DA:854,0
DA:855,0
DA:856,0
DA:857,0
DA:858,0
DA:859,0
DA:860,0
DA:861,0
DA:862,0
DA:863,0
DA:864,0
DA:865,0
DA:877,2
DA:878,2
DA:879,2
DA:880,2
DA:881,9
DA:882,9
DA:883,1
DA:884,8
DA:885,1
DA:887,7
DA:891,9
DA:892,9
DA:893,1
DA:894,1
DA:895,1
DA:896,1
DA:897,1
DA:898,1
DA:899,1
DA:900,1
DA:901,1
DA:902,1
DA:903,8
DA:904,1
DA:905,1
DA:906,1
DA:907,1
DA:908,1
DA:909,1
DA:910,1
DA:911,1
DA:912,1
DA:913,1
DA:915,7
DA:916,7
DA:917,7
DA:918,7
DA:919,7
DA:920,7
DA:921,7
DA:922,7
DA:923,7
DA:924,7
DA:928,2
DA:929,2
DA:930,2
DA:931,2
DA:932,2
DA:933,2
DA:934,2
DA:935,2
DA:936,2
DA:937,2
DA:938,2
DA:939,2
DA:940,2
DA:941,2
DA:942,2
DA:945,18
DA:946,18
DA:947,2
DA:948,2
DA:949,14
DA:951,18
DA:954,0
DA:955,0
DA:956,0
DA:957,0
DA:958,0
DA:959,0
DA:960,0
DA:961,0
DA:962,0
DA:963,0
DA:964,0
DA:965,0
DA:966,0
DA:967,0
DA:968,0
DA:969,0
DA:970,0
DA:971,0
DA:972,0
DA:973,0
DA:974,0
DA:975,0
DA:976,0
DA:977,0
DA:978,0
DA:979,0
DA:980,0
DA:981,0
DA:982,0
DA:983,0
DA:984,0
DA:985,0
DA:987,0
DA:988,0
DA:989,0
DA:990,0
DA:991,0
DA:992,0
DA:994,0
DA:996,0
DA:997,0
DA:999,0
DA:1001,0
DA:1002,0
DA:1003,0
DA:1004,0
DA:1005,0
DA:1006,0
DA:1007,0
DA:1008,0
DA:1009,0
DA:1010,0
DA:1011,0
DA:1012,0
DA:1013,0
DA:1014,0
DA:1015,0
DA:1016,0
DA:1017,0
DA:1018,0
DA:1019,0
DA:1020,0
DA:1021,0
DA:1022,0
DA:1023,0
DA:1024,0
DA:1025,0
DA:1026,0
DA:1027,0
DA:1028,0
DA:1029,0
DA:1030,0
DA:1031,0
DA:1033,0
DA:1034,0
DA:1035,0
DA:1036,0
DA:1037,0
DA:1040,0
DA:1041,0
DA:1042,0
DA:1043,0
DA:1044,0
DA:1045,0
DA:1046,0
DA:1047,0
DA:1048,0
DA:1049,0
DA:1050,0
DA:1051,0
DA:1052,0
DA:1053,0
DA:1054,0
DA:1055,0
DA:1056,0
DA:1058,0
DA:1059,0
DA:1060,0
DA:1061,0
DA:1062,0
DA:1063,0
DA:1064,0
DA:1065,0
DA:1066,0
DA:1067,0
DA:1068,0
DA:1070,0
DA:1071,0
DA:1072,0
DA:1073,0
DA:1074,0
DA:1075,0
DA:1076,0
DA:1077,0
DA:1078,0
DA:1079,0
DA:1080,0
DA:1081,0
DA:1082,0
DA:1083,0
DA:1084,0
DA:1085,0
DA:1086,0
DA:1087,0
DA:1088,0
DA:1089,0
DA:1090,0
DA:1092,0
DA:1093,0
DA:1096,0
DA:1097,0
DA:1098,0
DA:1099,0
DA:1100,0
DA:1101,0
DA:1102,0
DA:1103,0
DA:1104,0
DA:1105,0
DA:1106,0
DA:1107,0
DA:1108,0
DA:1110,0
DA:1111,0
DA:1112,0
DA:1113,0
DA:1114,0
DA:1115,0
DA:1116,0
DA:1117,0
DA:1118,0
DA:1119,0
DA:1120,0
DA:1121,0
DA:1122,0
DA:1123,0
DA:1124,0
DA:1125,0
DA:1126,0
DA:1127,0
DA:1128,0
DA:1129,0
DA:1130,0
DA:1131,0
DA:1132,0
DA:1133,0
DA:1134,0
DA:1135,0
DA:1136,0
DA:1137,0
DA:1138,0
DA:1139,0
DA:1140,0
DA:1141,0
DA:1142,0
DA:1143,0
DA:1144,0
DA:1146,0
DA:1149,0
DA:1150,0
DA:1151,0
DA:1152,0
DA:1153,0
DA:1154,0
DA:1155,0
DA:1156,0
DA:1157,0
DA:1158,0
DA:1159,0
DA:1160,0
DA:1162,0
DA:1163,0
DA:1178,0
DA:1179,0
DA:1180,0
DA:1181,0
DA:1182,0
DA:1183,0
DA:1184,0
DA:1185,0
DA:1186,0
DA:1187,0
DA:1188,0
DA:1189,0
DA:1190,0
DA:1191,0
DA:1192,0
DA:1193,0
DA:1194,0
DA:1195,0
DA:1196,0
DA:1197,0
DA:1198,0
DA:1199,0
DA:1200,0
DA:1201,0
DA:1202,0
DA:1203,0
DA:1204,0
DA:1205,0
DA:1206,0
DA:1207,0
DA:1208,0
DA:1209,0
DA:1210,0
DA:1211,0
DA:1212,0
DA:1213,0
DA:1214,0
DA:1215,0
DA:1216,0
DA:1217,0
DA:1218,0
DA:1219,0
DA:1220,0
DA:1221,0
DA:1222,0
DA:1223,0
DA:1225,0
DA:1226,0
DA:1228,0
DA:1230,0
DA:1231,0
DA:1232,0
DA:1234,0
DA:1236,0
DA:1237,0
DA:1238,0
DA:1239,0
DA:1241,0
DA:1242,0
DA:1244,0
DA:1246,0
DA:1247,0
DA:1248,0
DA:1249,0
DA:1252,0
DA:1253,0
DA:1254,0
DA:1255,0
DA:1256,0
DA:1257,0
DA:1258,0
DA:1259,0
DA:1260,0
DA:1261,0
DA:1262,0
DA:1263,0
DA:1264,0
DA:1265,0
DA:1266,0
DA:1267,0
DA:1268,0
DA:1269,0
DA:1270,0
DA:1271,0
DA:1272,0
DA:1273,0
DA:1274,0
DA:1276,0
DA:1277,0
DA:1278,0
DA:1279,0
DA:1280,0
DA:1281,0
DA:1282,0
DA:1283,0
DA:1284,0
DA:1285,0
DA:1286,0
DA:1287,0
DA:1290,8
DA:1291,8
DA:1292,0
DA:1294,8
DA:1295,8
DA:1296,8
DA:1297,8
DA:1298,8
DA:1299,8
DA:1301,8
DA:1304,61
DA:1305,61
DA:1307,8
DA:1310,16
DA:1311,8
DA:1312,7
DA:1314,1
DA:1317,45
DA:1319,61
DA:1322,101
DA:1323,101
DA:1324,101
DA:1325,101
DA:1326,101
DA:1327,101
DA:1328,101
DA:1329,101
DA:1330,0
DA:1331,0
DA:1332,0
DA:1333,0
DA:1335,0
DA:1337,0
DA:1338,0
DA:1340,101
DA:1341,101
DA:1342,101
DA:1343,1043
DA:1344,0
DA:1346,1043
DA:1348,1043
DA:1349,101
DA:1352,101
DA:1353,24
DA:1354,77
DA:1355,0
DA:1356,77
DA:1357,8
DA:1358,8
DA:1359,8
DA:1360,8
DA:1361,8
DA:1362,8
DA:1363,8
DA:1364,292
DA:1365,0
DA:1367,292
DA:1369,292
DA:1370,8
DA:1371,8
DA:1373,69
DA:1374,69
DA:1375,69
DA:1376,69
DA:1377,69
DA:1378,69
DA:1379,69
DA:1380,2057
DA:1381,0
DA:1383,2057
DA:1385,2057
DA:1386,69
DA:1387,69
DA:1389,101
DA:1392,146
DA:1393,146
DA:1394,146
DA:1395,0
DA:1396,0
DA:1398,0
DA:1400,146
DA:1401,146
DA:1402,0
DA:1403,146
DA:1404,0
DA:1405,0
DA:1406,0
DA:1407,0
DA:1408,0
DA:1410,0
DA:1412,0
DA:1413,0
DA:1414,0
DA:1415,0
DA:1416,0
DA:1417,0
DA:1418,0
DA:1419,0
DA:1420,0
DA:1422,146
DA:1423,146
DA:1424,146
DA:1425,146
DA:1427,146
DA:1430,5
DA:1431,5
DA:1432,5
DA:1433,5
DA:1434,5
DA:1435,5
DA:1436,5
DA:1437,5
DA:1438,5
DA:1439,5
DA:1440,5
DA:1441,5
DA:1442,5
DA:1443,5
DA:1444,26
DA:1445,26
DA:1447,4
DA:1448,2
DA:1449,2
DA:1450,0
DA:1451,0
DA:1454,4
DA:1455,4
DA:1456,4
DA:1457,4
DA:1458,4
DA:1459,4
DA:1460,4
DA:1461,4
DA:1462,2
DA:1463,2
DA:1464,2
DA:1465,2
DA:1466,2
DA:1467,3
DA:1468,4
DA:1469,2
DA:1470,2
DA:1471,2
DA:1472,2
DA:1473,2
DA:1474,2
DA:1475,2
DA:1476,2
DA:1477,2
DA:1479,22
DA:1480,22
DA:1481,22
DA:1484,3
DA:1485,3
DA:1486,3
DA:1487,5
DA:1488,5
DA:1489,5
DA:1490,5
DA:1491,5
DA:1492,5
DA:1493,5
DA:1494,5
DA:1495,5
DA:1496,5
DA:1497,5
DA:1498,30
DA:1499,30
DA:1500,30
DA:1501,30
DA:1502,5
DA:1503,5
DA:1504,61
DA:1505,61
DA:1506,61
DA:1507,61
DA:1508,57
DA:1509,61
DA:1512,57
DA:1514,48
DA:1515,48
DA:1516,48
DA:1517,48
DA:1518,48
DA:1519,48
DA:1520,48
DA:1521,48
DA:1522,48
DA:1523,48
DA:1525,13
DA:1532,0
DA:1533,0
DA:1534,0
DA:1535,0
DA:1536,0
DA:1537,0
DA:1538,0
DA:1539,0
DA:1540,0
DA:1541,0
DA:1543,5
DA:1544,5
DA:1545,1
DA:1546,3
DA:1547,1
DA:1548,0
DA:1550,5
DA:1551,5
DA:1552,5
DA:1553,0
DA:1554,5
DA:1555,5
DA:1556,5
DA:1557,5
DA:1558,0
DA:1559,0
DA:1560,0
DA:1562,0
DA:1564,0
DA:1565,0
DA:1566,0
DA:1567,0
DA:1568,0
DA:1569,0
DA:1570,0
DA:1571,0
DA:1572,0
DA:1573,0
DA:1574,0
DA:1575,0
DA:1576,0
DA:1577,5
DA:1578,5
DA:1579,5
DA:1580,45
DA:1581,45
DA:1582,45
DA:1583,45
DA:1584,45
DA:1585,45
DA:1586,40
DA:1587,40
DA:1588,40
DA:1589,40
DA:1590,40
DA:1591,40
DA:1592,40
DA:1593,40
DA:1594,40
DA:1595,40
DA:1596,40
DA:1597,5
DA:1598,5
DA:1599,0
DA:1601,5
DA:1603,5
DA:1604,5
DA:1605,5
DA:1606,5
DA:1607,5
DA:1608,5
DA:1609,5
DA:1610,5
DA:1611,5
DA:1612,5
DA:1615,5
DA:1616,0
DA:1617,0
DA:1619,0
DA:1620,0
DA:1621,0
DA:1622,0
DA:1623,0
DA:1624,0
DA:1625,0
DA:1627,0
DA:1629,0
DA:1630,0
DA:1631,0
DA:1632,0
DA:1633,0
DA:1634,0
DA:1635,0
DA:1636,0
DA:1637,0
DA:1638,0
DA:1640,5
DA:1641,5
DA:1642,5
DA:1643,1
DA:1644,4
DA:1645,4
DA:1646,4
DA:1649,8
DA:1650,16
DA:1651,8
DA:1652,8
DA:1653,0
DA:1654,8
DA:1655,8
DA:1656,8
DA:1657,8
DA:1658,8
DA:1659,8
DA:1660,8
DA:1661,8
DA:1662,8
DA:1663,0
DA:1664,8
DA:1666,8
DA:1668,8
DA:1669,6
DA:1671,6
DA:1673,8
DA:1674,8
DA:1675,8
DA:1676,8
DA:1677,8
DA:1678,8
DA:1679,8
DA:1681,0
DA:1685,5
DA:1687,1
DA:1688,13
DA:1689,1
DA:1690,1
DA:1693,4
DA:1695,5
DA:1698,0
DA:1699,0
DA:1700,0
DA:1701,0
DA:1702,0
DA:1703,0
DA:1704,0
DA:1705,0
DA:1706,0
DA:1708,0
DA:1711,0
DA:1712,0
DA:1713,0
DA:1714,0
DA:1715,0
DA:1716,0
DA:1717,0
DA:1718,0
DA:1719,0
DA:1720,0
DA:1721,0
DA:1722,0
DA:1723,0
DA:1724,0
DA:1726,0
DA:1728,0
DA:1729,0
DA:1730,0
DA:1731,0
DA:1732,0
DA:1733,0
DA:1735,0
DA:1736,0
DA:1737,0
DA:1739,0
DA:1740,0
DA:1741,0
DA:1742,0
DA:1743,0
DA:1744,0
DA:1745,0
DA:1746,0
DA:1747,0
DA:1748,0
DA:1749,0
DA:1750,0
DA:1753,0
DA:1754,0
DA:1755,0
DA:1756,0
DA:1757,0
DA:1758,0
DA:1759,0
DA:1762,0
DA:1764,0
DA:1765,0
DA:1766,0
DA:1767,0
DA:1768,0
DA:1770,0
DA:1771,0
DA:1772,0
DA:1773,0
DA:1774,0
DA:1775,0
DA:1776,0
DA:1777,0
DA:1778,0
DA:1780,0
DA:1781,0
DA:1782,0
DA:1783,0
DA:1784,0
DA:1785,0
DA:1786,0
DA:1787,0
DA:1788,0
DA:1791,0
DA:1792,0
DA:1828,1
DA:1829,1
DA:1830,1
DA:1831,1
DA:1832,1
DA:1833,1
DA:1834,1
DA:1835,1
DA:1836,1
DA:1837,1
DA:1838,1
DA:1839,1
DA:1840,1
DA:1841,1
DA:1842,1
DA:1843,1
DA:1844,1
DA:1845,1
DA:1846,1
DA:1847,1
DA:1848,1
DA:1849,1
DA:1850,1
DA:1851,1
DA:1852,1
DA:1853,1
DA:1854,1
DA:1855,1
DA:1856,1
DA:1857,1
DA:1858,1
DA:1859,1
DA:1860,1
DA:1861,1
DA:1862,1
DA:1863,1
DA:1864,1
DA:1865,1
DA:1866,1
DA:1867,1
DA:1868,1
DA:1869,1
DA:1870,1
DA:1871,1
DA:1872,1
DA:1873,1
DA:1874,1
DA:1875,1
DA:1876,1
DA:1877,1
DA:1878,1
DA:1879,1
DA:1880,1
DA:1881,1
DA:1882,1
DA:1883,1
DA:1884,1
DA:1885,1
DA:1886,1
DA:1887,1
DA:1888,1
DA:1889,1
DA:1890,1
DA:1891,1
DA:1892,1
DA:1893,1
DA:1894,1
DA:1895,1
DA:1896,1
DA:1897,1
DA:1898,1
DA:1899,1
DA:1900,1
DA:1901,1
DA:1902,1
DA:1903,1
DA:1904,1
DA:1905,1
DA:1906,1
DA:1907,1
DA:1908,1
DA:1909,1
DA:1910,1
DA:1911,1
DA:1912,1
DA:1913,1
DA:1914,1
DA:1915,1
DA:1916,1
DA:1917,1
DA:1918,1
DA:1919,1
DA:1920,1
DA:1921,1
DA:1922,1
DA:1923,1
DA:1924,1
DA:1925,1
DA:1926,1
DA:1927,1
DA:1928,1
DA:1929,1
DA:1930,1
DA:1931,1
DA:1932,1
DA:1933,1
DA:1934,1
DA:1935,1
DA:1936,1
DA:1937,1
DA:1938,1
DA:1939,1
DA:1940,1
DA:1941,1
DA:1942,1
DA:1943,1
DA:1944,1
DA:1945,1
DA:1946,1
DA:1947,1
DA:1948,1
DA:1949,1
DA:1950,1
DA:1951,1
DA:1952,1
DA:1953,1
DA:1954,1
DA:1955,1
DA:1956,1
DA:1957,1
DA:1958,1
DA:1959,1
DA:1960,1
DA:1961,1
DA:1962,1
DA:1963,1
DA:1964,1
DA:1965,1
DA:1966,1
DA:1967,1
DA:1968,1
DA:1969,1
DA:1970,1
DA:1971,1
DA:1972,1
DA:1973,1
DA:1974,1
DA:1975,1
DA:1976,1
DA:1977,1
DA:1978,1
DA:1979,1
DA:1980,1
DA:1981,1
DA:1982,1
DA:1983,1
DA:1984,1
DA:1985,1
DA:1986,1
DA:1987,1
DA:1988,1
DA:1989,1
DA:1990,1
DA:1991,1
DA:1992,1
DA:1993,1
DA:1994,1
DA:1995,1
DA:1996,1
DA:1997,1
DA:1998,1
DA:1999,1
DA:2000,1
DA:2001,1
DA:2002,1
DA:2003,1
DA:2004,1
DA:2005,1
DA:2006,1
DA:2007,1
DA:2008,1
DA:2009,1
DA:2010,1
DA:2011,1
DA:2012,1
DA:2013,1
DA:2014,1
DA:2015,1
DA:2016,1
DA:2017,1
DA:2018,1
DA:2019,1
DA:2020,1
DA:2021,1
DA:2022,1
DA:2023,1
DA:2024,1
DA:2025,1
DA:2026,1
DA:2027,1
DA:2028,1
DA:2029,1
DA:2030,1
DA:2031,1
DA:2032,1
DA:2033,1
DA:2034,1
DA:2035,1
DA:2036,1
DA:2037,1
DA:2038,1
DA:2039,1
DA:2040,1
DA:2041,1
DA:2042,1
DA:2043,1
DA:2044,1
DA:2045,1
DA:2046,1
DA:2047,1
DA:2048,1
DA:2049,1
DA:2050,1
DA:2051,1
DA:2052,1
DA:2053,1
DA:2054,1
DA:2055,1
DA:2056,1
DA:2057,1
DA:2058,1
DA:2059,1
DA:2060,1
DA:2061,1
DA:2062,1
DA:2063,1
DA:2064,1
DA:2065,1
DA:2066,1
DA:2067,1
DA:2068,1
DA:2069,1
DA:2070,1
DA:2071,1
DA:2072,1
DA:2073,1
DA:2074,1
DA:2075,1
DA:2076,1
DA:2077,1
DA:2078,1
DA:2079,1
DA:2080,1
DA:2081,1
DA:2082,1
DA:2083,1
DA:2084,1
DA:2085,1
DA:2086,1
DA:2087,1
DA:2088,1
DA:2089,1
DA:2090,1
DA:2091,1
DA:2092,1
DA:2093,1
DA:2094,1
DA:2095,1
DA:2096,1
DA:2097,1
DA:2098,1
DA:2099,1
DA:2100,1
DA:2101,1
DA:2102,1
DA:2103,1
DA:2104,1
DA:2105,1
DA:2106,1
DA:2107,1
DA:2108,1
DA:2109,1
DA:2110,1
DA:2111,1
DA:2112,1
DA:2113,1
DA:2114,1
DA:2115,1
DA:2116,1
DA:2117,1
DA:2118,1
DA:2119,1
DA:2120,1
DA:2121,1
DA:2122,1
DA:2123,1
DA:2124,1
DA:2125,1
DA:2126,1
DA:2127,1
DA:2128,1
DA:2129,1
DA:2130,1
DA:2131,1
DA:2132,1
DA:2133,1
DA:2135,1
DA:2136,1
DA:2137,1
DA:2138,1
DA:2139,1
DA:2140,1
DA:2141,1
DA:2142,1
DA:2143,1
DA:2144,1
DA:2145,1
DA:2146,0
DA:2147,1
DA:2148,1
DA:2151,1
DA:2152,1
DA:2154,1
DA:2155,1
DA:2156,1
DA:2157,1
DA:2158,1
DA:2159,1
DA:2160,1
DA:2161,1
DA:2162,1
DA:2163,1
DA:2164,1
DA:2165,1
DA:2166,1
DA:2167,1
DA:2168,1
DA:2169,1
DA:2170,1
DA:2171,1
DA:2172,1
DA:2173,1
DA:2174,1
DA:2175,1
DA:2176,1
DA:2177,1
DA:2178,1
DA:2179,1
DA:2180,1
DA:2181,1
DA:2182,1
DA:2183,1
DA:2184,1
DA:2185,1
DA:2186,1
DA:2187,1
DA:2188,1
DA:2189,1
DA:2190,1
DA:2191,1
DA:2192,1
DA:2193,1
DA:2194,1
DA:2195,1
DA:2196,1
DA:2197,1
DA:2198,1
DA:2199,1
DA:2200,1
DA:2201,1
DA:2202,1
DA:2203,1
DA:2204,1
DA:2205,1
DA:2206,1
DA:2207,1
DA:2208,1
DA:2209,1
DA:2210,1
DA:2211,1
DA:2212,1
DA:2213,1
DA:2214,1
DA:2215,1
DA:2216,1
DA:2217,1
DA:2218,1
DA:2219,1
DA:2220,1
DA:2221,1
DA:2222,1
DA:2223,1
DA:2224,1
DA:2225,1
DA:2226,1
DA:2227,1
DA:2228,1
DA:2229,1
DA:2230,1
DA:2231,1
DA:2232,1
DA:2233,1
DA:2234,1
DA:2235,1
DA:2236,1
DA:2237,1
DA:2238,1
DA:2239,1
DA:2240,1
DA:2241,1
DA:2242,1
DA:2243,1
DA:2244,1
DA:2245,1
DA:2246,1
DA:2247,1
DA:2248,1
DA:2249,1
DA:2250,1
DA:2251,1
DA:2252,1
DA:2253,1
DA:2254,1
DA:2255,1
DA:2256,1
DA:2257,1
DA:2258,1
DA:2259,1
DA:2260,1
DA:2261,1
DA:2262,1
DA:2263,1
DA:2264,1
DA:2265,1
DA:2266,1
DA:2267,1
DA:2268,1
DA:2269,1
DA:2270,1
DA:2271,1
DA:2272,1
DA:2273,1
DA:2274,1
DA:2275,1
DA:2276,1
DA:2277,1
DA:2278,1
DA:2279,1
DA:2280,1
DA:2281,1
DA:2282,1
DA:2283,1
DA:2284,1
DA:2285,1
DA:2286,1
DA:2287,1
DA:2288,1
DA:2289,1
DA:2290,1
DA:2291,1
DA:2292,1
DA:2293,1
DA:2294,1
DA:2295,1
DA:2296,1
DA:2297,1
DA:2298,1
DA:2299,1
DA:2300,1
DA:2301,1
DA:2302,1
DA:2303,1
DA:2304,1
DA:2305,1
DA:2306,1
DA:2307,1
DA:2308,1
DA:2309,1
DA:2310,1
DA:2311,1
DA:2312,1
DA:2313,1
DA:2314,1
DA:2315,1
DA:2316,1
DA:2317,1
DA:2318,1
DA:2319,1
DA:2320,1
DA:2321,1
DA:2322,1
DA:2323,1
DA:2324,1
DA:2325,1
DA:2326,1
DA:2327,1
DA:2328,1
DA:2329,1
DA:2330,1
DA:2331,1
DA:2332,1
DA:2333,1
DA:2334,1
DA:2335,1
DA:2336,1
DA:2337,1
DA:2338,1
DA:2339,1
DA:2340,1
DA:2341,1
DA:2342,1
DA:2343,1
DA:2344,1
DA:2345,1
DA:2346,1
DA:2347,1
DA:2348,1
DA:2349,1
DA:2350,1
DA:2351,1
DA:2352,1
DA:2353,1
DA:2354,1
DA:2355,1
DA:2356,1
DA:2357,1
DA:2358,1
DA:2359,1
DA:2360,1
DA:2361,1
DA:2362,1
DA:2363,1
DA:2364,1
DA:2365,1
DA:2366,1
DA:2367,1
DA:2368,1
DA:2369,1
DA:2370,1
DA:2371,1
DA:2372,1
DA:2373,1
DA:2374,1
DA:2375,1
DA:2376,1
DA:2377,1
DA:2378,1
DA:2379,1
DA:2380,1
DA:2381,1
DA:2382,1
DA:2383,1
DA:2384,1
DA:2385,1
DA:2386,1
DA:2387,1
DA:2388,1
DA:2389,1
DA:2390,1
DA:2391,1
DA:2392,1
DA:2393,1
DA:2394,1
DA:2395,1
DA:2396,1
DA:2397,1
DA:2398,1
DA:2399,1
DA:2400,1
DA:2401,1
DA:2402,1
DA:2403,1
DA:2404,1
DA:2405,1
DA:2406,1
DA:2407,1
DA:2408,1
DA:2409,1
DA:2410,1
DA:2411,1
DA:2412,1
DA:2413,1
DA:2414,1
DA:2415,1
DA:2416,1
DA:2417,1
DA:2418,1
DA:2419,1
DA:2420,1
DA:2421,1
DA:2422,1
DA:2423,1
DA:2424,1
DA:2425,1
DA:2426,1
DA:2427,1
DA:2428,1
DA:2429,1
DA:2430,1
DA:2431,1
DA:2432,1
DA:2433,1
DA:2434,1
DA:2435,1
DA:2436,1
DA:2437,1
DA:2438,1
DA:2439,1
DA:2440,1
DA:2441,1
DA:2442,1
DA:2443,1
DA:2444,1
DA:2445,1
DA:2446,1
DA:2447,1
DA:2449,1
DA:2450,1
DA:2451,1
DA:2452,1
DA:2453,1
DA:2454,1
DA:2455,1
DA:2456,1
DA:2457,1
DA:2458,1
DA:2459,1
DA:2460,0
DA:2461,1
DA:2462,1
DA:2465,1
DA:2466,1
DA:2468,1
DA:2469,1
DA:2470,1
DA:2471,1
DA:2472,1
DA:2473,1
DA:2474,1
DA:2475,1
DA:2476,1
DA:2477,1
DA:2478,1
DA:2479,1
DA:2480,1
DA:2481,1
DA:2482,1
DA:2483,1
DA:2484,1
DA:2485,1
DA:2486,1
DA:2487,1
DA:2488,1
DA:2489,1
DA:2490,1
DA:2491,1
DA:2492,1
DA:2493,1
DA:2494,1
DA:2495,1
DA:2496,1
DA:2497,1
DA:2498,1
DA:2499,1
DA:2500,1
DA:2501,1
DA:2502,1
DA:2503,1
DA:2504,1
DA:2505,1
DA:2506,1
DA:2507,1
DA:2508,1
DA:2509,1
DA:2510,1
DA:2511,1
DA:2512,1
DA:2513,1
DA:2514,1
DA:2515,1
DA:2516,1
DA:2517,1
DA:2518,1
DA:2519,1
DA:2520,1
DA:2521,1
DA:2522,1
DA:2523,1
DA:2524,1
DA:2525,1
DA:2526,1
DA:2527,1
DA:2528,1
DA:2529,1
DA:2530,1
DA:2531,1
DA:2532,1
DA:2533,1
DA:2534,1
DA:2535,1
DA:2536,1
DA:2537,1
DA:2538,1
DA:2539,1
DA:2540,1
DA:2541,1
DA:2542,1
DA:2543,1
DA:2544,1
DA:2545,1
DA:2546,1
DA:2547,1
DA:2548,1
DA:2549,1
DA:2550,1
DA:2551,1
DA:2552,1
DA:2553,1
DA:2554,1
DA:2555,1
DA:2556,1
DA:2557,1
DA:2558,1
DA:2559,1
DA:2560,1
DA:2561,1
DA:2562,1
DA:2563,1
DA:2564,1
DA:2565,1
DA:2566,1
DA:2567,1
DA:2568,1
DA:2569,1
DA:2570,1
DA:2571,1
DA:2572,1
DA:2573,1
DA:2574,1
DA:2575,1
DA:2576,1
DA:2577,1
DA:2578,1
DA:2579,1
DA:2580,1
DA:2581,1
DA:2582,1
DA:2583,1
DA:2584,1
DA:2585,1
DA:2586,1
DA:2587,1
DA:2588,1
DA:2589,1
DA:2590,1
DA:2591,1
DA:2592,1
DA:2593,1
DA:2594,1
DA:2595,1
DA:2596,1
DA:2597,1
DA:2598,1
DA:2599,1
DA:2600,1
DA:2601,1
DA:2602,1
DA:2603,1
DA:2604,1
DA:2605,1
DA:2606,1
DA:2607,1
DA:2608,1
DA:2609,1
DA:2610,1
DA:2611,1
DA:2612,1
DA:2613,1
DA:2614,1
DA:2615,1
DA:2616,1
DA:2617,1
DA:2618,1
DA:2619,1
DA:2620,1
DA:2621,1
DA:2622,1
DA:2623,1
DA:2624,1
DA:2625,1
DA:2626,1
DA:2627,1
DA:2628,1
DA:2629,1
DA:2630,1
DA:2631,1
DA:2632,1
DA:2633,1
DA:2634,1
DA:2635,1
DA:2636,1
DA:2637,1
DA:2638,1
DA:2639,1
DA:2640,1
DA:2641,1
DA:2642,1
DA:2643,1
DA:2644,1
DA:2645,1
DA:2646,1
DA:2647,1
DA:2648,1
DA:2649,1
DA:2650,1
DA:2651,1
DA:2652,1
DA:2653,1
DA:2654,1
DA:2655,1
DA:2656,1
DA:2657,1
DA:2658,1
DA:2659,1
DA:2660,1
DA:2661,1
DA:2662,1
DA:2663,1
DA:2664,1
DA:2665,1
DA:2666,1
DA:2667,1
DA:2668,1
DA:2669,1
DA:2670,1
DA:2671,1
DA:2672,1
DA:2673,1
DA:2674,1
DA:2675,1
DA:2676,1
DA:2677,1
DA:2678,1
DA:2679,1
DA:2680,1
DA:2681,1
DA:2682,1
DA:2683,1
DA:2684,1
DA:2685,1
DA:2686,1
DA:2687,1
DA:2688,1
DA:2689,1
DA:2690,1
DA:2691,1
DA:2692,1
DA:2693,1
DA:2694,1
DA:2695,1
DA:2696,1
DA:2697,1
DA:2698,1
DA:2699,1
DA:2700,1
DA:2701,1
DA:2702,1
DA:2703,1
DA:2704,1
DA:2705,1
DA:2706,1
DA:2707,1
DA:2708,1
DA:2709,1
DA:2710,1
DA:2711,1
DA:2712,1
DA:2713,1
DA:2714,1
DA:2715,1
DA:2716,1
DA:2717,1
DA:2718,1
DA:2719,1
DA:2720,1
DA:2721,1
DA:2722,1
DA:2723,1
DA:2724,1
DA:2725,1
DA:2726,1
DA:2727,1
DA:2728,1
DA:2729,1
DA:2730,1
DA:2731,1
DA:2732,1
DA:2733,1
DA:2734,1
DA:2735,1
DA:2736,1
DA:2737,1
DA:2738,1
DA:2739,1
DA:2740,1
DA:2741,1
DA:2742,1
DA:2743,1
DA:2744,1
DA:2745,1
DA:2746,1
DA:2747,1
DA:2748,1
DA:2749,1
DA:2750,1
DA:2751,1
DA:2752,1
DA:2753,1
DA:2754,1
DA:2755,1
DA:2756,1
DA:2757,1
DA:2758,1
DA:2759,1
DA:2760,1
DA:2761,1
DA:2762,1
DA:2763,1
DA:2764,1
DA:2765,1
DA:2766,1
DA:2767,1
DA:2768,1
DA:2769,1
DA:2770,1
DA:2772,1
DA:2773,1
DA:2774,1
DA:2775,1
DA:2776,1
DA:2777,1
DA:2778,1
DA:2779,1
DA:2780,1
DA:2781,1
DA:2782,1
DA:2783,0
DA:2784,1
DA:2785,1
DA:2788,1
DA:2789,1
DA:2791,1
DA:2792,1
DA:2793,1
DA:2794,1
DA:2795,1
DA:2796,1
DA:2797,1
DA:2798,1
DA:2799,1
DA:2800,1
DA:2801,1
DA:2802,1
DA:2803,1
DA:2804,1
DA:2805,1
DA:2806,1
DA:2807,1
DA:2808,1
DA:2809,1
DA:2810,1
DA:2811,1
DA:2812,1
DA:2813,1
DA:2814,1
DA:2815,1
DA:2816,1
DA:2817,1
DA:2818,1
DA:2819,1
DA:2820,1
DA:2821,1
DA:2822,1
DA:2823,1
DA:2824,1
DA:2825,1
DA:2826,1
DA:2827,1
DA:2828,1
DA:2829,1
DA:2830,1
DA:2831,1
DA:2832,1
DA:2833,1
DA:2834,1
DA:2835,1
DA:2836,1
DA:2837,1
DA:2838,1
DA:2839,1
DA:2840,1
DA:2841,1
DA:2842,1
DA:2843,1
DA:2844,1
DA:2845,1
DA:2846,1
DA:2847,1
DA:2848,1
DA:2849,1
DA:2850,1
DA:2851,1
DA:2852,1
DA:2853,1
DA:2854,1
DA:2855,1
DA:2856,1
DA:2857,1
DA:2858,1
DA:2859,1
DA:2860,1
DA:2861,1
DA:2862,1
DA:2863,1
DA:2864,1
DA:2865,1
DA:2866,1
DA:2867,1
DA:2868,1
DA:2869,1
DA:2870,1
DA:2871,1
DA:2872,1
DA:2873,1
DA:2874,1
DA:2875,1
DA:2876,1
DA:2877,1
DA:2878,1
DA:2879,1
DA:2880,1
DA:2881,1
DA:2882,1
DA:2883,1
DA:2884,1
DA:2885,1
DA:2886,1
DA:2887,1
DA:2888,1
DA:2889,1
DA:2890,1
DA:2891,1
DA:2892,1
DA:2893,1
DA:2894,1
DA:2895,1
DA:2896,1
DA:2897,1
DA:2898,1
DA:2899,1
DA:2900,1
DA:2901,1
DA:2902,1
DA:2903,1
DA:2904,1
DA:2905,1
DA:2906,1
DA:2907,1
DA:2908,1
DA:2909,1
DA:2910,1
DA:2911,1
DA:2912,1
DA:2913,1
DA:2914,1
DA:2915,1
DA:2916,1
DA:2917,1
DA:2918,1
DA:2919,1
DA:2920,1
DA:2921,1
DA:2922,1
DA:2923,1
DA:2924,1
DA:2925,1
DA:2926,1
DA:2927,1
DA:2928,1
DA:2929,1
DA:2930,1
DA:2931,1
DA:2932,1
DA:2933,1
DA:2934,1
DA:2935,1
DA:2936,1
DA:2937,1
DA:2938,1
DA:2939,1
DA:2940,1
DA:2941,1
DA:2942,1
DA:2943,1
DA:2944,1
DA:2945,1
DA:2946,1
DA:2947,1
DA:2948,1
DA:2949,1
DA:2950,1
DA:2951,1
DA:2952,1
DA:2953,1
DA:2954,1
DA:2955,1
DA:2956,1
DA:2957,1
DA:2958,1
DA:2959,1
DA:2960,1
DA:2961,1
DA:2962,1
DA:2963,1
DA:2964,1
DA:2965,1
DA:2966,1
DA:2967,1
DA:2968,1
DA:2969,1
DA:2970,1
DA:2971,1
DA:2972,1
DA:2973,1
DA:2974,1
DA:2975,1
DA:2976,1
DA:2977,1
DA:2978,1
DA:2979,1
DA:2980,1
DA:2981,1
DA:2982,1
DA:2983,1
DA:2984,1
DA:2985,1
DA:2986,1
DA:2987,1
DA:2988,1
DA:2989,1
DA:2990,1
DA:2991,1
DA:2992,1
DA:2993,1
DA:2994,1
DA:2995,1
DA:2996,1
DA:2997,1
DA:2998,1
DA:2999,1
DA:3000,1
DA:3001,1
DA:3002,1
DA:3003,1
DA:3004,1
DA:3005,1
DA:3006,1
DA:3007,1
DA:3008,1
DA:3009,1
DA:3010,1
DA:3011,1
DA:3012,1
DA:3013,1
DA:3014,1
DA:3015,1
DA:3016,1
DA:3017,1
DA:3018,1
DA:3019,1
DA:3020,1
DA:3021,1
DA:3022,1
DA:3023,1
DA:3024,1
DA:3025,1
DA:3026,1
DA:3027,1
DA:3028,1
DA:3029,1
DA:3030,1
DA:3031,1
DA:3032,1
DA:3033,1
DA:3034,1
DA:3035,1
DA:3036,1
DA:3037,1
DA:3038,1
DA:3039,1
DA:3040,1
DA:3041,1
DA:3042,1
DA:3043,1
DA:3044,1
DA:3045,1
DA:3046,1
DA:3047,1
DA:3048,1
DA:3049,1
DA:3050,1
DA:3051,1
DA:3052,1
DA:3053,1
DA:3054,1
DA:3055,1
DA:3056,1
DA:3057,1
DA:3058,1
DA:3059,1
DA:3060,1
DA:3061,1
DA:3062,1
DA:3063,1
DA:3064,1
DA:3065,1
DA:3066,1
DA:3067,1
DA:3068,1
DA:3069,1
DA:3070,1
DA:3071,1
DA:3072,1
DA:3073,1
DA:3074,1
DA:3075,1
DA:3076,1
DA:3077,1
DA:3078,1
DA:3079,1
DA:3080,1
DA:3081,1
DA:3082,1
DA:3083,1
DA:3084,1
DA:3085,1
DA:3086,1
DA:3087,1
DA:3088,1
DA:3089,1
DA:3090,1
DA:3091,1
DA:3092,1
DA:3093,1
DA:3094,1
DA:3095,1
DA:3096,1
DA:3097,1
DA:3098,1
DA:3099,1
DA:3100,1
DA:3101,1
DA:3102,1
DA:3103,1
DA:3104,1
DA:3105,1
DA:3106,1
DA:3107,1
DA:3108,1
DA:3109,1
DA:3110,1
DA:3111,1
DA:3112,1
DA:3113,1
DA:3114,1
DA:3115,1
DA:3116,1
DA:3117,1
DA:3118,1
DA:3119,1
DA:3120,1
DA:3121,1
DA:3122,1
DA:3123,1
DA:3124,1
DA:3125,1
DA:3126,1
DA:3127,1
DA:3128,1
DA:3129,1
DA:3130,1
DA:3131,1
DA:3132,1
DA:3133,1
DA:3134,1
DA:3135,1
DA:3136,1
DA:3137,1
DA:3138,1
DA:3139,1
DA:3140,1
DA:3141,1
DA:3142,1
DA:3143,1
DA:3144,1
DA:3145,1
DA:3146,1
DA:3147,1
DA:3148,1
DA:3149,1
DA:3150,2
DA:3151,2
DA:3152,26
DA:3153,26
DA:3154,26
DA:3155,24
DA:3156,24
DA:3157,2
DA:3158,2
DA:3160,2
DA:3161,2
DA:3162,1
DA:3163,1
DA:3164,2
DA:3167,1
DA:3168,1
DA:3170,1
DA:3171,1
DA:3172,1
DA:3173,1
DA:3174,1
DA:3175,1
DA:3176,1
DA:3177,1
DA:3178,1
DA:3179,1
DA:3180,1
DA:3181,0
DA:3182,1
DA:3183,1
DA:3186,1
DA:3187,1
DA:3189,1
DA:3190,1
DA:3191,1
DA:3192,1
DA:3193,1
DA:3194,1
DA:3195,1
DA:3196,1
DA:3197,1
DA:3198,1
DA:3199,1
DA:3200,1
DA:3201,1
DA:3202,1
DA:3203,1
DA:3204,1
DA:3205,1
DA:3206,1
DA:3207,1
DA:3208,1
DA:3209,1
DA:3210,1
DA:3211,1
DA:3212,1
DA:3213,1
DA:3214,1
DA:3215,1
DA:3216,1
DA:3217,1
DA:3218,1
DA:3219,1
DA:3220,1
DA:3221,1
DA:3222,1
DA:3223,1
DA:3224,1
DA:3225,1
DA:3226,1
DA:3227,1
DA:3228,1
DA:3229,1
DA:3230,1
DA:3231,1
DA:3232,1
DA:3233,1
DA:3234,1
DA:3235,1
DA:3236,1
DA:3237,1
DA:3238,1
DA:3239,1
DA:3240,1
DA:3241,1
DA:3242,1
DA:3243,1
DA:3244,1
DA:3245,1
DA:3246,1
DA:3247,1
DA:3248,1
DA:3249,1
DA:3250,1
DA:3251,1
DA:3252,1
DA:3253,1
DA:3254,1
DA:3255,1
DA:3256,1
DA:3257,1
DA:3258,1
DA:3259,1
DA:3260,1
DA:3261,1
DA:3262,1
DA:3263,1
DA:3264,1
DA:3265,1
DA:3266,1
DA:3267,1
DA:3268,1
DA:3269,1
DA:3270,1
DA:3271,1
DA:3272,1
DA:3273,1
DA:3274,1
DA:3275,1
DA:3276,1
DA:3277,1
DA:3278,1
DA:3279,1
DA:3280,1
DA:3281,1
DA:3282,1
DA:3283,1
DA:3284,1
DA:3285,1
DA:3286,1
DA:3287,1
DA:3288,1
DA:3289,1
DA:3290,1
DA:3291,1
DA:3292,1
DA:3293,1
DA:3294,1
DA:3295,1
DA:3296,1
DA:3297,1
DA:3298,1
DA:3299,1
DA:3300,1
DA:3301,1
DA:3302,1
DA:3303,1
DA:3304,1
DA:3305,1
DA:3306,1
DA:3307,1
DA:3308,1
DA:3309,1
DA:3310,1
DA:3311,1
DA:3312,1
DA:3313,1
DA:3314,1
DA:3315,1
DA:3316,1
DA:3317,1
DA:3318,1
DA:3320,1
DA:3321,1
DA:3322,1
DA:3323,1
DA:3324,1
DA:3325,1
DA:3326,0
DA:3327,0
DA:3329,1
DA:3331,1
DA:3333,1
DA:3334,1
DA:3335,1
DA:3336,1
DA:3338,1
DA:3339,1
DA:3340,1
DA:3341,1
DA:3342,1
DA:3343,1
DA:3344,1
DA:3345,1
DA:3346,1
DA:3347,1
DA:3348,1
DA:3349,1
DA:3350,1
DA:3351,1
DA:3352,1
DA:3353,1
DA:3354,1
DA:3355,1
DA:3356,1
DA:3357,1
DA:3358,1
DA:3359,1
DA:3360,1
DA:3361,1
DA:3362,1
DA:3363,1
DA:3364,1
DA:3365,1
DA:3366,1
DA:3367,1
DA:3368,1
DA:3369,1
DA:3370,1
DA:3371,1
DA:3372,1
DA:3373,1
DA:3374,1
DA:3375,1
DA:3376,1
DA:3377,1
DA:3378,1
DA:3379,1
DA:3380,1
DA:3381,1
DA:3382,1
DA:3383,1
DA:3384,1
DA:3385,1
DA:3386,1
DA:3387,1
DA:3388,1
DA:3389,1
DA:3390,1
DA:3391,1
DA:3392,1
DA:3393,1
DA:3394,1
DA:3395,1
DA:3396,1
DA:3397,1
DA:3398,1
DA:3399,1
DA:3400,1
DA:3401,1
DA:3402,1
DA:3403,1
DA:3404,1
DA:3405,1
DA:3406,1
DA:3407,1
DA:3408,1
DA:3409,1
DA:3410,1
DA:3411,1
DA:3412,1
DA:3413,1
DA:3414,1
DA:3415,1
DA:3416,1
DA:3417,1
DA:3418,1
DA:3419,1
DA:3420,1
DA:3421,1
DA:3422,1
DA:3423,1
DA:3424,1
DA:3425,1
DA:3426,1
DA:3427,1
DA:3428,1
DA:3429,1
DA:3430,1
DA:3431,1
DA:3432,1
DA:3433,1
DA:3434,1
DA:3435,1
DA:3436,1
DA:3437,1
DA:3438,1
DA:3439,1
DA:3440,1
DA:3441,1
DA:3442,1
DA:3443,1
DA:3444,1
DA:3445,1
DA:3446,1
DA:3447,1
DA:3448,1
DA:3449,1
DA:3450,1
DA:3451,1
DA:3452,1
DA:3453,1
DA:3454,1
DA:3455,1
DA:3456,1
DA:3457,1
DA:3458,1
DA:3459,1
DA:3460,1
DA:3461,1
DA:3462,1
DA:3463,1
DA:3464,1
DA:3465,1
DA:3466,1
DA:3467,1
DA:3468,1
DA:3469,1
DA:3470,1
DA:3471,1
DA:3472,1
DA:3473,1
DA:3474,1
DA:3475,1
DA:3476,1
DA:3477,1
DA:3478,1
DA:3479,1
DA:3480,1
DA:3481,1
DA:3482,1
DA:3483,1
DA:3484,1
DA:3485,1
DA:3486,1
DA:3487,1
DA:3488,1
DA:3489,1
DA:3490,1
DA:3491,1
DA:3492,1
DA:3493,1
DA:3494,1
DA:3495,1
DA:3496,1
DA:3497,1
DA:3498,1
DA:3499,1
DA:3500,1
DA:3501,1
DA:3502,1
DA:3503,1
DA:3504,1
DA:3505,1
DA:3506,1
DA:3507,1
DA:3508,1
DA:3509,1
DA:3510,1
DA:3511,1
DA:3512,1
DA:3513,1
DA:3514,1
DA:3515,1
DA:3516,1
DA:3517,1
DA:3518,1
DA:3519,1
DA:3520,1
DA:3521,1
DA:3522,1
DA:3523,1
DA:3524,1
DA:3525,1
DA:3526,1
DA:3527,1
DA:3528,1
DA:3529,1
DA:3530,1
DA:3531,1
DA:3532,1
DA:3533,1
DA:3534,1
DA:3535,1
DA:3536,1
DA:3537,1
DA:3538,1
DA:3539,1
DA:3540,1
DA:3541,1
DA:3542,1
DA:3543,1
DA:3544,1
DA:3545,1
DA:3546,1
DA:3547,1
DA:3548,1
DA:3549,1
DA:3550,1
DA:3551,1
DA:3552,1
DA:3553,1
DA:3554,1
DA:3555,1
DA:3556,1
DA:3557,1
DA:3558,1
DA:3559,1
DA:3560,1
DA:3561,1
DA:3562,1
DA:3563,1
DA:3564,1
DA:3565,1
DA:3566,1
DA:3567,1
DA:3568,1
DA:3569,1
DA:3570,1
DA:3571,1
DA:3572,1
DA:3573,1
DA:3574,1
DA:3575,1
DA:3576,1
DA:3577,1
DA:3578,1
DA:3579,1
DA:3580,1
DA:3581,1
DA:3582,1
DA:3583,1
DA:3584,1
DA:3585,1
DA:3586,1
DA:3587,1
DA:3588,1
DA:3589,1
DA:3590,1
DA:3591,1
DA:3592,1
DA:3593,0
DA:3594,1
DA:3595,1
DA:3598,1
DA:3599,1
DA:3601,1
DA:3602,1
DA:3603,1
DA:3604,1
DA:3605,1
DA:3606,1
DA:3607,1
DA:3608,1
DA:3609,1
DA:3610,1
DA:3611,1
DA:3612,1
DA:3613,1
DA:3614,1
DA:3615,1
DA:3616,1
DA:3617,1
DA:3618,1
DA:3619,1
DA:3620,1
DA:3621,1
DA:3622,1
DA:3623,1
DA:3624,1
DA:3625,1
DA:3626,1
DA:3627,1
DA:3628,1
DA:3629,1
DA:3630,1
DA:3631,1
DA:3632,1
DA:3633,1
DA:3634,1
DA:3635,1
DA:3636,1
DA:3637,1
DA:3638,1
DA:3639,1
DA:3640,1
DA:3641,1
DA:3642,1
DA:3643,1
DA:3644,1
DA:3645,1
DA:3646,1
DA:3647,1
DA:3648,1
DA:3649,1
DA:3650,1
DA:3651,1
DA:3652,1
DA:3653,1
DA:3654,1
DA:3655,1
DA:3656,1
DA:3657,1
DA:3658,1
DA:3659,1
DA:3660,1
DA:3661,1
DA:3662,1
DA:3663,1
DA:3664,1
DA:3665,1
DA:3666,1
DA:3667,1
DA:3668,1
DA:3669,1
DA:3670,1
DA:3671,1
DA:3672,1
DA:3673,1
DA:3674,1
DA:3675,1
DA:3676,1
DA:3677,1
DA:3678,1
DA:3679,1
DA:3680,1
DA:3681,1
DA:3682,1
DA:3683,1
DA:3684,1
DA:3685,1
DA:3686,1
DA:3687,1
DA:3688,1
DA:3689,1
DA:3690,1
DA:3691,1
DA:3692,1
DA:3693,1
DA:3694,1
DA:3695,1
DA:3696,1
DA:3697,1
DA:3698,1
DA:3699,1
DA:3700,1
DA:3701,1
DA:3702,1
DA:3703,1
DA:3704,1
DA:3705,1
DA:3706,1
DA:3707,1
DA:3708,1
DA:3709,1
DA:3710,1
DA:3711,1
DA:3712,1
DA:3713,1
DA:3714,1
DA:3715,1
DA:3716,1
DA:3717,1
DA:3718,1
DA:3719,1
DA:3720,1
DA:3721,1
DA:3722,1
DA:3723,1
DA:3724,1
DA:3725,1
DA:3726,1
DA:3727,1
DA:3728,1
DA:3729,1
DA:3730,1
DA:3731,1
DA:3732,1
DA:3733,1
DA:3734,1
DA:3735,1
DA:3736,1
DA:3737,1
DA:3738,1
DA:3739,1
DA:3740,1
DA:3741,1
DA:3742,1
DA:3743,1
DA:3744,1
DA:3745,1
DA:3746,1
DA:3747,1
DA:3748,1
DA:3749,1
DA:3750,1
DA:3751,1
DA:3752,1
DA:3753,1
DA:3754,1
DA:3755,1
DA:3756,1
DA:3757,1
DA:3758,1
DA:3759,1
DA:3760,1
DA:3761,1
DA:3762,1
DA:3763,1
DA:3764,1
DA:3765,1
DA:3766,1
DA:3767,1
DA:3768,1
DA:3769,1
DA:3770,1
DA:3771,1
DA:3772,1
DA:3773,1
DA:3774,1
DA:3775,1
DA:3776,1
DA:3777,1
DA:3778,1
DA:3779,1
DA:3780,1
DA:3781,1
DA:3782,1
DA:3783,1
DA:3784,1
DA:3785,1
DA:3786,1
DA:3787,1
DA:3788,1
DA:3789,1
DA:3790,1
DA:3791,1
DA:3792,1
DA:3793,1
DA:3794,1
DA:3795,1
DA:3796,1
DA:3797,1
DA:3798,1
DA:3799,1
DA:3800,1
DA:3801,1
DA:3802,1
DA:3803,1
DA:3804,1
DA:3805,1
DA:3806,1
DA:3807,1
DA:3808,1
DA:3809,1
DA:3810,1
DA:3811,1
DA:3812,1
DA:3813,1
DA:3814,1
DA:3815,1
DA:3816,1
DA:3817,1
DA:3818,1
DA:3819,1
DA:3820,1
DA:3821,1
DA:3822,1
DA:3823,1
DA:3824,1
DA:3825,1
DA:3826,1
DA:3827,1
DA:3828,1
DA:3829,1
DA:3830,1
DA:3831,1
DA:3832,1
DA:3833,1
DA:3834,1
DA:3835,1
DA:3836,1
DA:3837,1
DA:3838,1
DA:3839,1
DA:3840,1
DA:3841,1
DA:3842,1
DA:3843,1
DA:3844,1
DA:3845,1
DA:3846,1
DA:3847,1
DA:3848,1
DA:3849,1
DA:3850,1
DA:3851,1
DA:3852,1
DA:3853,1
DA:3854,1
DA:3855,1
DA:3856,0
DA:3857,1
DA:3858,1
DA:3861,1
DA:3862,1
BRF:0
BRH:0
LF:3560
LH:2621
end_of_record
SF:C:\Users\nexts\opensource\hayabusa\src\debug\checkpoint_process_timer.rs
FN:61,_RNCNvNtNtNtCsh5cigu73tlT_8hayabusa5debug24checkpoint_process_timer5tests20test_set_check_point0B9_
FN:20,_RNvMNtNtCsh5cigu73tlT_8hayabusa5debug24checkpoint_process_timerNtB2_22CheckPointProcessTimer23create_checkpoint_timer
FN:47,_RNvMNtNtCsh5cigu73tlT_8hayabusa5debug24checkpoint_process_timerNtB2_22CheckPointProcessTimer21output_stocked_result
FN:33,_RNvMNtNtCsh5cigu73tlT_8hayabusa5debug24checkpoint_process_timerNtB2_22CheckPointProcessTimer15rap_check_point
FN:28,_RNvMNtNtCsh5cigu73tlT_8hayabusa5debug24checkpoint_process_timerNtB2_22CheckPointProcessTimer14set_checkpoint
FN:62,_RNvNtNtNtCsh5cigu73tlT_8hayabusa5debug24checkpoint_process_timer5testss_20test_set_check_point
FN:70,_RNvNtNtNtCsh5cigu73tlT_8hayabusa5debug24checkpoint_process_timer5testss_20test_rap_check_point
FN:69,_RNCNvNtNtNtCsh5cigu73tlT_8hayabusa5debug24checkpoint_process_timer5tests20test_rap_check_point0B9_
FN:28,_RNvMNtNtCsk6AfKij8NQT_8hayabusa5debug24checkpoint_process_timerNtB2_22CheckPointProcessTimer14set_checkpoint
FN:20,_RNvMNtNtCsk6AfKij8NQT_8hayabusa5debug24checkpoint_process_timerNtB2_22CheckPointProcessTimer23create_checkpoint_timer
FN:47,_RNvMNtNtCsk6AfKij8NQT_8hayabusa5debug24checkpoint_process_timerNtB2_22CheckPointProcessTimer21output_stocked_result
FN:33,_RNvMNtNtCsk6AfKij8NQT_8hayabusa5debug24checkpoint_process_timerNtB2_22CheckPointProcessTimer15rap_check_point
FNDA:1,_RNCNvNtNtNtCsh5cigu73tlT_8hayabusa5debug24checkpoint_process_timer5tests20test_set_check_point0B9_
FNDA:1,_RNvMNtNtCsh5cigu73tlT_8hayabusa5debug24checkpoint_process_timerNtB2_22CheckPointProcessTimer23create_checkpoint_timer
FNDA:1,_RNvMNtNtCsh5cigu73tlT_8hayabusa5debug24checkpoint_process_timerNtB2_22CheckPointProcessTimer21output_stocked_result
FNDA:2,_RNvMNtNtCsh5cigu73tlT_8hayabusa5debug24checkpoint_process_timerNtB2_22CheckPointProcessTimer15rap_check_point
FNDA:2,_RNvMNtNtCsh5cigu73tlT_8hayabusa5debug24checkpoint_process_timerNtB2_22CheckPointProcessTimer14set_checkpoint
FNDA:1,_RNvNtNtNtCsh5cigu73tlT_8hayabusa5debug24checkpoint_process_timer5testss_20test_set_check_point
FNDA:1,_RNvNtNtNtCsh5cigu73tlT_8hayabusa5debug24checkpoint_process_timer5testss_20test_rap_check_point
FNDA:1,_RNCNvNtNtNtCsh5cigu73tlT_8hayabusa5debug24checkpoint_process_timer5tests20test_rap_check_point0B9_
FNDA:10,_RNvMNtNtCsk6AfKij8NQT_8hayabusa5debug24checkpoint_process_timerNtB2_22CheckPointProcessTimer14set_checkpoint
FNDA:1,_RNvMNtNtCsk6AfKij8NQT_8hayabusa5debug24checkpoint_process_timerNtB2_22CheckPointProcessTimer23create_checkpoint_timer
FNDA:0,_RNvMNtNtCsk6AfKij8NQT_8hayabusa5debug24checkpoint_process_timerNtB2_22CheckPointProcessTimer21output_stocked_result
FNDA:15,_RNvMNtNtCsk6AfKij8NQT_8hayabusa5debug24checkpoint_process_timerNtB2_22CheckPointProcessTimer15rap_check_point
FNF:8
FNH:8
DA:20,2
DA:21,2
DA:22,2
DA:23,2
DA:24,2
DA:25,2
DA:28,12
DA:29,12
DA:30,12
DA:33,17
DA:34,17
DA:35,1
DA:36,16
DA:37,16
DA:38,16
DA:39,16
DA:40,16
DA:41,16
DA:42,16
DA:43,16
DA:44,17
DA:47,1
DA:48,1
DA:49,1
DA:50,1
DA:51,1
DA:61,1
DA:62,1
DA:63,1
DA:64,1
DA:65,1
DA:66,1
DA:67,1
DA:69,1
DA:70,1
DA:71,1
DA:72,1
DA:73,1
DA:74,1
DA:75,1
DA:76,1
DA:77,1
DA:78,1
DA:80,1
DA:81,1
DA:82,1
DA:83,1
DA:85,1
DA:86,1
BRF:0
BRH:0
LF:49
LH:49
end_of_record
SF:C:\Users\nexts\opensource\hayabusa\src\detections\configs.rs
FN:2430,_RNvXs1H_NtNtCsh5cigu73tlT_8hayabusa10detections7configsNtB6_15EventInfoConfigNtNtCsjwgglklCTGv_4core5clone5Clone5cloneBa_
FN:2739,_RNvNtNtNtCsh5cigu73tlT_8hayabusa10detections7configs5testss_27test_timeline_offset_search
FN:1618,_RNvXs1w_NtNtCsh5cigu73tlT_8hayabusa10detections7configsNtB6_6ConfigNtNtCsjwgglklCTGv_4core5clone5Clone5cloneBa_
FN:2785,_RNvNtNtNtCsh5cigu73tlT_8hayabusa10detections7configs5testss_32test_timeline_offset_eid_metrics
FN:2558,_RNvNtNtNtCsh5cigu73tlT_8hayabusa10detections7configs5testss_26test_get_target_extensions
FN:929,_RNvXsD_NtNtCsh5cigu73tlT_8hayabusa10detections7configsNtB5_20DefaultProfileOptionNtNtCsjwgglklCTGv_4core5clone5Clone5cloneB9_
FN:1978,_RNvNtNtCsh5cigu73tlT_8hayabusa10detections7configs19load_eventkey_alias
FN:2463,_RNCNvNtNtCsh5cigu73tlT_8hayabusa10detections7configs19load_eventcode_info0B7_
FN:2447,_RNvMsa_NtNtCsh5cigu73tlT_8hayabusa10detections7configsNtB5_15EventInfoConfig12get_event_id
FN:1988,_RNCNvNtNtCsh5cigu73tlT_8hayabusa10detections7configs19load_eventkey_alias0B7_
FN:1514,_RNvXs1i_NtNtCsh5cigu73tlT_8hayabusa10detections7configsNtB6_15CsvOutputOptionNtNtCsjwgglklCTGv_4core5clone5Clone5cloneBa_
FN:1539,_RNvXs1m_NtNtCsh5cigu73tlT_8hayabusa10detections7configsNtB6_16JSONOutputOptionNtNtCsjwgglklCTGv_4core5clone5Clone5cloneBa_
FN:2013,_RNvNtNtCsh5cigu73tlT_8hayabusa10detections7configs19load_pivot_keywords
FN:1767,_RNCNCNvMs4_NtNtCsh5cigu73tlT_8hayabusa10detections7configsNtB9_15TargetEventTime3news_0s1_0Bd_
FN:2532,_RNCNvNtNtNtCsh5cigu73tlT_8hayabusa10detections7configs5tests24target_event_time_filter0B9_
FN:2827,_RNCNvNtNtNtCsh5cigu73tlT_8hayabusa10detections7configs5tests34test_timeline_offset_logon_summary0B9_
FN:1706,_RNvMs4_NtNtCsh5cigu73tlT_8hayabusa10detections7configsNtB5_15TargetEventTime3new
FN:939,_RNvXsH_NtNtCsh5cigu73tlT_8hayabusa10detections7configsNtB5_12SearchOptionNtNtCsjwgglklCTGv_4core5clone5Clone5cloneB9_
FN:319,_RNCNvMs_NtNtCsh5cigu73tlT_8hayabusa10detections7configsNtB6_12StoredStatic18create_static_datas6_0Ba_
FN:2533,_RNvNtNtNtCsh5cigu73tlT_8hayabusa10detections7configs5testss_24target_event_time_filter
FN:2005,_RNCNCNvNtNtCsh5cigu73tlT_8hayabusa10detections7configs19load_eventkey_alias00B9_
FN:178,_RNCNvMs_NtNtCsh5cigu73tlT_8hayabusa10detections7configsNtB6_12StoredStatic18create_static_datas2_0Ba_
FN:52,_RNvXss_NtNtCsh5cigu73tlT_8hayabusa10detections7configsNtB5_12StoredStaticNtNtCsjwgglklCTGv_4core5clone5Clone5cloneB9_
FN:1711,_RNCNCNvMs4_NtNtCsh5cigu73tlT_8hayabusa10detections7configsNtB9_15TargetEventTime3new00Bd_
FN:2784,_RNCNvNtNtNtCsh5cigu73tlT_8hayabusa10detections7configs5tests32test_timeline_offset_eid_metrics0B9_
FN:2413,_RNvXs1F_NtNtCsh5cigu73tlT_8hayabusa10detections7configsNtB6_9EventInfoNtNtCsjwgglklCTGv_4core5clone5Clone5cloneBa_
FN:91,_RNvMs_NtNtCsh5cigu73tlT_8hayabusa10detections7configsNtB4_12StoredStatic18create_static_data
FN:2874,_RNvNtNtNtCsh5cigu73tlT_8hayabusa10detections7configs5testss_26test_timeline_offset_pivot
FN:1311,_RNvXs15_NtNtCsh5cigu73tlT_8hayabusa10detections7configsNtB6_12OutputOptionNtNtCsjwgglklCTGv_4core5clone5Clone5cloneBa_
FN:1173,_RNvXsX_NtNtCsh5cigu73tlT_8hayabusa10detections7configsNtB5_18PivotKeywordOptionNtNtCsjwgglklCTGv_4core5clone5Clone5cloneB9_
FN:1709,_RNCNvMs4_NtNtCsh5cigu73tlT_8hayabusa10detections7configsNtB7_15TargetEventTime3new0Bb_
FN:1653,_RNvXs1z_NtNtCsh5cigu73tlT_8hayabusa10detections7configsNtB6_9TargetIdsNtNtCsjwgglklCTGv_4core5clone5Clone5cloneBa_
FN:2065,_RNvNtNtCsh5cigu73tlT_8hayabusa10detections7configs22extract_search_options
FN:2738,_RNCNvNtNtNtCsh5cigu73tlT_8hayabusa10detections7configs5tests27test_timeline_offset_search0B9_
FN:573,_RNCNvMs_NtNtCsh5cigu73tlT_8hayabusa10detections7configsNtB6_12StoredStatic18create_static_datasd_0Ba_
FN:191,_RNCNvMs_NtNtCsh5cigu73tlT_8hayabusa10detections7configsNtB6_12StoredStatic18create_static_datas3_0Ba_
FN:1728,_RNCNvMs4_NtNtCsh5cigu73tlT_8hayabusa10detections7configsNtB7_15TargetEventTime3news_0Bb_
FN:1125,_RNvXsT_NtNtCsh5cigu73tlT_8hayabusa10detections7configsNtB5_16EidMetricsOptionNtNtCsjwgglklCTGv_4core5clone5Clone5cloneB9_
FN:2019,_RNCNvNtNtCsh5cigu73tlT_8hayabusa10detections7configs19load_pivot_keywords0B7_
FN:1089,_RNvXsL_NtNtCsh5cigu73tlT_8hayabusa10detections7configsNtB5_12UpdateOptionNtNtCsjwgglklCTGv_4core5clone5Clone5cloneB9_
FN:1480,_RNvXs1a_NtNtCsh5cigu73tlT_8hayabusa10detections7configsNtB6_13CommonOptionsNtNtCsjwgglklCTGv_4core5clone5Clone5cloneBa_
FN:1963,_RNvMs5_NtNtCsh5cigu73tlT_8hayabusa10detections7configsNtB5_19EventKeyAliasConfig13get_event_key
FN:2483,_RNvNtNtCsh5cigu73tlT_8hayabusa10detections7configs31create_control_chat_replace_map
FN:155,_RNCNvMs_NtNtCsh5cigu73tlT_8hayabusa10detections7configsNtB6_12StoredStatic18create_static_data0Ba_
FN:839,_RNvMs0_NtNtCsh5cigu73tlT_8hayabusa10detections7configsNtB5_6Action8to_usize
FN:1765,_RNCNCNvMs4_NtNtCsh5cigu73tlT_8hayabusa10detections7configsNtB9_15TargetEventTime3news_0s_0Bd_
FN:1931,_RNvMs4_NtNtCsh5cigu73tlT_8hayabusa10detections7configsNtB5_15TargetEventTime9is_target
FN:1688,_RNCNvNtNtCsh5cigu73tlT_8hayabusa10detections7configs15load_target_ids0B7_
FN:2570,_RNvNtNtNtCsh5cigu73tlT_8hayabusa10detections7configs5testss_20no_target_extensions
FN:1768,_RNCNCNvMs4_NtNtCsh5cigu73tlT_8hayabusa10detections7configsNtB9_15TargetEventTime3news_0s2_0Bd_
FN:668,_RNCNvMs_NtNtCsh5cigu73tlT_8hayabusa10detections7configsNtB6_12StoredStatic19get_default_details0Ba_
FN:1766,_RNCNCNvMs4_NtNtCsh5cigu73tlT_8hayabusa10detections7configsNtB9_15TargetEventTime3news_0s0_0Bd_
FN:2547,_RNCNvNtNtNtCsh5cigu73tlT_8hayabusa10detections7configs5tests42target_event_time_filter_containes_on_time0B9_
FN:1769,_RNCNCNvMs4_NtNtCsh5cigu73tlT_8hayabusa10detections7configsNtB9_15TargetEventTime3news_0s3_0Bd_
FN:2873,_RNCNvNtNtNtCsh5cigu73tlT_8hayabusa10detections7configs5tests26test_timeline_offset_pivot0B9_
FN:1680,_RNvNtNtCsh5cigu73tlT_8hayabusa10detections7configs15load_target_ids
FN:2442,_RNvMsa_NtNtCsh5cigu73tlT_8hayabusa10detections7configsNtB5_15EventInfoConfig3new
FN:598,_RNCNvMs_NtNtCsh5cigu73tlT_8hayabusa10detections7configsNtB6_12StoredStatic18create_static_datase_0Ba_
FN:715,_RNvNtNtCsh5cigu73tlT_8hayabusa10detections7configs19check_thread_number
FN:2453,_RNvNtNtCsh5cigu73tlT_8hayabusa10detections7configs19load_eventcode_info
FN:2828,_RNvNtNtNtCsh5cigu73tlT_8hayabusa10detections7configs5testss_34test_timeline_offset_logon_summary
FN:1967,_RNvMs5_NtNtCsh5cigu73tlT_8hayabusa10detections7configsNtB5_19EventKeyAliasConfig19get_event_key_split
FN:2580,_RNvNtNtNtCsh5cigu73tlT_8hayabusa10detections7configs5testss_36test_create_control_char_replace_map
FN:611,_RNCNvMs_NtNtCsh5cigu73tlT_8hayabusa10detections7configsNtB6_12StoredStatic18create_static_datasf_0Ba_
FN:2098,_RNvNtNtCsh5cigu73tlT_8hayabusa10detections7configs22extract_output_options
FN:526,_RNCNvMs_NtNtCsh5cigu73tlT_8hayabusa10detections7configsNtB6_12StoredStatic18create_static_datas8_0Ba_
FN:726,_RNvXsv_NtNtCsh5cigu73tlT_8hayabusa10detections7configsNtB5_6ActionNtNtCsjwgglklCTGv_4core5clone5Clone5cloneB9_
FN:2569,_RNCNvNtNtNtCsh5cigu73tlT_8hayabusa10detections7configs5tests20no_target_extensions0B9_
FN:2667,_RNCNvNtNtNtCsh5cigu73tlT_8hayabusa10detections7configs5tests25test_timeline_offset_json0B9_
FN:1107,_RNvXsP_NtNtCsh5cigu73tlT_8hayabusa10detections7configsNtB5_17LevelTuningOptionNtNtCsjwgglklCTGv_4core5clone5Clone5cloneB9_
FN:1491,_RNvXs1e_NtNtCsh5cigu73tlT_8hayabusa10detections7configsNtB6_11InputOptionNtNtCsjwgglklCTGv_4core5clone5Clone5cloneBa_
FN:2557,_RNCNvNtNtNtCsh5cigu73tlT_8hayabusa10detections7configs5tests26test_get_target_extensions0B9_
FN:543,_RNCNvMs_NtNtCsh5cigu73tlT_8hayabusa10detections7configsNtB6_12StoredStatic18create_static_datasa_0Ba_
FN:161,_RNCNvMs_NtNtCsh5cigu73tlT_8hayabusa10detections7configsNtB6_12StoredStatic18create_static_datas0_0Ba_
FN:657,_RNvMs_NtNtCsh5cigu73tlT_8hayabusa10detections7configsNtB4_12StoredStatic19get_default_details
FN:1949,_RNvXs1D_NtNtCsh5cigu73tlT_8hayabusa10detections7configsNtB6_19EventKeyAliasConfigNtNtCsjwgglklCTGv_4core5clone5Clone5cloneBa_
FN:2596,_RNCNvNtNtNtCsh5cigu73tlT_8hayabusa10detections7configs5tests24test_timeline_offset_csv0B9_
FN:1665,_RNvMs3_NtNtCsh5cigu73tlT_8hayabusa10detections7configsNtB5_9TargetIds3new
FN:2582,_RNCNvNtNtNtCsh5cigu73tlT_8hayabusa10detections7configs5testss_36test_create_control_char_replace_map0B9_
FN:1755,_RNCNCNvMs4_NtNtCsh5cigu73tlT_8hayabusa10detections7configsNtB9_15TargetEventTime3news_00Bd_
FN:167,_RNCNvMs_NtNtCsh5cigu73tlT_8hayabusa10detections7configsNtB6_12StoredStatic18create_static_datas1_0Ba_
FN:541,_RNCNvMs_NtNtCsh5cigu73tlT_8hayabusa10detections7configsNtB6_12StoredStatic18create_static_datas9_0Ba_
FN:2597,_RNvNtNtNtCsh5cigu73tlT_8hayabusa10detections7configs5testss_24test_timeline_offset_csv
FN:2060,_RNvNtNtCsh5cigu73tlT_8hayabusa10detections7configs25convert_option_vecs_to_hs
FN:2425,_RNvMs8_NtNtCsh5cigu73tlT_8hayabusa10detections7configsNtB5_9EventInfo3new
FN:2668,_RNvNtNtNtCsh5cigu73tlT_8hayabusa10detections7configs5testss_25test_timeline_offset_json
FN:1254,_RNvXs11_NtNtCsh5cigu73tlT_8hayabusa10detections7configsNtB6_18LogonSummaryOptionNtNtCsjwgglklCTGv_4core5clone5Clone5cloneBa_
FN:2049,_RNvNtNtCsh5cigu73tlT_8hayabusa10detections7configs21get_target_extensions
FN:2486,_RNCNvNtNtCsh5cigu73tlT_8hayabusa10detections7configs31create_control_chat_replace_map0B7_
FN:158,_RNCNvMs_NtNtCsh5cigu73tlT_8hayabusa10detections7configsNtB6_12StoredStatic18create_static_datas_0Ba_
FN:546,_RNCNvMs_NtNtCsh5cigu73tlT_8hayabusa10detections7configsNtB6_12StoredStatic18create_static_datasb_0Ba_
FN:1915,_RNvMs4_NtNtCsh5cigu73tlT_8hayabusa10detections7configsNtB5_15TargetEventTime3set
FN:234,_RNCNvMs_NtNtCsh5cigu73tlT_8hayabusa10detections7configsNtB6_12StoredStatic18create_static_datas4_0Ba_
FN:2548,_RNvNtNtNtCsh5cigu73tlT_8hayabusa10detections7configs5testss_42target_event_time_filter_containes_on_time
FN:880,_RNvXsz_NtNtCsh5cigu73tlT_8hayabusa10detections7configsNtB5_18DetectCommonOptionNtNtCsjwgglklCTGv_4core5clone5Clone5cloneB9_
FN:1956,_RNvMs5_NtNtCsh5cigu73tlT_8hayabusa10detections7configsNtB5_19EventKeyAliasConfig3new
FN:487,_RNCNvMs_NtNtCsh5cigu73tlT_8hayabusa10detections7configsNtB6_12StoredStatic18create_static_datas7_0Ba_
FN:560,_RNCNvMs_NtNtCsh5cigu73tlT_8hayabusa10detections7configsNtB6_12StoredStatic18create_static_datasc_0Ba_
FN:1659,_RNvXs2_NtNtCsh5cigu73tlT_8hayabusa10detections7configsNtB5_9TargetIdsNtNtCsjwgglklCTGv_4core7default7Default7default
FN:294,_RNCNvMs_NtNtCsh5cigu73tlT_8hayabusa10detections7configsNtB6_12StoredStatic18create_static_datas5_0Ba_
FN:2579,_RNCNvNtNtNtCsh5cigu73tlT_8hayabusa10detections7configs5tests36test_create_control_char_replace_map0B9_
FN:1563,_RNvXs1q_NtNtCsh5cigu73tlT_8hayabusa10detections7configsNtB6_21ComputerMetricsOptionNtNtCsjwgglklCTGv_4core5clone5Clone5cloneBa_
FN:1671,_RNvMs3_NtNtCsh5cigu73tlT_8hayabusa10detections7configsNtB5_9TargetIds9is_target
FN:956,_RNCNvXsF_NtNtCsh5cigu73tlT_8hayabusa10detections7configsNtB7_12SearchOptionNtNtCseAiZU62iyN8_12clap_builder6derive14FromArgMatches27update_from_arg_matches_mut0Bb_
FN:1173,_RNvXsY_NtNtCsh5cigu73tlT_8hayabusa10detections7configsNtB5_18PivotKeywordOptionNtNtCsjwgglklCTGv_4core3fmt5Debug3fmt
FN:1416,_RNCNvXs13_NtNtCsh5cigu73tlT_8hayabusa10detections7configsNtB8_12OutputOptionNtNtCseAiZU62iyN8_12clap_builder6derive14FromArgMatches27update_from_arg_matches_mutsd_0Bc_
FN:1042,_RNCNvXsF_NtNtCsh5cigu73tlT_8hayabusa10detections7configsNtB7_12SearchOptionNtNtCseAiZU62iyN8_12clap_builder6derive14FromArgMatches20from_arg_matches_muts5_0Bb_
FN:1107,_RNvXsN_NtNtCsh5cigu73tlT_8hayabusa10detections7configsNtB5_17LevelTuningOptionNtNtCseAiZU62iyN8_12clap_builder6derive14FromArgMatches16from_arg_matches
FN:1631,_RNCNvXs1u_NtNtCsh5cigu73tlT_8hayabusa10detections7configsNtB8_6ConfigNtNtCseAiZU62iyN8_12clap_builder6derive14FromArgMatches27update_from_arg_matches_mut0Bc_
FN:1125,_RNvXsR_NtNtCsh5cigu73tlT_8hayabusa10detections7configsNtB5_16EidMetricsOptionNtNtCseAiZU62iyN8_12clap_builder6derive14FromArgMatches16from_arg_matches
FN:1275,_RNCNvXsZ_NtNtCsh5cigu73tlT_8hayabusa10detections7configsNtB7_18LogonSummaryOptionNtNtCseAiZU62iyN8_12clap_builder6derive14FromArgMatches27update_from_arg_matches_muts_0Bb_
FN:1224,_RNCNvXsV_NtNtCsh5cigu73tlT_8hayabusa10detections7configsNtB7_18PivotKeywordOptionNtNtCseAiZU62iyN8_12clap_builder6derive14FromArgMatches27update_from_arg_matches_muts2_0Bb_
FN:1192,_RNCNvXsV_NtNtCsh5cigu73tlT_8hayabusa10detections7configsNtB7_18PivotKeywordOptionNtNtCseAiZU62iyN8_12clap_builder6derive14FromArgMatches20from_arg_matches_muts_0Bb_
FN:1287,_RNCNvXsZ_NtNtCsh5cigu73tlT_8hayabusa10detections7configsNtB7_18LogonSummaryOptionNtNtCseAiZU62iyN8_12clap_builder6derive14FromArgMatches27update_from_arg_matches_muts2_0Bb_
FN:1346,_RNCNvXs13_NtNtCsh5cigu73tlT_8hayabusa10detections7configsNtB8_12OutputOptionNtNtCseAiZU62iyN8_12clap_builder6derive14FromArgMatches27update_from_arg_matches_muts3_0Bc_
FN:1244,_RNCNvXsV_NtNtCsh5cigu73tlT_8hayabusa10detections7configsNtB7_18PivotKeywordOptionNtNtCseAiZU62iyN8_12clap_builder6derive14FromArgMatches27update_from_arg_matches_muts5_0Bb_
FN:1224,_RNCNvXsV_NtNtCsh5cigu73tlT_8hayabusa10detections7configsNtB7_18PivotKeywordOptionNtNtCseAiZU62iyN8_12clap_builder6derive14FromArgMatches20from_arg_matches_muts2_0Bb_
FN:1488,_RNCNvXs18_NtNtCsh5cigu73tlT_8hayabusa10detections7configsNtB8_13CommonOptionsNtNtCseAiZU62iyN8_12clap_builder6derive14FromArgMatches20from_arg_matches_muts_0Bc_
FN:1385,_RNCNvXs13_NtNtCsh5cigu73tlT_8hayabusa10detections7configsNtB8_12OutputOptionNtNtCseAiZU62iyN8_12clap_builder6derive14FromArgMatches27update_from_arg_matches_muts6_0Bc_
FN:956,_RNCNvXsF_NtNtCsh5cigu73tlT_8hayabusa10detections7configsNtB7_12SearchOptionNtNtCseAiZU62iyN8_12clap_builder6derive14FromArgMatches20from_arg_matches_mut0Bb_
FN:1287,_RNCNvXsZ_NtNtCsh5cigu73tlT_8hayabusa10detections7configsNtB7_18LogonSummaryOptionNtNtCseAiZU62iyN8_12clap_builder6derive14FromArgMatches20from_arg_matches_muts2_0Bb_
FN:1514,_RNvXs1g_NtNtCsh5cigu73tlT_8hayabusa10detections7configsNtB6_15CsvOutputOptionNtNtCseAiZU62iyN8_12clap_builder6derive14FromArgMatches27update_from_arg_matches_mut
FN:1491,_RNvXs1c_NtNtCsh5cigu73tlT_8hayabusa10detections7configsNtB6_11InputOptionNtNtCseAiZU62iyN8_12clap_builder6derive14FromArgMatches23update_from_arg_matches
FN:939,_RNvXsF_NtNtCsh5cigu73tlT_8hayabusa10detections7configsNtB5_12SearchOptionNtNtCseAiZU62iyN8_12clap_builder6derive14FromArgMatches16from_arg_matches
FN:1581,_RNCNvXs1o_NtNtCsh5cigu73tlT_8hayabusa10detections7configsNtB8_21ComputerMetricsOptionNtNtCseAiZU62iyN8_12clap_builder6derive14FromArgMatches27update_from_arg_matches_muts_0Bc_
FN:1089,_RNvXsJ_NtNtCsh5cigu73tlT_8hayabusa10detections7configsNtB5_12UpdateOptionNtNtCseAiZU62iyN8_12clap_builder6derive14FromArgMatches23update_from_arg_matches
FN:1107,_RNvXsN_NtNtCsh5cigu73tlT_8hayabusa10detections7configsNtB5_17LevelTuningOptionNtNtCseAiZU62iyN8_12clap_builder6derive14FromArgMatches23update_from_arg_matches
FN:1420,_RNCNvXs13_NtNtCsh5cigu73tlT_8hayabusa10detections7configsNtB8_12OutputOptionNtNtCseAiZU62iyN8_12clap_builder6derive14FromArgMatches20from_arg_matches_mutse_0Bc_
FN:1254,_RNvXs10_NtNtCsh5cigu73tlT_8hayabusa10detections7configsNtB6_18LogonSummaryOptionNtNtCseAiZU62iyN8_12clap_builder6derive4Args8group_id
FN:1150,_RNCNvXsR_NtNtCsh5cigu73tlT_8hayabusa10detections7configsNtB7_16EidMetricsOptionNtNtCseAiZU62iyN8_12clap_builder6derive14FromArgMatches27update_from_arg_matches_muts0_0Bb_
FN:1311,_RNvXs13_NtNtCsh5cigu73tlT_8hayabusa10detections7configsNtB6_12OutputOptionNtNtCseAiZU62iyN8_12clap_builder6derive14FromArgMatches16from_arg_matches
FN:1311,_RNvXs16_NtNtCsh5cigu73tlT_8hayabusa10detections7configsNtB6_12OutputOptionNtNtCsjwgglklCTGv_4core3fmt5Debug3fmt
FN:1209,_RNCNvXsV_NtNtCsh5cigu73tlT_8hayabusa10detections7configsNtB7_18PivotKeywordOptionNtNtCseAiZU62iyN8_12clap_builder6derive14FromArgMatches27update_from_arg_matches_muts1_0Bb_
FN:1618,_RNvXs1t_NtNtCsh5cigu73tlT_8hayabusa10detections7configsNtB6_6ConfigNtNtCseAiZU62iyN8_12clap_builder6derive14CommandFactory7command
FN:929,_RNvXsB_NtNtCsh5cigu73tlT_8hayabusa10detections7configsNtB5_20DefaultProfileOptionNtNtCseAiZU62iyN8_12clap_builder6derive14FromArgMatches20from_arg_matches_mut
FN:1066,_RNCNvXsF_NtNtCsh5cigu73tlT_8hayabusa10detections7configsNtB7_12SearchOptionNtNtCseAiZU62iyN8_12clap_builder6derive14FromArgMatches27update_from_arg_matches_mutsb_0Bb_
FN:1521,_RNCNvXs1g_NtNtCsh5cigu73tlT_8hayabusa10detections7configsNtB8_15CsvOutputOptionNtNtCseAiZU62iyN8_12clap_builder6derive14FromArgMatches20from_arg_matches_mut0Bc_
FN:1563,_RNvXs1r_NtNtCsh5cigu73tlT_8hayabusa10detections7configsNtB6_21ComputerMetricsOptionNtNtCsjwgglklCTGv_4core3fmt5Debug3fmt
FN:1162,_RNCNvXsR_NtNtCsh5cigu73tlT_8hayabusa10detections7configsNtB7_16EidMetricsOptionNtNtCseAiZU62iyN8_12clap_builder6derive14FromArgMatches27update_from_arg_matches_muts3_0Bb_
FN:989,_RNCNvXsF_NtNtCsh5cigu73tlT_8hayabusa10detections7configsNtB7_12SearchOptionNtNtCseAiZU62iyN8_12clap_builder6derive14FromArgMatches27update_from_arg_matches_muts0_0Bb_
FN:1521,_RNCNvXs1g_NtNtCsh5cigu73tlT_8hayabusa10detections7configsNtB8_15CsvOutputOptionNtNtCseAiZU62iyN8_12clap_builder6derive14FromArgMatches27update_from_arg_matches_mut0Bc_
FN:1054,_RNCNvXsF_NtNtCsh5cigu73tlT_8hayabusa10detections7configsNtB7_12SearchOptionNtNtCseAiZU62iyN8_12clap_builder6derive14FromArgMatches20from_arg_matches_muts8_0Bb_
FN:1173,_RNvXsW_NtNtCsh5cigu73tlT_8hayabusa10detections7configsNtB5_18PivotKeywordOptionNtNtCseAiZU62iyN8_12clap_builder6derive4Args23augment_args_for_update
FN:1448,_RNCNvXs13_NtNtCsh5cigu73tlT_8hayabusa10detections7configsNtB8_12OutputOptionNtNtCseAiZU62iyN8_12clap_builder6derive14FromArgMatches27update_from_arg_matches_mutsj_0Bc_
FN:1550,_RNCNvXs1k_NtNtCsh5cigu73tlT_8hayabusa10detections7configsNtB8_16JSONOutputOptionNtNtCseAiZU62iyN8_12clap_builder6derive14FromArgMatches20from_arg_matches_mut0Bc_
FN:1066,_RNCNvXsF_NtNtCsh5cigu73tlT_8hayabusa10detections7configsNtB7_12SearchOptionNtNtCseAiZU62iyN8_12clap_builder6derive14FromArgMatches20from_arg_matches_mutsb_0Bb_
FN:1373,_RNCNvXs13_NtNtCsh5cigu73tlT_8hayabusa10detections7configsNtB8_12OutputOptionNtNtCseAiZU62iyN8_12clap_builder6derive14FromArgMatches27update_from_arg_matches_muts5_0Bc_
FN:1311,_RNvXs13_NtNtCsh5cigu73tlT_8hayabusa10detections7configsNtB6_12OutputOptionNtNtCseAiZU62iyN8_12clap_builder6derive14FromArgMatches27update_from_arg_matches_mut
FN:902,_RNCNvXsx_NtNtCsh5cigu73tlT_8hayabusa10detections7configsNtB7_18DetectCommonOptionNtNtCseAiZU62iyN8_12clap_builder6derive14FromArgMatches20from_arg_matches_muts0_0Bb_
FN:1464,_RNCNvXs13_NtNtCsh5cigu73tlT_8hayabusa10detections7configsNtB8_12OutputOptionNtNtCseAiZU62iyN8_12clap_builder6derive14FromArgMatches27update_from_arg_matches_mutsm_0Bc_
FN:1078,_RNCNvXsF_NtNtCsh5cigu73tlT_8hayabusa10detections7configsNtB7_12SearchOptionNtNtCseAiZU62iyN8_12clap_builder6derive14FromArgMatches20from_arg_matches_mutse_0Bb_
FN:1334,_RNCNvXs13_NtNtCsh5cigu73tlT_8hayabusa10detections7configsNtB8_12OutputOptionNtNtCseAiZU62iyN8_12clap_builder6derive14FromArgMatches20from_arg_matches_muts0_0Bc_
FN:1539,_RNvXs1k_NtNtCsh5cigu73tlT_8hayabusa10detections7configsNtB6_16JSONOutputOptionNtNtCseAiZU62iyN8_12clap_builder6derive14FromArgMatches20from_arg_matches_mut
FN:1146,_RNCNvXsR_NtNtCsh5cigu73tlT_8hayabusa10detections7configsNtB7_16EidMetricsOptionNtNtCseAiZU62iyN8_12clap_builder6derive14FromArgMatches27update_from_arg_matches_muts_0Bb_
FN:1412,_RNCNvXs13_NtNtCsh5cigu73tlT_8hayabusa10detections7configsNtB8_12OutputOptionNtNtCseAiZU62iyN8_12clap_builder6derive14FromArgMatches27update_from_arg_matches_mutsc_0Bc_
FN:1038,_RNCNvXsF_NtNtCsh5cigu73tlT_8hayabusa10detections7configsNtB7_12SearchOptionNtNtCseAiZU62iyN8_12clap_builder6derive14FromArgMatches20from_arg_matches_muts4_0Bb_
FN:1326,_RNCNvXs13_NtNtCsh5cigu73tlT_8hayabusa10detections7configsNtB8_12OutputOptionNtNtCseAiZU62iyN8_12clap_builder6derive14FromArgMatches27update_from_arg_matches_mut0Bc_
FN:1480,_RNvXs19_NtNtCsh5cigu73tlT_8hayabusa10detections7configsNtB6_13CommonOptionsNtNtCseAiZU62iyN8_12clap_builder6derive4Args23augment_args_for_update
FN:1491,_RNvXs1d_NtNtCsh5cigu73tlT_8hayabusa10detections7configsNtB6_11InputOptionNtNtCseAiZU62iyN8_12clap_builder6derive4Args8group_id
FN:1539,_RNvXs1k_NtNtCsh5cigu73tlT_8hayabusa10detections7configsNtB6_16JSONOutputOptionNtNtCseAiZU62iyN8_12clap_builder6derive14FromArgMatches16from_arg_matches
FN:1698,_RNvXs1B_NtNtCsh5cigu73tlT_8hayabusa10detections7configsNtB6_15TargetEventTimeNtNtCsjwgglklCTGv_4core5clone5Clone5cloneBa_
FN:1563,_RNvXs1p_NtNtCsh5cigu73tlT_8hayabusa10detections7configsNtB6_21ComputerMetricsOptionNtNtCseAiZU62iyN8_12clap_builder6derive4Args23augment_args_for_update
FN:939,_RNvXsG_NtNtCsh5cigu73tlT_8hayabusa10detections7configsNtB5_12SearchOptionNtNtCseAiZU62iyN8_12clap_builder6derive4Args12augment_args
FN:1062,_RNCNvXsF_NtNtCsh5cigu73tlT_8hayabusa10detections7configsNtB7_12SearchOptionNtNtCseAiZU62iyN8_12clap_builder6derive14FromArgMatches27update_from_arg_matches_mutsa_0Bb_
FN:1338,_RNCNvXs13_NtNtCsh5cigu73tlT_8hayabusa10detections7configsNtB8_12OutputOptionNtNtCseAiZU62iyN8_12clap_builder6derive14FromArgMatches27update_from_arg_matches_muts1_0Bc_
FN:1480,_RNvXs18_NtNtCsh5cigu73tlT_8hayabusa10detections7configsNtB6_13CommonOptionsNtNtCseAiZU62iyN8_12clap_builder6derive14FromArgMatches16from_arg_matches
FN:1432,_RNCNvXs13_NtNtCsh5cigu73tlT_8hayabusa10detections7configsNtB8_12OutputOptionNtNtCseAiZU62iyN8_12clap_builder6derive14FromArgMatches20from_arg_matches_mutsh_0Bc_
FN:1581,_RNCNvXs1o_NtNtCsh5cigu73tlT_8hayabusa10detections7configsNtB8_21ComputerMetricsOptionNtNtCseAiZU62iyN8_12clap_builder6derive14FromArgMatches20from_arg_matches_muts_0Bc_
FN:939,_RNvXsG_NtNtCsh5cigu73tlT_8hayabusa10detections7configsNtB5_12SearchOptionNtNtCseAiZU62iyN8_12clap_builder6derive4Args8group_id
FN:1456,_RNCNvXs13_NtNtCsh5cigu73tlT_8hayabusa10detections7configsNtB8_12OutputOptionNtNtCseAiZU62iyN8_12clap_builder6derive14FromArgMatches20from_arg_matches_mutsk_0Bc_
FN:1611,_RNCNvXs1o_NtNtCsh5cigu73tlT_8hayabusa10detections7configsNtB8_21ComputerMetricsOptionNtNtCseAiZU62iyN8_12clap_builder6derive14FromArgMatches20from_arg_matches_muts2_0Bc_
FN:1385,_RNCNvXs13_NtNtCsh5cigu73tlT_8hayabusa10detections7configsNtB8_12OutputOptionNtNtCseAiZU62iyN8_12clap_builder6derive14FromArgMatches20from_arg_matches_muts6_0Bc_
FN:1125,_RNvXsS_NtNtCsh5cigu73tlT_8hayabusa10detections7configsNtB5_16EidMetricsOptionNtNtCseAiZU62iyN8_12clap_builder6derive4Args12augment_args
FN:914,_RNCNvXsx_NtNtCsh5cigu73tlT_8hayabusa10detections7configsNtB7_18DetectCommonOptionNtNtCseAiZU62iyN8_12clap_builder6derive14FromArgMatches27update_from_arg_matches_muts1_0Bb_
FN:1279,_RNCNvXsZ_NtNtCsh5cigu73tlT_8hayabusa10detections7configsNtB7_18LogonSummaryOptionNtNtCseAiZU62iyN8_12clap_builder6derive14FromArgMatches20from_arg_matches_muts0_0Bb_
[...]
FNDA:1,_RNCNvNtNtCsh5cigu73tlT_8hayabusa4yaml5tests35test_critical_exact_level_read_yaml0B7_
FNDA:1,_RNCNvNtNtCsh5cigu73tlT_8hayabusa4yaml5tests38test_include_category_option_multi_opt0B7_
FNDA:1,_RNCNvNtNtCsh5cigu73tlT_8hayabusa4yaml5tests38test_exclude_category_option_multi_opt0B7_
FNDA:1,_RNvNtNtCsh5cigu73tlT_8hayabusa4yaml5testss_25test_info_level_read_yaml
FNDA:1,_RNvNtNtCsh5cigu73tlT_8hayabusa4yaml5testss_33test_exclude_category_option_1opt
FNDA:1,_RNvNtNtCsh5cigu73tlT_8hayabusa4yaml5testss_35test_critical_exact_level_read_yaml
FNDA:1,_RNvNtNtCsh5cigu73tlT_8hayabusa4yaml5testss_19test_read_file_yaml
FNDA:1,_RNvNtNtCsh5cigu73tlT_8hayabusa4yaml5testss_24test_low_level_read_yaml
FNDA:1,_RNCNvNtNtCsh5cigu73tlT_8hayabusa4yaml5tests29test_critical_level_read_yaml0B7_
FNDA:1,_RNCNvNtNtCsh5cigu73tlT_8hayabusa4yaml5tests28test_none_exclude_rules_file0B7_
FNDA:1,_RNCNvNtNtCsh5cigu73tlT_8hayabusa4yaml5tests31test_info_exact_level_read_yaml0B7_
FNDA:1,_RNCNvNtNtCsh5cigu73tlT_8hayabusa4yaml5tests31test_high_exact_level_read_yaml0B7_
FNDA:1,_RNCNvNtNtCsh5cigu73tlT_8hayabusa4yaml5tests33test_include_category_option_1opt0B7_
FNDA:1,_RNvNtNtCsh5cigu73tlT_8hayabusa4yaml5testss_26test_specified_tags_option
FNDA:1,_RNvNtNtCsh5cigu73tlT_8hayabusa4yaml5testss_18test_read_dir_yaml
FNDA:1,_RNvNtNtCsh5cigu73tlT_8hayabusa4yaml5testss_31test_info_exact_level_read_yaml
FNDA:1,_RNCNvNtNtCsh5cigu73tlT_8hayabusa4yaml5tests25test_info_level_read_yaml0B7_
FNDA:27,_RNvNtNtCsh5cigu73tlT_8hayabusa4yaml5tests26create_dummy_stored_static
FNDA:1,_RNCNvNtNtCsh5cigu73tlT_8hayabusa4yaml5tests25test_high_level_read_yaml0B7_
FNDA:1,_RNCNvNtNtCsh5cigu73tlT_8hayabusa4yaml5tests25test_all_noisy_rules_file0B7_
FNDA:1,_RNCNvNtNtCsh5cigu73tlT_8hayabusa4yaml5tests35test_exclude_unsupported_rules_file0B7_
FNDA:1,_RNCNvNtNtCsh5cigu73tlT_8hayabusa4yaml5tests33test_medium_exact_level_read_yaml0B7_
FNDA:1,_RNvNtNtCsh5cigu73tlT_8hayabusa4yaml5testss_30test_low_exact_level_read_yaml
FNDA:1,_RNvNtNtCsh5cigu73tlT_8hayabusa4yaml5testss_25test_all_noisy_rules_file
FNDA:1,_RNCNvNtNtCsh5cigu73tlT_8hayabusa4yaml5tests18test_read_dir_yaml0B7_
FNDA:1,_RNCNvNtNtCsh5cigu73tlT_8hayabusa4yaml5tests28test_default_level_read_yaml0B7_
FNDA:1,_RNCNvNtNtCsh5cigu73tlT_8hayabusa4yaml5tests27test_medium_level_read_yaml0B7_
FNDA:1,_RNCNvNtNtCsh5cigu73tlT_8hayabusa4yaml5tests27test_all_exclude_rules_file0B7_
FNDA:1,_RNCNvNtNtCsh5cigu73tlT_8hayabusa4yaml5tests34test_exclude_deprecated_rules_file0B7_
FNDA:1,_RNvNtNtCsh5cigu73tlT_8hayabusa4yaml5testss_38test_exclude_category_option_multi_opt
FNDA:1,_RNvNtNtCsh5cigu73tlT_8hayabusa4yaml5testss_28test_none_exclude_rules_file
FNDA:1,_RNCNvNtNtCsh5cigu73tlT_8hayabusa4yaml5tests33test_exclude_category_option_1opt0B7_
FNDA:1,_RNvNtNtCsh5cigu73tlT_8hayabusa4yaml5testss_37test_exclude_category_option_notfound
FNDA:1,_RNvNtNtCsh5cigu73tlT_8hayabusa4yaml5testss_27test_medium_level_read_yaml
FNDA:1,_RNCNvNtNtCsh5cigu73tlT_8hayabusa4yaml5tests19test_read_file_yaml0B7_
FNDA:1,_RNCNvNtNtCsh5cigu73tlT_8hayabusa4yaml5tests21test_failed_read_yaml0B7_
FNDA:1,_RNCNvNtNtCsh5cigu73tlT_8hayabusa4yaml5tests24test_low_level_read_yaml0B7_
FNDA:1,_RNvNtNtCsh5cigu73tlT_8hayabusa4yaml5testss_33test_include_category_option_1opt
FNDA:1,_RNvNtNtCsh5cigu73tlT_8hayabusa4yaml5testss_14test_read_yaml
FNDA:1,_RNvNtNtCsh5cigu73tlT_8hayabusa4yaml5testss_38test_include_category_option_multi_opt
FNDA:1,_RNvNtNtCsh5cigu73tlT_8hayabusa4yaml5testss_21test_failed_read_yaml
FNDA:1,_RNCNvNtNtCsh5cigu73tlT_8hayabusa4yaml5tests14test_read_yaml0B7_
FNDA:1,_RNvNtNtCsh5cigu73tlT_8hayabusa4yaml5testss_33test_medium_exact_level_read_yaml
FNDA:1,_RNvNtNtCsh5cigu73tlT_8hayabusa4yaml5testss_38test_include_category_option_not_found
FNDA:0,_RNCNCINvMNtCsh5cigu73tlT_8hayabusa4yamlNtB7_9ParseYaml8read_dirNtNtCs5LKwF2oluhI_3std4path7PathBufEs1_00B9_
FNDA:24,_RINvMNtCsh5cigu73tlT_8hayabusa4yamlNtB3_9ParseYaml8read_dirRNtNtCs5LKwF2oluhI_3std4path4PathEB5_
FNDA:33,_RNCINvMNtCsh5cigu73tlT_8hayabusa4yamlNtB5_9ParseYaml8read_dirReEs0_0B7_
FNDA:5,_RNCNCINvMNtCsh5cigu73tlT_8hayabusa4yamlNtB7_9ParseYaml8read_dirRNtNtCs5LKwF2oluhI_3std4path4PathEs1_0s0_0B9_
FNDA:17,_RNCNCINvMNtCsh5cigu73tlT_8hayabusa4yamlNtB7_9ParseYaml8read_dirRNtNtCs5LKwF2oluhI_3std4path4PathEs1_0s_0B9_
FNDA:133,_RNCNCINvMNtCsh5cigu73tlT_8hayabusa4yamlNtB7_9ParseYaml8read_dirRNtNtCs5LKwF2oluhI_3std4path4PathEs0_0s_0B9_
FNDA:0,_RNCNCINvMNtCsh5cigu73tlT_8hayabusa4yamlNtB7_9ParseYaml8read_dirNtNtCs5LKwF2oluhI_3std4path7PathBufEs1_0s_0B9_
FNDA:607,_RNvMNtCsh5cigu73tlT_8hayabusa4yamlNtB2_9ParseYaml9read_file
FNDA:7,_RINvMNtCsh5cigu73tlT_8hayabusa4yamlNtB3_9ParseYaml8read_dirReEB5_
FNDA:467,_RNvMNtCsh5cigu73tlT_8hayabusa4yamlNtB2_9ParseYaml3new
FNDA:0,_RNCNCINvMNtCsh5cigu73tlT_8hayabusa4yamlNtB7_9ParseYaml8read_dirRNtNtCs5LKwF2oluhI_3std4path4PathEs1_0s1_0B9_
FNDA:27,_RNCNCINvMNtCsh5cigu73tlT_8hayabusa4yamlNtB7_9ParseYaml8read_dirRNtNtCs5LKwF2oluhI_3std4path4PathEs1_00B9_
FNDA:133,_RNCINvMNtCsh5cigu73tlT_8hayabusa4yamlNtB5_9ParseYaml8read_dirRNtNtCs5LKwF2oluhI_3std4path4PathEs1_0B7_
FNDA:0,_RNCNCINvMNtCsh5cigu73tlT_8hayabusa4yamlNtB7_9ParseYaml8read_dirRNtNtCs5LKwF2oluhI_3std4path4PathEs0_00B9_
FNDA:0,_RINvMNtCsh5cigu73tlT_8hayabusa4yamlNtB3_9ParseYaml8read_dirNtNtCs5LKwF2oluhI_3std4path7PathBufEB5_
FNDA:0,_RNCNCINvMNtCsh5cigu73tlT_8hayabusa4yamlNtB7_9ParseYaml8read_dirReEs1_0s_0B9_
FNDA:0,_RNCNCINvMNtCsh5cigu73tlT_8hayabusa4yamlNtB7_9ParseYaml8read_dirReEs1_0s0_0B9_
FNDA:2,_RNCNvMNtCsh5cigu73tlT_8hayabusa4yamlNtB4_9ParseYaml9read_file0B6_
FNDA:0,_RNCNCINvMNtCsh5cigu73tlT_8hayabusa4yamlNtB7_9ParseYaml8read_dirNtNtCs5LKwF2oluhI_3std4path7PathBufEs0_00B9_
FNDA:0,_RNCINvMNtCsh5cigu73tlT_8hayabusa4yamlNtB5_9ParseYaml8read_dirRNtNtCs5LKwF2oluhI_3std4path4PathE0B7_
FNDA:0,_RNCNCINvMNtCsh5cigu73tlT_8hayabusa4yamlNtB7_9ParseYaml8read_dirNtNtCs5LKwF2oluhI_3std4path7PathBufEs1_0s1_0B9_
FNDA:0,_RNCINvMNtCsh5cigu73tlT_8hayabusa4yamlNtB5_9ParseYaml8read_dirNtNtCs5LKwF2oluhI_3std4path7PathBufEs0_0B7_
FNDA:0,_RNCNCINvMNtCsh5cigu73tlT_8hayabusa4yamlNtB7_9ParseYaml8read_dirReEs0_00B9_
FNDA:0,_RNCNCINvMNtCsh5cigu73tlT_8hayabusa4yamlNtB7_9ParseYaml8read_dirNtNtCs5LKwF2oluhI_3std4path7PathBufEs0_0s_0B9_
FNDA:0,_RNCINvMNtCsh5cigu73tlT_8hayabusa4yamlNtB5_9ParseYaml8read_dirReE0B7_
FNDA:13,_RNCNCINvMNtCsh5cigu73tlT_8hayabusa4yamlNtB7_9ParseYaml8read_dirReEs1_00B9_
FNDA:0,_RNCNCINvMNtCsh5cigu73tlT_8hayabusa4yamlNtB7_9ParseYaml8read_dirNtNtCs5LKwF2oluhI_3std4path7PathBufEs1_0s0_0B9_
FNDA:32,_RNCNCINvMNtCsh5cigu73tlT_8hayabusa4yamlNtB7_9ParseYaml8read_dirReEs0_0s_0B9_
FNDA:0,_RNCNCINvMNtCsh5cigu73tlT_8hayabusa4yamlNtB7_9ParseYaml8read_dirReEs1_0s1_0B9_
FNDA:0,_RNCINvMNtCsh5cigu73tlT_8hayabusa4yamlNtB5_9ParseYaml8read_dirNtNtCs5LKwF2oluhI_3std4path7PathBufEs_0B7_
FNDA:0,_RNCINvMNtCsh5cigu73tlT_8hayabusa4yamlNtB5_9ParseYaml8read_dirNtNtCs5LKwF2oluhI_3std4path7PathBufE0B7_
FNDA:34,_RNCINvMNtCsh5cigu73tlT_8hayabusa4yamlNtB5_9ParseYaml8read_dirReEs1_0B7_
FNDA:136,_RNCINvMNtCsh5cigu73tlT_8hayabusa4yamlNtB5_9ParseYaml8read_dirRNtNtCs5LKwF2oluhI_3std4path4PathEs0_0B7_
FNDA:0,_RNCNvMNtCsh5cigu73tlT_8hayabusa4yamlNtB4_9ParseYaml9read_files_0B6_
FNDA:0,_RNCINvMNtCsh5cigu73tlT_8hayabusa4yamlNtB5_9ParseYaml8read_dirRNtNtCs5LKwF2oluhI_3std4path4PathEs_0B7_
FNDA:2,_RNCINvMNtCsh5cigu73tlT_8hayabusa4yamlNtB5_9ParseYaml8read_dirReEs_0B7_
FNDA:0,_RNCINvMNtCsh5cigu73tlT_8hayabusa4yamlNtB5_9ParseYaml8read_dirNtNtCs5LKwF2oluhI_3std4path7PathBufEs1_0B7_
FNDA:8205,_RNCNCINvMNtCsk6AfKij8NQT_8hayabusa4yamlNtB7_9ParseYaml8read_dirNtNtCs5LKwF2oluhI_3std4path7PathBufEs1_00B9_
FNDA:0,_RNCINvMNtCsk6AfKij8NQT_8hayabusa4yamlNtB5_9ParseYaml8read_dirReEs_0B7_
FNDA:0,_RNCNCINvMNtCsk6AfKij8NQT_8hayabusa4yamlNtB7_9ParseYaml8read_dirReEs1_0s_0B9_
FNDA:0,_RNCNvMNtCsk6AfKij8NQT_8hayabusa4yamlNtB4_9ParseYaml9read_file0B6_
FNDA:0,_RNCNCINvMNtCsk6AfKij8NQT_8hayabusa4yamlNtB7_9ParseYaml8read_dirNtNtCs5LKwF2oluhI_3std4path7PathBufEs1_0s_0B9_
FNDA:0,_RNCNCINvMNtCsk6AfKij8NQT_8hayabusa4yamlNtB7_9ParseYaml8read_dirReEs0_00B9_
FNDA:0,_RNCINvMNtCsk6AfKij8NQT_8hayabusa4yamlNtB5_9ParseYaml8read_dirRNtNtCs5LKwF2oluhI_3std4path4PathE0B7_
FNDA:0,_RNCNCINvMNtCsk6AfKij8NQT_8hayabusa4yamlNtB7_9ParseYaml8read_dirReEs0_0s_0B9_
FNDA:12330,_RNvMNtCsk6AfKij8NQT_8hayabusa4yamlNtB2_9ParseYaml9read_file
FNDA:0,_RNCNCINvMNtCsk6AfKij8NQT_8hayabusa4yamlNtB7_9ParseYaml8read_dirNtNtCs5LKwF2oluhI_3std4path7PathBufEs0_00B9_
FNDA:21,_RNvMNtCsk6AfKij8NQT_8hayabusa4yamlNtB2_9ParseYaml3new
FNDA:5,_RINvMNtCsk6AfKij8NQT_8hayabusa4yamlNtB3_9ParseYaml8read_dirRNtNtCs5LKwF2oluhI_3std4path4PathEB5_
FNDA:0,_RNCNCINvMNtCsk6AfKij8NQT_8hayabusa4yamlNtB7_9ParseYaml8read_dirRNtNtCs5LKwF2oluhI_3std4path4PathEs1_0s1_0B9_
FNDA:0,_RNCNCINvMNtCsk6AfKij8NQT_8hayabusa4yamlNtB7_9ParseYaml8read_dirReEs1_00B9_
FNDA:0,_RNCNCINvMNtCsk6AfKij8NQT_8hayabusa4yamlNtB7_9ParseYaml8read_dirRNtNtCs5LKwF2oluhI_3std4path4PathEs0_0s_0B9_
FNDA:2,_RNCNCINvMNtCsk6AfKij8NQT_8hayabusa4yamlNtB7_9ParseYaml8read_dirRNtNtCs5LKwF2oluhI_3std4path4PathEs1_00B9_
FNDA:1320,_RINvMNtCsk6AfKij8NQT_8hayabusa4yamlNtB3_9ParseYaml8read_dirNtNtCs5LKwF2oluhI_3std4path7PathBufEB5_
FNDA:12312,_RNCNCINvMNtCsk6AfKij8NQT_8hayabusa4yamlNtB7_9ParseYaml8read_dirNtNtCs5LKwF2oluhI_3std4path7PathBufEs0_0s_0B9_
FNDA:0,_RNCNCINvMNtCsk6AfKij8NQT_8hayabusa4yamlNtB7_9ParseYaml8read_dirNtNtCs5LKwF2oluhI_3std4path7PathBufEs1_0s0_0B9_
FNDA:2,_RNCINvMNtCsk6AfKij8NQT_8hayabusa4yamlNtB5_9ParseYaml8read_dirRNtNtCs5LKwF2oluhI_3std4path4PathEs_0B7_
FNDA:12312,_RNCINvMNtCsk6AfKij8NQT_8hayabusa4yamlNtB5_9ParseYaml8read_dirNtNtCs5LKwF2oluhI_3std4path7PathBufEs1_0B7_
FNDA:2,_RNCINvMNtCsk6AfKij8NQT_8hayabusa4yamlNtB5_9ParseYaml8read_dirRNtNtCs5LKwF2oluhI_3std4path4PathEs1_0B7_
FNDA:13752,_RNCINvMNtCsk6AfKij8NQT_8hayabusa4yamlNtB5_9ParseYaml8read_dirNtNtCs5LKwF2oluhI_3std4path7PathBufEs0_0B7_
FNDA:39,_RNCINvMNtCsk6AfKij8NQT_8hayabusa4yamlNtB5_9ParseYaml8read_dirRNtNtCs5LKwF2oluhI_3std4path4PathEs0_0B7_
FNDA:0,_RNCNCINvMNtCsk6AfKij8NQT_8hayabusa4yamlNtB7_9ParseYaml8read_dirRNtNtCs5LKwF2oluhI_3std4path4PathEs1_0s0_0B9_
FNDA:6,_RNCNCINvMNtCsk6AfKij8NQT_8hayabusa4yamlNtB7_9ParseYaml8read_dirRNtNtCs5LKwF2oluhI_3std4path4PathEs0_00B9_
FNDA:0,_RINvMNtCsk6AfKij8NQT_8hayabusa4yamlNtB3_9ParseYaml8read_dirReEB5_
FNDA:0,_RNCNCINvMNtCsk6AfKij8NQT_8hayabusa4yamlNtB7_9ParseYaml8read_dirReEs1_0s1_0B9_
FNDA:0,_RNCINvMNtCsk6AfKij8NQT_8hayabusa4yamlNtB5_9ParseYaml8read_dirReEs0_0B7_
FNDA:0,_RNCNCINvMNtCsk6AfKij8NQT_8hayabusa4yamlNtB7_9ParseYaml8read_dirRNtNtCs5LKwF2oluhI_3std4path4PathEs1_0s_0B9_
FNDA:0,_RNCINvMNtCsk6AfKij8NQT_8hayabusa4yamlNtB5_9ParseYaml8read_dirReEs1_0B7_
FNDA:0,_RNCINvMNtCsk6AfKij8NQT_8hayabusa4yamlNtB5_9ParseYaml8read_dirReE0B7_
FNDA:0,_RNCINvMNtCsk6AfKij8NQT_8hayabusa4yamlNtB5_9ParseYaml8read_dirNtNtCs5LKwF2oluhI_3std4path7PathBufEs_0B7_
FNDA:0,_RNCNvMNtCsk6AfKij8NQT_8hayabusa4yamlNtB4_9ParseYaml9read_files_0B6_
FNDA:0,_RNCINvMNtCsk6AfKij8NQT_8hayabusa4yamlNtB5_9ParseYaml8read_dirNtNtCs5LKwF2oluhI_3std4path7PathBufE0B7_
FNDA:0,_RNCNCINvMNtCsk6AfKij8NQT_8hayabusa4yamlNtB7_9ParseYaml8read_dirReEs1_0s0_0B9_
FNDA:0,_RNCNCINvMNtCsk6AfKij8NQT_8hayabusa4yamlNtB7_9ParseYaml8read_dirNtNtCs5LKwF2oluhI_3std4path7PathBufEs1_0s1_0B9_
FNF:70
FNH:67
DA:30,488
DA:31,488
DA:32,479
DA:34,9
DA:36,488
DA:37,488
DA:38,488
DA:39,488
DA:40,488
DA:41,488
DA:42,488
DA:43,488
DA:44,488
DA:45,488
DA:46,488
DA:47,488
DA:48,488
DA:49,488
DA:50,488
DA:51,488
DA:52,488
DA:53,488
DA:54,488
DA:55,488
DA:57,12937
DA:58,12937
DA:60,12937
DA:61,12937
DA:62,12937
DA:64,12935
DA:65,12935
DA:67,12935
DA:68,12937
DA:70,1356
DA:71,1356
DA:72,1356
DA:73,1356
DA:74,1356
DA:75,1356
DA:76,1356
DA:77,1356
DA:78,1356
DA:79,1356
DA:80,0
DA:81,0
DA:83,0
DA:85,0
DA:86,0
DA:87,0
DA:88,0
DA:89,0
DA:90,0
DA:91,0
DA:92,0
DA:93,0
DA:94,0
DA:95,0
DA:96,0
DA:97,0
DA:98,0
DA:99,0
DA:100,0
DA:101,0
DA:102,0
DA:103,1356
DA:104,1356
DA:105,1356
DA:107,4
DA:108,4
DA:109,4
DA:110,4
DA:111,4
DA:112,4
DA:114,0
DA:115,4
DA:116,4
DA:117,4
DA:118,4
DA:119,4
DA:120,0
DA:121,0
DA:122,0
DA:123,0
DA:124,0
DA:125,0
DA:126,0
DA:127,0
DA:128,0
DA:129,0
DA:130,0
DA:131,0
DA:132,0
DA:133,0
DA:134,0
DA:135,0
DA:136,4
DA:137,4
DA:138,4
DA:139,4
DA:140,4
DA:141,0
DA:142,0
DA:143,0
DA:144,0
DA:145,0
DA:146,0
DA:147,0
DA:148,0
DA:149,0
DA:150,0
DA:151,0
DA:152,0
DA:153,0
DA:154,0
DA:155,0
DA:156,0
DA:157,4
DA:158,4
DA:159,4
DA:160,4
DA:161,4
DA:162,4
DA:164,1352
DA:165,13960
DA:166,13960
DA:168,13960
DA:169,1320
DA:170,1320
DA:171,1320
DA:172,1320
DA:173,1320
DA:174,1320
DA:175,1320
DA:176,1320
DA:177,12640
DA:178,12640
DA:179,12640
DA:180,0
DA:181,12640
DA:182,12640
DA:183,12640
DA:184,12640
DA:185,12640
DA:186,159
DA:187,12481
DA:188,12481
DA:189,12481
DA:190,12481
DA:191,12481
DA:192,12481
DA:194,0
DA:195,12481
DA:196,12481
DA:197,12481
DA:198,12481
DA:199,12481
DA:201,0
DA:202,12481
DA:203,12481
DA:204,12481
DA:205,12481
DA:206,12481
DA:207,0
DA:208,0
DA:209,0
DA:210,0
DA:211,0
DA:212,0
DA:213,0
DA:214,0
DA:215,0
DA:216,0
DA:217,0
DA:218,0
DA:219,0
DA:220,0
DA:221,0
DA:222,0
DA:223,12481
DA:224,12481
DA:225,12481
DA:226,12481
DA:227,12481
DA:228,4
DA:229,4
DA:230,4
DA:231,4
DA:232,4
DA:233,4
DA:234,0
DA:235,4
DA:236,4
DA:237,4
DA:238,4
DA:239,4
DA:240,4
DA:241,4
DA:242,4
DA:243,4
DA:244,12477
DA:245,12477
DA:246,12477
DA:247,12477
DA:248,12477
DA:249,12477
DA:250,12477
DA:251,12477
DA:252,13960
DA:254,1356
DA:255,12481
DA:256,12481
DA:257,12481
DA:258,12481
DA:259,12355
DA:260,12355
DA:261,12355
DA:263,149
DA:264,103
DA:266,46
DA:269,149
DA:270,149
DA:271,149
DA:272,149
DA:273,149
DA:274,149
DA:275,149
DA:277,0
DA:280,149
DA:281,149
DA:282,0
DA:283,12206
DA:284,12206
DA:285,12206
DA:286,0
DA:287,0
DA:288,0
DA:289,0
DA:290,0
DA:291,0
DA:292,12206
DA:293,0
DA:294,126
DA:296,12332
DA:297,8247
DA:298,8247
DA:299,8247
DA:301,12332
DA:302,17
DA:303,3
DA:304,3
DA:305,3
DA:306,14
DA:307,17
DA:309,12332
DA:310,12332
DA:312,12201
DA:313,0
DA:314,0
DA:315,12201
DA:316,12201
DA:317,12201
DA:318,526
DA:319,526
DA:320,526
DA:321,526
DA:322,526
DA:323,11675
DA:324,136
DA:325,136
DA:326,136
DA:327,136
DA:328,136
DA:331,662
DA:332,662
DA:333,11539
DA:334,131
DA:336,11670
DA:337,11669
DA:338,11669
DA:339,11669
DA:340,11669
DA:341,11669
DA:343,11669
DA:344,11669
DA:345,11669
DA:346,11669
DA:347,11669
DA:348,15
DA:349,15
DA:350,11654
DA:352,11669
DA:353,11669
DA:354,11669
DA:355,11669
DA:356,11669
DA:357,15
DA:358,15
DA:359,11654
DA:361,11669
DA:362,15
DA:364,12
DA:365,12
DA:366,11657
DA:367,11657
DA:368,15
DA:370,3
DA:371,3
DA:372,11654
DA:373,1
DA:376,11655
DA:377,11654
DA:378,11654
DA:379,11654
DA:380,11654
DA:381,11654
DA:382,11654
DA:384,5
DA:385,5
DA:386,5
DA:387,5
DA:388,5
DA:389,5
DA:390,5
DA:391,5
DA:392,5
DA:393,5
DA:394,5
DA:395,5
DA:396,5
DA:397,2
DA:398,2
DA:399,3
DA:401,0
DA:402,0
DA:404,11650
DA:407,11653
DA:408,11652
DA:409,11652
DA:410,11652
DA:411,11652
DA:412,11652
DA:413,11652
DA:415,0
DA:416,0
DA:417,0
DA:418,0
DA:419,0
DA:420,0
DA:421,0
DA:422,0
DA:423,0
DA:424,0
DA:425,0
DA:426,0
DA:427,0
DA:428,0
DA:429,0
DA:430,0
DA:431,0
DA:432,11653
DA:434,11653
DA:435,11653
DA:436,11653
DA:437,7585
DA:438,7585
DA:439,7585
DA:440,7585
DA:441,7585
DA:442,7585
DA:443,7585
DA:444,7585
DA:445,7585
DA:446,7585
DA:447,7585
DA:448,7585
DA:449,7585
DA:450,7585
DA:452,11653
DA:453,0
DA:454,11653
DA:457,11653
DA:458,11653
DA:459,11653
DA:460,11653
DA:461,11653
DA:462,11653
DA:463,11653
DA:464,11653
DA:465,11643
DA:467,30
DA:468,11623
DA:469,11623
DA:470,11623
DA:471,12481
DA:472,1356
DA:473,1356
DA:474,1356
DA:495,27
DA:496,27
DA:497,27
DA:498,27
DA:499,27
DA:500,27
DA:501,27
DA:502,27
DA:503,27
DA:504,27
DA:505,27
DA:506,27
DA:507,27
DA:508,27
DA:509,27
DA:510,27
DA:511,27
DA:512,27
DA:513,27
DA:514,27
DA:515,27
DA:516,27
DA:517,27
DA:518,27
DA:519,27
DA:520,27
DA:521,27
DA:522,27
DA:523,27
DA:524,27
DA:525,27
DA:526,27
DA:527,27
DA:528,27
DA:529,27
DA:530,27
DA:531,27
DA:532,27
DA:533,27
DA:534,27
DA:535,27
DA:536,27
DA:537,27
DA:538,27
DA:539,27
DA:540,27
DA:541,27
DA:542,27
DA:543,27
DA:544,27
DA:545,27
DA:546,27
DA:547,27
DA:548,27
DA:549,27
DA:550,27
DA:551,27
DA:552,27
DA:553,27
DA:554,27
DA:555,27
DA:556,27
DA:557,27
DA:558,27
DA:559,27
DA:561,1
DA:562,1
DA:563,1
DA:564,1
DA:565,1
DA:566,1
DA:567,1
DA:568,1
DA:569,1
DA:570,1
DA:571,1
DA:572,1
DA:573,1
DA:574,1
DA:576,1
DA:577,1
DA:578,1
DA:579,1
DA:580,1
DA:581,1
DA:582,1
DA:583,1
DA:584,1
DA:585,1
DA:586,1
DA:587,1
DA:588,1
DA:589,1
DA:590,1
DA:591,1
DA:593,1
DA:594,1
DA:595,1
DA:596,1
DA:597,1
DA:598,1
DA:599,2
DA:600,1
DA:601,1
DA:602,1
DA:603,1
DA:604,1
DA:605,1
DA:606,0
DA:608,1
DA:610,1
DA:611,1
DA:612,1
DA:613,1
DA:614,1
DA:615,1
DA:616,1
DA:617,1
DA:619,1
DA:621,1
DA:622,1
DA:623,1
DA:624,1
DA:625,1
DA:626,1
DA:627,1
DA:628,1
DA:629,1
DA:630,1
DA:631,1
DA:632,1
DA:633,1
DA:634,1
DA:636,1
DA:637,1
DA:638,1
DA:639,1
DA:640,1
DA:641,1
DA:642,1
DA:643,1
DA:644,1
DA:645,1
DA:646,1
DA:647,1
DA:648,1
DA:649,1
DA:650,1
DA:651,1
DA:652,1
DA:653,1
DA:654,1
DA:655,1
DA:656,1
DA:657,1
DA:658,1
DA:659,1
DA:660,1
DA:661,1
DA:662,1
DA:663,1
DA:664,1
DA:665,1
DA:666,1
DA:667,1
DA:668,1
DA:669,1
DA:670,1
DA:671,1
DA:672,1
DA:673,1
DA:674,1
DA:675,1
DA:676,1
DA:677,1
DA:678,1
DA:679,1
DA:680,1
DA:681,1
DA:682,1
DA:683,1
DA:684,1
DA:685,1
DA:686,1
DA:687,1
DA:688,1
DA:689,1
DA:690,1
DA:691,1
DA:692,1
DA:693,1
DA:694,1
DA:695,1
DA:696,1
DA:697,1
DA:698,1
DA:699,1
DA:700,1
DA:701,1
DA:702,1
DA:703,1
DA:704,1
DA:705,1
DA:706,1
DA:707,1
DA:708,1
DA:709,1
DA:710,1
DA:711,1
DA:712,1
DA:713,1
DA:714,1
DA:715,1
DA:716,1
DA:717,1
DA:718,1
DA:719,1
DA:720,1
DA:721,1
DA:722,1
DA:723,1
DA:724,1
DA:725,1
DA:726,1
DA:727,1
DA:728,1
DA:729,1
DA:730,1
DA:731,1
DA:732,1
DA:733,1
DA:734,1
DA:735,1
DA:736,1
DA:737,1
DA:738,1
DA:739,1
DA:740,1
DA:741,1
DA:742,1
DA:743,1
DA:744,1
DA:745,1
DA:746,1
DA:747,1
DA:748,1
DA:749,1
DA:750,1
DA:751,1
DA:752,1
DA:753,1
DA:754,1
DA:755,1
DA:756,1
DA:757,1
DA:758,1
DA:759,1
DA:760,1
DA:761,1
DA:762,1
DA:763,1
DA:765,1
DA:766,1
DA:767,1
DA:768,1
DA:769,1
DA:770,1
DA:771,1
DA:772,1
DA:773,1
DA:774,1
DA:775,1
DA:776,1
DA:777,1
DA:779,1
DA:780,1
DA:781,1
DA:782,1
DA:783,1
DA:784,1
DA:785,1
DA:786,1
DA:787,1
DA:788,1
DA:789,1
DA:790,1
DA:791,1
DA:792,1
DA:793,1
DA:795,1
DA:796,1
DA:797,1
DA:798,1
DA:799,1
DA:800,1
DA:801,1
DA:802,1
DA:803,1
DA:804,1
DA:805,1
DA:806,1
DA:807,1
DA:808,1
DA:809,1
DA:811,1
DA:812,1
DA:813,1
DA:814,1
DA:815,1
DA:816,1
DA:817,1
DA:818,1
DA:819,1
DA:820,1
DA:821,1
DA:822,1
DA:823,1
DA:824,1
DA:825,1
DA:827,1
DA:828,1
DA:829,1
DA:830,1
DA:831,1
DA:832,1
DA:833,1
DA:834,1
DA:835,1
DA:836,1
DA:837,1
DA:838,1
DA:839,1
DA:840,1
DA:841,1
DA:843,1
DA:844,1
DA:845,1
DA:846,1
DA:847,1
DA:848,1
DA:849,1
DA:850,1
DA:851,1
DA:852,1
DA:853,1
DA:854,1
DA:855,1
DA:856,1
DA:857,1
DA:859,1
DA:860,1
DA:861,1
DA:862,1
DA:863,1
DA:864,1
DA:865,1
DA:866,1
DA:867,1
DA:868,1
DA:869,1
DA:870,1
DA:871,1
DA:872,1
DA:873,1
DA:874,1
DA:875,1
DA:876,1
DA:877,1
DA:878,1
DA:880,1
DA:881,1
DA:882,1
DA:883,1
DA:884,1
DA:885,1
DA:886,1
DA:887,1
DA:888,1
DA:889,1
DA:890,1
DA:891,1
DA:892,1
DA:893,1
DA:894,1
DA:895,1
DA:896,1
DA:897,1
DA:898,1
DA:899,1
DA:901,1
DA:902,1
DA:903,1
DA:904,1
DA:905,1
DA:906,1
DA:907,1
DA:908,1
DA:909,1
DA:910,1
DA:911,1
DA:912,1
DA:913,1
DA:914,1
DA:915,1
DA:916,1
DA:917,1
DA:918,1
DA:919,1
DA:920,1
DA:921,1
DA:922,1
DA:923,1
DA:925,1
DA:926,1
DA:927,1
DA:928,1
DA:929,1
DA:930,1
DA:931,1
DA:932,1
DA:933,1
DA:934,1
DA:935,1
DA:936,1
DA:937,1
DA:938,1
DA:939,1
DA:940,1
DA:941,1
DA:942,1
DA:943,1
DA:944,1
DA:946,1
DA:947,1
DA:948,1
DA:949,1
DA:950,1
DA:951,1
DA:952,1
DA:953,1
DA:954,1
DA:955,1
DA:956,1
DA:957,1
DA:958,1
DA:959,1
DA:960,1
DA:961,1
DA:962,1
DA:963,1
DA:964,1
DA:965,1
DA:967,1
DA:968,1
DA:969,1
DA:970,1
DA:971,1
DA:972,1
DA:973,1
DA:974,1
DA:975,1
DA:976,1
DA:977,1
DA:978,1
DA:979,1
DA:980,1
DA:981,1
DA:982,1
DA:983,1
DA:984,1
DA:985,1
DA:986,1
DA:987,1
DA:988,1
DA:989,1
DA:991,1
DA:992,1
DA:993,1
DA:994,1
DA:995,1
DA:996,1
DA:997,1
DA:998,1
DA:999,1
DA:1000,1
DA:1001,1
DA:1002,1
DA:1003,1
DA:1004,1
DA:1005,1
DA:1006,1
DA:1007,1
DA:1008,1
DA:1009,1
DA:1010,1
BRF:0
BRH:0
LF:910
LH:790
end_of_record