SF:D:\opensource\hayabusa\src\afterfact.rs
FN:1609,_RNvNtCs5DPfXlAluY4_8hayabusa9afterfact14__get_timestamp
FN:90,_RNvXNtCs5DPfXlAluY4_8hayabusa9afterfactNtB2_13AfterfactInfoNtNtCshEwRaVhoEM3_4core7default7Default7default
FN:158,_RNvNtCs5DPfXlAluY4_8hayabusa9afterfact11init_writer
FN:201,_RNvNtCs5DPfXlAluY4_8hayabusa9afterfact16output_afterfact
FN:218,_RNvNtCs5DPfXlAluY4_8hayabusa9afterfact8emit_csv
FN:243,_RNvNtCs5DPfXlAluY4_8hayabusa9afterfact20output_afterfact_err
FN:248,_RNvNtCs5DPfXlAluY4_8hayabusa9afterfact22output_afterfact_inner
FN:293,_RNvNtCs5DPfXlAluY4_8hayabusa9afterfact14emit_csv_inner
FN:426,_RNCNvNtCs5DPfXlAluY4_8hayabusa9afterfact14emit_csv_inner0B5_
FN:431,_RNCNvNtCs5DPfXlAluY4_8hayabusa9afterfact14emit_csv_inners_0B5_
FN:482,_RNvNtCs5DPfXlAluY4_8hayabusa9afterfact19calc_statistic_info
FN:507,_RNCNvNtCs5DPfXlAluY4_8hayabusa9afterfact19calc_statistic_info0B5_
FN:575,_RNvNtCs5DPfXlAluY4_8hayabusa9afterfact27output_additional_afterfact
FN:898,_RNvNtCs5DPfXlAluY4_8hayabusa9afterfact16sort_detect_info
FN:899,_RNCNvNtCs5DPfXlAluY4_8hayabusa9afterfact16sort_detect_info0B5_
FN:926,_RNvNtCs5DPfXlAluY4_8hayabusa9afterfact16get_level_suffix
FN:938,_RNvNtCs5DPfXlAluY4_8hayabusa9afterfact19get_duplicate_idxes
FN:960,_RNCNvNtCs5DPfXlAluY4_8hayabusa9afterfact19get_duplicate_idxes0B5_
FN:973,_RNvNtCs5DPfXlAluY4_8hayabusa9afterfact23create_output_color_map
FN:996,_RNCNvNtCs5DPfXlAluY4_8hayabusa9afterfact23create_output_color_map0B5_
FN:1030,_RNvNtCs5DPfXlAluY4_8hayabusa9afterfact17__get_output_color
FN:1038,_RNvNtCs5DPfXlAluY4_8hayabusa9afterfact16__get_table_color
FN:1050,_RNvNtCs5DPfXlAluY4_8hayabusa9afterfact20__print_timeline_hist
FN:1097,_RNvNtCs5DPfXlAluY4_8hayabusa9afterfact19countup_aggregation
FN:1105,_RNCNvNtCs5DPfXlAluY4_8hayabusa9afterfact19countup_aggregation0B5_
FN:1121,_RNvNtCs5DPfXlAluY4_8hayabusa9afterfact27__get_serialized_disp_output
FN:1262,_RNvNtCs5DPfXlAluY4_8hayabusa9afterfact15__format_cellpos
FN:1271,_RNvNtCs5DPfXlAluY4_8hayabusa9afterfact21__print_unique_results
FN:1359,_RNvNtCs5DPfXlAluY4_8hayabusa9afterfact32__print_detection_summary_by_date
FN:1415,_RNvNtCs5DPfXlAluY4_8hayabusa9afterfact36__print_detection_summary_by_computer
FN:1434,_RNCNvNtCs5DPfXlAluY4_8hayabusa9afterfact36__print_detection_summary_by_computer0B5_
FN:1437,_RNCNvNtCs5DPfXlAluY4_8hayabusa9afterfact36__print_detection_summary_by_computers_0B5_
FN:1485,_RNvNtCs5DPfXlAluY4_8hayabusa9afterfact31__print_detection_summary_tables
FN:1519,_RNCNvNtCs5DPfXlAluY4_8hayabusa9afterfact31__print_detection_summary_tables0B5_
FN:1623,_RNvNtCs5DPfXlAluY4_8hayabusa9afterfact13__get_json_vec
FN:1626,_RNCNvNtCs5DPfXlAluY4_8hayabusa9afterfact13__get_json_vec0B5_
FN:1629,_RNCNvNtCs5DPfXlAluY4_8hayabusa9afterfact13__get_json_vecs_0B5_
FN:1641,_RNvNtCs5DPfXlAluY4_8hayabusa9afterfact26__create_json_output_format
FN:1650,_RNCNvNtCs5DPfXlAluY4_8hayabusa9afterfact26__create_json_output_format0B5_
FN:1661,_RNCNvNtCs5DPfXlAluY4_8hayabusa9afterfact26__create_json_output_formats_0B5_
FN:1711,_RNvNtCs5DPfXlAluY4_8hayabusa9afterfact23__convert_valid_json_str
FN:1749,_RNvNtCs5DPfXlAluY4_8hayabusa9afterfact15output_json_str
FN:1819,_RNCNvNtCs5DPfXlAluY4_8hayabusa9afterfact15output_json_str0B5_
FN:1927,_RNCNvNtCs5DPfXlAluY4_8hayabusa9afterfact15output_json_strs_0B5_
FN:2004,_RNCNvNtCs5DPfXlAluY4_8hayabusa9afterfact15output_json_strs0_0B5_
FN:2026,_RNCNvNtCs5DPfXlAluY4_8hayabusa9afterfact15output_json_strs1_0B5_
FN:2045,_RNCNvNtCs5DPfXlAluY4_8hayabusa9afterfact15output_json_strs2_0B5_
FN:2055,_RNvNtCs5DPfXlAluY4_8hayabusa9afterfact28output_detected_rule_authors
FN:2061,_RNCNvNtCs5DPfXlAluY4_8hayabusa9afterfact28output_detected_rule_authors0B5_
FN:2110,_RNvNtCs5DPfXlAluY4_8hayabusa9afterfact19extract_author_name
FN:2128,_RNCNvNtCs5DPfXlAluY4_8hayabusa9afterfact19extract_author_name0B5_
FN:2138,_RNCNvNtCs5DPfXlAluY4_8hayabusa9afterfact19extract_author_names_0B5_
FN:2140,_RNCNCNvNtCs5DPfXlAluY4_8hayabusa9afterfact19extract_author_names_00B7_
FN:2151,_RNvNtCs5DPfXlAluY4_8hayabusa9afterfact36__output_html_computer_by_mitre_attck
FN:2158,_RNCNvNtCs5DPfXlAluY4_8hayabusa9afterfact36__output_html_computer_by_mitre_attck0B5_
FN:1682,_RNCNvNtCs5DPfXlAluY4_8hayabusa9afterfact26__create_json_output_formats0_0B5_
FN:1698,_RNCNvNtCs5DPfXlAluY4_8hayabusa9afterfact26__create_json_output_formats1_0B5_
FN:1936,_RNCNvNtCs5DPfXlAluY4_8hayabusa9afterfact15output_json_strs3_0B5_
FN:2016,_RNCNvNtCs5DPfXlAluY4_8hayabusa9afterfact15output_json_strs4_0B5_
FN:3944,_RNvNtNtCsNhz5SapXcJ_8hayabusa9afterfact5tests18check_hashmap_data
FN:2211,_RNvNtNtCsNhz5SapXcJ_8hayabusa9afterfact5testss_20test_emit_csv_output
FN:2547,_RNvNtNtCsNhz5SapXcJ_8hayabusa9afterfact5testss_39test_emit_csv_output_with_multiline_opt
FN:2877,_RNvNtNtCsNhz5SapXcJ_8hayabusa9afterfact5testss_46test_emit_csv_output_with_remove_duplicate_opt
FN:3208,_RNvNtNtCsNhz5SapXcJ_8hayabusa9afterfact5testss_47test_emit_json_output_with_remove_duplicate_opt
FN:3613,_RNvNtNtCsNhz5SapXcJ_8hayabusa9afterfact5testss_51test_emit_json_output_with_multiple_data_in_details
FN:3957,_RNvNtNtCsNhz5SapXcJ_8hayabusa9afterfact5testss_35test_set_output_color_no_color_flag
FN:3963,_RNvNtNtCsNhz5SapXcJ_8hayabusa9afterfact5testss_25test_emit_csv_json_output
FN:4238,_RNvNtNtCsNhz5SapXcJ_8hayabusa9afterfact5testss_26test_emit_csv_jsonl_output
FN:201,_RNvNtCsNhz5SapXcJ_8hayabusa9afterfact16output_afterfact
FN:218,_RNvNtCsNhz5SapXcJ_8hayabusa9afterfact8emit_csv
FN:243,_RNvNtCsNhz5SapXcJ_8hayabusa9afterfact20output_afterfact_err
FN:1609,_RNvNtCsNhz5SapXcJ_8hayabusa9afterfact14__get_timestamp
FN:90,_RNvXNtCsNhz5SapXcJ_8hayabusa9afterfactNtB2_13AfterfactInfoNtNtCshEwRaVhoEM3_4core7default7Default7default
FN:158,_RNvNtCsNhz5SapXcJ_8hayabusa9afterfact11init_writer
FN:248,_RNvNtCsNhz5SapXcJ_8hayabusa9afterfact22output_afterfact_inner
FN:293,_RNvNtCsNhz5SapXcJ_8hayabusa9afterfact14emit_csv_inner
FN:426,_RNCNvNtCsNhz5SapXcJ_8hayabusa9afterfact14emit_csv_inner0B5_
FN:431,_RNCNvNtCsNhz5SapXcJ_8hayabusa9afterfact14emit_csv_inners_0B5_
FN:482,_RNvNtCsNhz5SapXcJ_8hayabusa9afterfact19calc_statistic_info
FN:507,_RNCNvNtCsNhz5SapXcJ_8hayabusa9afterfact19calc_statistic_info0B5_
FN:575,_RNvNtCsNhz5SapXcJ_8hayabusa9afterfact27output_additional_afterfact
FN:898,_RNvNtCsNhz5SapXcJ_8hayabusa9afterfact16sort_detect_info
FN:899,_RNCNvNtCsNhz5SapXcJ_8hayabusa9afterfact16sort_detect_info0B5_
FN:926,_RNvNtCsNhz5SapXcJ_8hayabusa9afterfact16get_level_suffix
FN:938,_RNvNtCsNhz5SapXcJ_8hayabusa9afterfact19get_duplicate_idxes
FN:960,_RNCNvNtCsNhz5SapXcJ_8hayabusa9afterfact19get_duplicate_idxes0B5_
FN:973,_RNvNtCsNhz5SapXcJ_8hayabusa9afterfact23create_output_color_map
FN:996,_RNCNvNtCsNhz5SapXcJ_8hayabusa9afterfact23create_output_color_map0B5_
FN:1030,_RNvNtCsNhz5SapXcJ_8hayabusa9afterfact17__get_output_color
FN:1038,_RNvNtCsNhz5SapXcJ_8hayabusa9afterfact16__get_table_color
FN:1050,_RNvNtCsNhz5SapXcJ_8hayabusa9afterfact20__print_timeline_hist
FN:1097,_RNvNtCsNhz5SapXcJ_8hayabusa9afterfact19countup_aggregation
FN:1105,_RNCNvNtCsNhz5SapXcJ_8hayabusa9afterfact19countup_aggregation0B5_
FN:1121,_RNvNtCsNhz5SapXcJ_8hayabusa9afterfact27__get_serialized_disp_output
FN:1262,_RNvNtCsNhz5SapXcJ_8hayabusa9afterfact15__format_cellpos
FN:1271,_RNvNtCsNhz5SapXcJ_8hayabusa9afterfact21__print_unique_results
FN:1359,_RNvNtCsNhz5SapXcJ_8hayabusa9afterfact32__print_detection_summary_by_date
FN:1415,_RNvNtCsNhz5SapXcJ_8hayabusa9afterfact36__print_detection_summary_by_computer
FN:1434,_RNCNvNtCsNhz5SapXcJ_8hayabusa9afterfact36__print_detection_summary_by_computer0B5_
FN:1437,_RNCNvNtCsNhz5SapXcJ_8hayabusa9afterfact36__print_detection_summary_by_computers_0B5_
FN:1485,_RNvNtCsNhz5SapXcJ_8hayabusa9afterfact31__print_detection_summary_tables
FN:1519,_RNCNvNtCsNhz5SapXcJ_8hayabusa9afterfact31__print_detection_summary_tables0B5_
FN:1623,_RNvNtCsNhz5SapXcJ_8hayabusa9afterfact13__get_json_vec
FN:1626,_RNCNvNtCsNhz5SapXcJ_8hayabusa9afterfact13__get_json_vec0B5_
FN:1629,_RNCNvNtCsNhz5SapXcJ_8hayabusa9afterfact13__get_json_vecs_0B5_
FN:1641,_RNvNtCsNhz5SapXcJ_8hayabusa9afterfact26__create_json_output_format
FN:1650,_RNCNvNtCsNhz5SapXcJ_8hayabusa9afterfact26__create_json_output_format0B5_
FN:1661,_RNCNvNtCsNhz5SapXcJ_8hayabusa9afterfact26__create_json_output_formats_0B5_
FN:1711,_RNvNtCsNhz5SapXcJ_8hayabusa9afterfact23__convert_valid_json_str
FN:1749,_RNvNtCsNhz5SapXcJ_8hayabusa9afterfact15output_json_str
FN:1819,_RNCNvNtCsNhz5SapXcJ_8hayabusa9afterfact15output_json_str0B5_
FN:1927,_RNCNvNtCsNhz5SapXcJ_8hayabusa9afterfact15output_json_strs_0B5_
FN:2004,_RNCNvNtCsNhz5SapXcJ_8hayabusa9afterfact15output_json_strs0_0B5_
FN:2026,_RNCNvNtCsNhz5SapXcJ_8hayabusa9afterfact15output_json_strs1_0B5_
FN:2045,_RNCNvNtCsNhz5SapXcJ_8hayabusa9afterfact15output_json_strs2_0B5_
FN:2055,_RNvNtCsNhz5SapXcJ_8hayabusa9afterfact28output_detected_rule_authors
FN:2061,_RNCNvNtCsNhz5SapXcJ_8hayabusa9afterfact28output_detected_rule_authors0B5_
FN:2110,_RNvNtCsNhz5SapXcJ_8hayabusa9afterfact19extract_author_name
FN:2128,_RNCNvNtCsNhz5SapXcJ_8hayabusa9afterfact19extract_author_name0B5_
FN:2138,_RNCNvNtCsNhz5SapXcJ_8hayabusa9afterfact19extract_author_names_0B5_
FN:2140,_RNCNCNvNtCsNhz5SapXcJ_8hayabusa9afterfact19extract_author_names_00B7_
FN:2151,_RNvNtCsNhz5SapXcJ_8hayabusa9afterfact36__output_html_computer_by_mitre_attck
FN:2158,_RNCNvNtCsNhz5SapXcJ_8hayabusa9afterfact36__output_html_computer_by_mitre_attck0B5_
FN:1682,_RNCNvNtCsNhz5SapXcJ_8hayabusa9afterfact26__create_json_output_formats0_0B5_
FN:1698,_RNCNvNtCsNhz5SapXcJ_8hayabusa9afterfact26__create_json_output_formats1_0B5_
FN:1936,_RNCNvNtCsNhz5SapXcJ_8hayabusa9afterfact15output_json_strs3_0B5_
FN:2016,_RNCNvNtCsNhz5SapXcJ_8hayabusa9afterfact15output_json_strs4_0B5_
FNDA:0,_RNvNtCs5DPfXlAluY4_8hayabusa9afterfact14__get_timestamp
FNDA:8,_RNvXNtCs5DPfXlAluY4_8hayabusa9afterfactNtB2_13AfterfactInfoNtNtCshEwRaVhoEM3_4core7default7Default7default
FNDA:8,_RNvNtCs5DPfXlAluY4_8hayabusa9afterfact11init_writer
FNDA:2,_RNvNtCs5DPfXlAluY4_8hayabusa9afterfact16output_afterfact
FNDA:0,_RNvNtCs5DPfXlAluY4_8hayabusa9afterfact8emit_csv
FNDA:0,_RNvNtCs5DPfXlAluY4_8hayabusa9afterfact20output_afterfact_err
FNDA:2,_RNvNtCs5DPfXlAluY4_8hayabusa9afterfact22output_afterfact_inner
FNDA:2,_RNvNtCs5DPfXlAluY4_8hayabusa9afterfact14emit_csv_inner
FNDA:9,_RNCNvNtCs5DPfXlAluY4_8hayabusa9afterfact14emit_csv_inner0B5_
FNDA:9,_RNCNvNtCs5DPfXlAluY4_8hayabusa9afterfact14emit_csv_inners_0B5_
FNDA:2,_RNvNtCs5DPfXlAluY4_8hayabusa9afterfact19calc_statistic_info
FNDA:0,_RNCNvNtCs5DPfXlAluY4_8hayabusa9afterfact19calc_statistic_info0B5_
FNDA:2,_RNvNtCs5DPfXlAluY4_8hayabusa9afterfact27output_additional_afterfact
FNDA:2,_RNvNtCs5DPfXlAluY4_8hayabusa9afterfact16sort_detect_info
FNDA:0,_RNCNvNtCs5DPfXlAluY4_8hayabusa9afterfact16sort_detect_info0B5_
FNDA:0,_RNvNtCs5DPfXlAluY4_8hayabusa9afterfact16get_level_suffix
FNDA:0,_RNvNtCs5DPfXlAluY4_8hayabusa9afterfact19get_duplicate_idxes
FNDA:0,_RNCNvNtCs5DPfXlAluY4_8hayabusa9afterfact19get_duplicate_idxes0B5_
FNDA:2,_RNvNtCs5DPfXlAluY4_8hayabusa9afterfact23create_output_color_map
FNDA:8,_RNCNvNtCs5DPfXlAluY4_8hayabusa9afterfact23create_output_color_map0B5_
FNDA:0,_RNvNtCs5DPfXlAluY4_8hayabusa9afterfact17__get_output_color
FNDA:0,_RNvNtCs5DPfXlAluY4_8hayabusa9afterfact16__get_table_color
FNDA:0,_RNvNtCs5DPfXlAluY4_8hayabusa9afterfact20__print_timeline_hist
FNDA:0,_RNvNtCs5DPfXlAluY4_8hayabusa9afterfact19countup_aggregation
FNDA:0,_RNCNvNtCs5DPfXlAluY4_8hayabusa9afterfact19countup_aggregation0B5_
FNDA:0,_RNvNtCs5DPfXlAluY4_8hayabusa9afterfact27__get_serialized_disp_output
FNDA:0,_RNvNtCs5DPfXlAluY4_8hayabusa9afterfact15__format_cellpos
FNDA:0,_RNvNtCs5DPfXlAluY4_8hayabusa9afterfact21__print_unique_results
FNDA:0,_RNvNtCs5DPfXlAluY4_8hayabusa9afterfact32__print_detection_summary_by_date
FNDA:0,_RNvNtCs5DPfXlAluY4_8hayabusa9afterfact36__print_detection_summary_by_computer
FNDA:0,_RNCNvNtCs5DPfXlAluY4_8hayabusa9afterfact36__print_detection_summary_by_computer0B5_
FNDA:0,_RNCNvNtCs5DPfXlAluY4_8hayabusa9afterfact36__print_detection_summary_by_computers_0B5_
FNDA:0,_RNvNtCs5DPfXlAluY4_8hayabusa9afterfact31__print_detection_summary_tables
FNDA:0,_RNCNvNtCs5DPfXlAluY4_8hayabusa9afterfact31__print_detection_summary_tables0B5_
FNDA:9,_RNvNtCs5DPfXlAluY4_8hayabusa9afterfact13__get_json_vec
FNDA:0,_RNCNvNtCs5DPfXlAluY4_8hayabusa9afterfact13__get_json_vec0B5_
FNDA:10,_RNCNvNtCs5DPfXlAluY4_8hayabusa9afterfact13__get_json_vecs_0B5_
FNDA:49,_RNvNtCs5DPfXlAluY4_8hayabusa9afterfact26__create_json_output_format
FNDA:0,_RNCNvNtCs5DPfXlAluY4_8hayabusa9afterfact26__create_json_output_format0B5_
FNDA:522,_RNCNvNtCs5DPfXlAluY4_8hayabusa9afterfact26__create_json_output_formats_0B5_
FNDA:91,_RNvNtCs5DPfXlAluY4_8hayabusa9afterfact23__convert_valid_json_str
FNDA:1,_RNvNtCs5DPfXlAluY4_8hayabusa9afterfact15output_json_str
FNDA:6,_RNCNvNtCs5DPfXlAluY4_8hayabusa9afterfact15output_json_str0B5_
FNDA:606,_RNCNvNtCs5DPfXlAluY4_8hayabusa9afterfact15output_json_strs_0B5_
FNDA:0,_RNCNvNtCs5DPfXlAluY4_8hayabusa9afterfact15output_json_strs0_0B5_
FNDA:0,_RNCNvNtCs5DPfXlAluY4_8hayabusa9afterfact15output_json_strs1_0B5_
FNDA:0,_RNCNvNtCs5DPfXlAluY4_8hayabusa9afterfact15output_json_strs2_0B5_
FNDA:0,_RNvNtCs5DPfXlAluY4_8hayabusa9afterfact28output_detected_rule_authors
FNDA:0,_RNCNvNtCs5DPfXlAluY4_8hayabusa9afterfact28output_detected_rule_authors0B5_
FNDA:0,_RNvNtCs5DPfXlAluY4_8hayabusa9afterfact19extract_author_name
FNDA:0,_RNCNvNtCs5DPfXlAluY4_8hayabusa9afterfact19extract_author_name0B5_
FNDA:0,_RNCNvNtCs5DPfXlAluY4_8hayabusa9afterfact19extract_author_names_0B5_
FNDA:0,_RNCNCNvNtCs5DPfXlAluY4_8hayabusa9afterfact19extract_author_names_00B7_
FNDA:0,_RNvNtCs5DPfXlAluY4_8hayabusa9afterfact36__output_html_computer_by_mitre_attck
FNDA:0,_RNCNvNtCs5DPfXlAluY4_8hayabusa9afterfact36__output_html_computer_by_mitre_attck0B5_
FNDA:0,_RNCNvNtCs5DPfXlAluY4_8hayabusa9afterfact26__create_json_output_formats0_0B5_
FNDA:1734,_RNCNvNtCs5DPfXlAluY4_8hayabusa9afterfact26__create_json_output_formats1_0B5_
FNDA:0,_RNCNvNtCs5DPfXlAluY4_8hayabusa9afterfact15output_json_strs3_0B5_
FNDA:0,_RNCNvNtCs5DPfXlAluY4_8hayabusa9afterfact15output_json_strs4_0B5_
FNDA:1,_RNvNtNtCsNhz5SapXcJ_8hayabusa9afterfact5tests18check_hashmap_data
FNDA:1,_RNvNtNtCsNhz5SapXcJ_8hayabusa9afterfact5testss_20test_emit_csv_output
FNDA:1,_RNvNtNtCsNhz5SapXcJ_8hayabusa9afterfact5testss_39test_emit_csv_output_with_multiline_opt
FNDA:1,_RNvNtNtCsNhz5SapXcJ_8hayabusa9afterfact5testss_46test_emit_csv_output_with_remove_duplicate_opt
FNDA:1,_RNvNtNtCsNhz5SapXcJ_8hayabusa9afterfact5testss_47test_emit_json_output_with_remove_duplicate_opt
FNDA:1,_RNvNtNtCsNhz5SapXcJ_8hayabusa9afterfact5testss_51test_emit_json_output_with_multiple_data_in_details
FNDA:1,_RNvNtNtCsNhz5SapXcJ_8hayabusa9afterfact5testss_35test_set_output_color_no_color_flag
FNDA:1,_RNvNtNtCsNhz5SapXcJ_8hayabusa9afterfact5testss_25test_emit_csv_json_output
FNDA:1,_RNvNtNtCsNhz5SapXcJ_8hayabusa9afterfact5testss_26test_emit_csv_jsonl_output
FNDA:0,_RNvNtCsNhz5SapXcJ_8hayabusa9afterfact16output_afterfact
FNDA:0,_RNvNtCsNhz5SapXcJ_8hayabusa9afterfact8emit_csv
FNDA:0,_RNvNtCsNhz5SapXcJ_8hayabusa9afterfact20output_afterfact_err
FNDA:0,_RNvNtCsNhz5SapXcJ_8hayabusa9afterfact14__get_timestamp
FNDA:7,_RNvXNtCsNhz5SapXcJ_8hayabusa9afterfactNtB2_13AfterfactInfoNtNtCshEwRaVhoEM3_4core7default7Default7default
FNDA:7,_RNvNtCsNhz5SapXcJ_8hayabusa9afterfact11init_writer
FNDA:7,_RNvNtCsNhz5SapXcJ_8hayabusa9afterfact22output_afterfact_inner
FNDA:7,_RNvNtCsNhz5SapXcJ_8hayabusa9afterfact14emit_csv_inner
FNDA:36,_RNCNvNtCsNhz5SapXcJ_8hayabusa9afterfact14emit_csv_inner0B5_
FNDA:72,_RNCNvNtCsNhz5SapXcJ_8hayabusa9afterfact14emit_csv_inners_0B5_
FNDA:7,_RNvNtCsNhz5SapXcJ_8hayabusa9afterfact19calc_statistic_info
FNDA:0,_RNCNvNtCsNhz5SapXcJ_8hayabusa9afterfact19calc_statistic_info0B5_
FNDA:7,_RNvNtCsNhz5SapXcJ_8hayabusa9afterfact27output_additional_afterfact
FNDA:7,_RNvNtCsNhz5SapXcJ_8hayabusa9afterfact16sort_detect_info
FNDA:4,_RNCNvNtCsNhz5SapXcJ_8hayabusa9afterfact16sort_detect_info0B5_
FNDA:8,_RNvNtCsNhz5SapXcJ_8hayabusa9afterfact16get_level_suffix
FNDA:0,_RNvNtCsNhz5SapXcJ_8hayabusa9afterfact19get_duplicate_idxes
FNDA:0,_RNCNvNtCsNhz5SapXcJ_8hayabusa9afterfact19get_duplicate_idxes0B5_
FNDA:8,_RNvNtCsNhz5SapXcJ_8hayabusa9afterfact23create_output_color_map
FNDA:28,_RNCNvNtCsNhz5SapXcJ_8hayabusa9afterfact23create_output_color_map0B5_
FNDA:0,_RNvNtCsNhz5SapXcJ_8hayabusa9afterfact17__get_output_color
FNDA:0,_RNvNtCsNhz5SapXcJ_8hayabusa9afterfact16__get_table_color
FNDA:0,_RNvNtCsNhz5SapXcJ_8hayabusa9afterfact20__print_timeline_hist
FNDA:0,_RNvNtCsNhz5SapXcJ_8hayabusa9afterfact19countup_aggregation
FNDA:0,_RNCNvNtCsNhz5SapXcJ_8hayabusa9afterfact19countup_aggregation0B5_
FNDA:0,_RNvNtCsNhz5SapXcJ_8hayabusa9afterfact27__get_serialized_disp_output
FNDA:0,_RNvNtCsNhz5SapXcJ_8hayabusa9afterfact15__format_cellpos
FNDA:0,_RNvNtCsNhz5SapXcJ_8hayabusa9afterfact21__print_unique_results
FNDA:0,_RNvNtCsNhz5SapXcJ_8hayabusa9afterfact32__print_detection_summary_by_date
FNDA:0,_RNvNtCsNhz5SapXcJ_8hayabusa9afterfact36__print_detection_summary_by_computer
FNDA:0,_RNCNvNtCsNhz5SapXcJ_8hayabusa9afterfact36__print_detection_summary_by_computer0B5_
FNDA:0,_RNCNvNtCsNhz5SapXcJ_8hayabusa9afterfact36__print_detection_summary_by_computers_0B5_
FNDA:0,_RNvNtCsNhz5SapXcJ_8hayabusa9afterfact31__print_detection_summary_tables
FNDA:0,_RNCNvNtCsNhz5SapXcJ_8hayabusa9afterfact31__print_detection_summary_tables0B5_
FNDA:65,_RNvNtCsNhz5SapXcJ_8hayabusa9afterfact13__get_json_vec
FNDA:10,_RNCNvNtCsNhz5SapXcJ_8hayabusa9afterfact13__get_json_vec0B5_
FNDA:8,_RNCNvNtCsNhz5SapXcJ_8hayabusa9afterfact13__get_json_vecs_0B5_
FNDA:66,_RNvNtCsNhz5SapXcJ_8hayabusa9afterfact26__create_json_output_format
FNDA:0,_RNCNvNtCsNhz5SapXcJ_8hayabusa9afterfact26__create_json_output_format0B5_
FNDA:656,_RNCNvNtCsNhz5SapXcJ_8hayabusa9afterfact26__create_json_output_formats_0B5_
FNDA:73,_RNvNtCsNhz5SapXcJ_8hayabusa9afterfact23__convert_valid_json_str
FNDA:5,_RNvNtCsNhz5SapXcJ_8hayabusa9afterfact15output_json_str
FNDA:30,_RNCNvNtCsNhz5SapXcJ_8hayabusa9afterfact15output_json_str0B5_
FNDA:6,_RNCNvNtCsNhz5SapXcJ_8hayabusa9afterfact15output_json_strs_0B5_
FNDA:20,_RNCNvNtCsNhz5SapXcJ_8hayabusa9afterfact15output_json_strs0_0B5_
FNDA:6,_RNCNvNtCsNhz5SapXcJ_8hayabusa9afterfact15output_json_strs1_0B5_
FNDA:13,_RNCNvNtCsNhz5SapXcJ_8hayabusa9afterfact15output_json_strs2_0B5_
FNDA:0,_RNvNtCsNhz5SapXcJ_8hayabusa9afterfact28output_detected_rule_authors
FNDA:0,_RNCNvNtCsNhz5SapXcJ_8hayabusa9afterfact28output_detected_rule_authors0B5_
FNDA:0,_RNvNtCsNhz5SapXcJ_8hayabusa9afterfact19extract_author_name
FNDA:0,_RNCNvNtCsNhz5SapXcJ_8hayabusa9afterfact19extract_author_name0B5_
FNDA:0,_RNCNvNtCsNhz5SapXcJ_8hayabusa9afterfact19extract_author_names_0B5_
FNDA:0,_RNCNCNvNtCsNhz5SapXcJ_8hayabusa9afterfact19extract_author_names_00B7_
FNDA:0,_RNvNtCsNhz5SapXcJ_8hayabusa9afterfact36__output_html_computer_by_mitre_attck
FNDA:0,_RNCNvNtCsNhz5SapXcJ_8hayabusa9afterfact36__output_html_computer_by_mitre_attck0B5_
FNDA:380,_RNCNvNtCsNhz5SapXcJ_8hayabusa9afterfact26__create_json_output_formats0_0B5_
FNDA:460,_RNCNvNtCsNhz5SapXcJ_8hayabusa9afterfact26__create_json_output_formats1_0B5_
FNDA:2,_RNCNvNtCsNhz5SapXcJ_8hayabusa9afterfact15output_json_strs3_0B5_
FNDA:10,_RNCNvNtCsNhz5SapXcJ_8hayabusa9afterfact15output_json_strs4_0B5_
FNF:68
FNH:39
DA:90,15
DA:92,15
DA:93,15
DA:94,15
DA:96,15
DA:97,15
DA:98,15
DA:99,15
DA:100,15
DA:101,15
DA:102,15
DA:103,15
DA:104,15
DA:105,15
DA:106,15
DA:107,15
DA:108,15
DA:110,105
DA:111,90
DA:112,90
DA:113,90
DA:114,90
DA:115,90
DA:116,90
DA:117,90
DA:119,15
DA:120,15
DA:121,15
DA:122,15
DA:123,15
DA:124,15
DA:125,15
DA:126,15
DA:127,15
DA:128,15
DA:129,15
DA:130,15
DA:131,15
DA:132,15
DA:133,15
DA:134,15
DA:135,15
DA:136,15
DA:137,15
DA:138,15
DA:139,15
DA:140,15
DA:141,15
DA:142,15
DA:143,15
DA:144,15
DA:145,15
DA:146,15
DA:147,15
DA:148,15
DA:158,15
DA:159,15
DA:160,15
DA:161,15
DA:162,15
DA:163,15
DA:164,15
DA:165,15
DA:167,12
DA:168,12
DA:169,0
DA:170,0
DA:171,0
DA:175,3
DA:176,3
DA:177,3
DA:180,15
DA:181,5
DA:182,5
DA:183,5
DA:184,5
DA:185,5
DA:186,7
DA:187,7
DA:188,7
DA:189,3
DA:193,15
DA:194,15
DA:195,15
DA:196,15
DA:197,15
DA:198,15
DA:199,15
DA:201,2
DA:202,2
DA:203,2
DA:204,2
DA:205,2
DA:206,2
DA:207,2
DA:208,2
DA:209,2
DA:210,2
DA:211,2
DA:212,2
DA:213,2
DA:214,0
DA:215,2
DA:216,2
DA:218,0
DA:219,0
DA:220,0
DA:221,0
DA:222,0
DA:223,0
DA:224,0
DA:225,0
DA:226,0
DA:227,0
DA:228,0
DA:229,0
DA:230,0
DA:231,0
DA:232,0
DA:233,0
DA:234,0
DA:235,0
DA:236,0
DA:237,0
DA:238,0
DA:240,0
DA:241,0
DA:243,0
DA:244,0
DA:245,0
DA:248,9
DA:249,9
DA:250,9
DA:251,9
DA:252,9
DA:253,9
DA:254,9
DA:255,0
DA:256,9
DA:259,9
DA:260,9
DA:261,9
DA:262,9
DA:263,9
DA:264,9
DA:266,0
DA:268,9
DA:271,9
DA:272,9
DA:273,9
DA:274,9
DA:275,9
DA:276,9
DA:277,9
DA:280,9
DA:281,9
DA:282,9
DA:283,9
DA:284,9
DA:285,9
DA:286,9
DA:287,9
DA:288,9
DA:289,9
DA:290,9
DA:291,9
DA:293,9
DA:294,9
DA:295,9
DA:296,9
DA:297,9
DA:298,9
DA:299,9
DA:300,9
DA:301,9
DA:302,9
DA:303,9
DA:304,9
DA:305,1
DA:306,1
DA:307,8
DA:308,9
DA:309,9
DA:310,9
DA:311,9
DA:312,9
DA:313,9
DA:314,9
DA:315,9
DA:316,9
DA:317,9
DA:318,9
DA:319,9
DA:320,9
DA:321,5
DA:322,5
DA:323,5
DA:324,5
DA:325,5
DA:326,4
DA:327,4
DA:329,0
DA:332,9
DA:333,13
DA:334,13
DA:335,0
DA:336,13
DA:337,13
DA:339,0
DA:340,0
DA:341,0
DA:342,0
DA:343,0
DA:344,0
DA:345,0
DA:346,0
DA:347,0
DA:348,0
DA:349,0
DA:350,0
DA:351,0
DA:352,0
DA:353,0
DA:354,0
DA:355,0
DA:356,0
DA:357,0
DA:358,0
DA:359,0
DA:360,0
DA:361,0
DA:362,0
DA:363,0
DA:364,0
DA:365,0
DA:366,0
DA:367,0
DA:368,0
DA:369,0
DA:370,0
DA:371,0
DA:372,0
DA:373,13
DA:375,1
DA:376,1
DA:377,1
DA:378,1
DA:379,1
DA:380,1
DA:381,1
DA:382,1
DA:383,1
DA:384,1
DA:385,0
DA:386,0
DA:387,0
DA:388,0
DA:389,0
DA:390,0
DA:391,0
DA:392,0
DA:393,1
DA:394,1
DA:395,1
DA:397,12
DA:399,5
DA:400,5
DA:401,5
DA:402,5
DA:403,5
DA:404,5
DA:405,5
DA:406,5
DA:407,5
DA:408,5
DA:409,0
DA:410,0
DA:411,0
DA:412,0
DA:413,0
DA:414,0
DA:415,0
DA:416,0
DA:417,5
DA:418,5
DA:419,5
DA:423,7
DA:424,4
DA:425,4
DA:426,45
DA:427,4
DA:428,3
DA:429,7
DA:430,7
DA:431,81
DA:432,81
DA:436,14
DA:437,4
DA:438,4
DA:439,4
DA:440,4
DA:441,4
DA:442,4
DA:444,2
DA:446,12
DA:447,12
DA:448,12
DA:449,12
DA:450,12
DA:451,12
DA:452,12
DA:453,12
DA:454,12
DA:455,12
DA:457,14
DA:458,14
DA:460,67
DA:461,67
DA:462,67
DA:463,67
DA:464,67
DA:465,67
DA:466,67
DA:467,67
DA:468,67
DA:469,67
DA:471,81
DA:475,9
DA:476,9
DA:477,0
DA:479,9
DA:480,9
DA:482,9
DA:483,9
DA:484,9
DA:485,9
DA:486,9
DA:487,9
DA:488,9
DA:489,13
DA:490,13
DA:491,0
DA:492,13
DA:493,13
DA:494,13
DA:495,13
DA:496,13
DA:497,13
DA:498,13
DA:499,13
DA:500,13
DA:502,13
DA:503,0
DA:504,0
DA:505,0
DA:506,0
DA:507,0
DA:508,0
DA:509,0
DA:510,0
DA:511,0
DA:512,0
DA:513,0
DA:514,0
DA:515,0
DA:516,0
DA:518,0
DA:519,0
DA:520,0
DA:521,0
DA:522,0
DA:523,0
DA:524,0
DA:525,0
DA:526,0
DA:527,0
DA:528,0
DA:529,0
DA:530,0
DA:531,0
DA:532,0
DA:533,0
DA:534,0
DA:535,0
DA:536,0
DA:538,0
DA:539,0
DA:540,0
DA:541,0
DA:542,0
DA:543,0
DA:544,0
DA:545,0
DA:546,0
DA:547,0
DA:548,0
DA:549,0
DA:550,0
DA:551,0
DA:552,0
DA:553,0
DA:554,0
DA:555,0
DA:556,0
DA:557,0
DA:558,0
DA:559,0
DA:560,0
DA:561,0
DA:562,0
DA:563,0
DA:564,0
DA:565,0
DA:566,0
DA:567,0
DA:568,0
DA:569,0
DA:570,0
DA:571,13
DA:573,9
DA:575,9
DA:576,9
DA:577,9
DA:578,9
DA:579,9
DA:580,9
DA:581,0
DA:582,9
DA:584,9
DA:585,9
DA:586,0
DA:588,9
DA:589,9
DA:590,9
DA:591,9
DA:592,9
DA:593,9
DA:594,9
DA:595,9
DA:596,9
DA:597,9
DA:598,9
DA:599,9
DA:600,9
DA:601,9
DA:602,9
DA:603,9
DA:604,0
DA:605,0
DA:606,0
DA:607,0
DA:608,0
DA:609,0
DA:610,0
DA:611,0
DA:612,0
DA:613,0
DA:614,0
DA:615,0
DA:616,0
DA:617,0
DA:618,0
DA:619,0
DA:620,0
DA:621,0
DA:622,0
DA:623,0
DA:624,0
DA:625,0
DA:626,0
DA:627,0
DA:628,0
DA:629,0
DA:630,0
DA:632,0
DA:634,0
DA:635,9
DA:637,9
DA:638,9
DA:639,0
DA:640,0
DA:641,9
DA:643,9
DA:644,9
DA:645,0
DA:646,0
DA:647,0
DA:648,0
DA:649,0
DA:650,0
DA:651,0
DA:652,0
DA:653,0
DA:654,0
DA:655,0
DA:656,0
DA:657,0
DA:658,0
DA:659,0
DA:660,0
DA:661,0
DA:662,0
DA:663,0
DA:664,0
DA:665,0
DA:666,0
DA:667,0
DA:668,0
DA:669,0
DA:670,0
DA:671,0
DA:672,0
DA:673,0
DA:674,0
DA:675,0
DA:676,0
DA:677,0
DA:678,0
DA:679,0
DA:680,0
DA:681,0
DA:682,0
DA:683,0
DA:684,0
DA:685,0
DA:687,0
DA:688,0
DA:689,0
DA:690,0
DA:692,0
DA:694,0
DA:695,0
DA:696,0
DA:697,0
DA:698,0
DA:699,0
DA:700,0
DA:701,0
DA:702,0
DA:703,0
DA:704,0
DA:705,0
DA:706,0
DA:707,0
DA:708,0
DA:709,0
DA:710,0
DA:711,0
DA:712,0
DA:713,0
DA:714,0
DA:715,0
DA:716,0
DA:717,0
DA:718,0
DA:719,0
DA:720,0
DA:721,0
DA:722,0
DA:723,0
DA:724,0
DA:725,0
DA:726,0
DA:727,0
DA:728,0
DA:729,0
DA:730,0
DA:731,0
DA:732,0
DA:733,0
DA:734,0
DA:735,0
DA:736,0
DA:737,0
DA:738,0
DA:739,0
DA:740,0
DA:741,0
DA:742,0
DA:743,0
DA:744,0
DA:745,0
DA:746,0
DA:747,0
DA:748,0
DA:749,0
DA:750,0
DA:751,0
DA:752,0
DA:753,0
DA:754,0
DA:755,0
DA:756,0
DA:757,0
DA:758,0
DA:759,0
DA:760,0
DA:761,0
DA:762,0
DA:763,0
DA:764,0
DA:765,0
DA:766,0
DA:767,0
DA:768,0
DA:769,0
DA:770,0
DA:771,0
DA:772,0
DA:773,0
DA:774,0
DA:775,0
DA:776,0
DA:777,0
DA:778,0
DA:779,0
DA:780,0
DA:781,0
DA:782,0
DA:783,0
DA:784,0
DA:785,0
DA:786,0
DA:787,0
DA:788,0
DA:789,0
DA:790,0
DA:791,0
DA:792,0
DA:793,0
DA:794,0
DA:795,0
DA:796,0
DA:797,0
DA:798,0
DA:799,0
DA:800,0
DA:801,0
DA:802,0
DA:803,0
DA:804,0
DA:805,0
DA:806,0
DA:807,0
DA:808,0
DA:809,0
DA:810,0
DA:811,0
DA:812,0
DA:813,0
DA:814,0
DA:815,0
DA:816,0
DA:817,0
DA:818,0
DA:819,0
DA:820,0
DA:821,0
DA:822,0
DA:823,0
DA:824,0
DA:825,0
DA:826,0
DA:827,0
DA:828,0
DA:829,0
DA:830,0
DA:831,0
DA:832,0
DA:833,0
DA:835,0
DA:836,0
DA:837,0
DA:838,0
DA:839,0
DA:840,0
DA:841,0
DA:842,0
DA:843,0
DA:844,0
DA:845,0
DA:846,0
DA:847,0
DA:848,0
DA:849,0
DA:850,0
DA:851,0
DA:852,0
DA:853,0
DA:854,0
DA:855,0
DA:856,0
DA:857,0
DA:858,0
DA:859,0
DA:860,0
DA:861,0
DA:863,0
DA:864,0
DA:865,0
DA:866,0
DA:867,0
DA:868,0
DA:869,0
DA:870,0
DA:871,0
DA:872,0
DA:873,0
DA:875,0
DA:876,0
DA:877,0
DA:878,0
DA:879,0
DA:880,0
DA:881,0
DA:882,0
DA:883,0
DA:884,0
DA:885,0
DA:886,0
DA:887,0
DA:888,0
DA:889,0
DA:890,0
DA:891,9
DA:892,9
DA:893,0
DA:894,0
DA:895,9
DA:896,9
DA:898,9
DA:899,9
DA:900,4
DA:901,4
DA:902,0
DA:903,4
DA:904,4
DA:905,4
DA:906,4
DA:907,4
DA:908,4
DA:909,0
DA:910,4
DA:911,4
DA:912,4
DA:913,4
DA:914,0
DA:915,4
DA:916,4
DA:917,4
DA:918,4
DA:919,0
DA:920,4
DA:921,4
DA:922,4
DA:923,9
DA:924,9
DA:926,8
DA:927,8
DA:928,8
DA:929,8
DA:930,8
DA:931,8
DA:932,8
DA:933,8
DA:934,8
DA:935,8
DA:936,8
DA:938,0
DA:939,0
DA:940,0
DA:941,0
DA:942,0
DA:943,0
DA:944,0
DA:945,0
DA:946,0
DA:947,0
DA:948,0
DA:949,0
DA:950,0
DA:951,0
DA:953,0
DA:954,0
DA:955,0
DA:956,0
DA:957,0
DA:958,0
DA:959,0
DA:960,0
DA:961,0
DA:962,0
DA:963,0
DA:964,0
DA:965,0
DA:966,0
DA:969,0
DA:970,0
DA:973,10
DA:974,10
DA:975,10
DA:976,10
DA:977,10
DA:978,10
DA:979,10
DA:980,10
DA:981,10
DA:982,10
DA:983,10
DA:984,10
DA:985,10
DA:986,1
DA:987,9
DA:988,9
DA:989,9
DA:990,0
DA:991,0
DA:992,0
DA:993,0
DA:996,36
DA:997,36
DA:998,0
DA:999,36
DA:1000,36
DA:1001,36
DA:1002,36
DA:1003,36
DA:1004,0
DA:1005,0
DA:1006,0
DA:1007,0
DA:1008,0
DA:1009,0
DA:1010,36
DA:1011,36
DA:1012,36
DA:1013,0
DA:1014,36
DA:1015,36
DA:1016,36
DA:1017,36
DA:1018,36
DA:1019,36
DA:1020,36
DA:1021,36
DA:1022,36
DA:1023,36
DA:1024,36
DA:1025,36
DA:1026,36
DA:1027,9
DA:1028,10
DA:1030,0
DA:1031,0
DA:1032,0
DA:1033,0
DA:1034,0
DA:1035,0
DA:1036,0
DA:1038,0
DA:1039,0
DA:1040,0
DA:1041,0
DA:1042,0
DA:1043,0
DA:1044,0
DA:1045,0
DA:1046,0
DA:1047,0
DA:1050,0
DA:1051,0
DA:1052,0
DA:1053,0
DA:1054,0
DA:1055,0
DA:1056,0
DA:1057,0
DA:1058,0
DA:1059,0
DA:1060,0
DA:1061,0
DA:1062,0
DA:1063,0
DA:1064,0
DA:1065,0
DA:1066,0
DA:1067,0
DA:1068,0
DA:1069,0
DA:1070,0
DA:1071,0
DA:1072,0
DA:1074,0
DA:1075,0
DA:1077,0
DA:1079,0
DA:1080,0
DA:1081,0
DA:1082,0
DA:1083,0
DA:1084,0
DA:1085,0
DA:1086,0
DA:1087,0
DA:1088,0
DA:1089,0
DA:1090,0
DA:1091,0
DA:1092,0
DA:1094,0
DA:1095,0
DA:1097,0
DA:1098,0
DA:1099,0
DA:1100,0
DA:1101,0
DA:1102,0
DA:1103,0
DA:1104,0
DA:1105,0
DA:1106,0
DA:1107,0
DA:1108,0
DA:1109,0
DA:1121,0
DA:1122,0
DA:1123,0
DA:1124,0
DA:1125,0
DA:1126,0
DA:1127,0
DA:1128,0
DA:1129,0
DA:1130,0
DA:1131,0
DA:1132,0
DA:1133,0
DA:1134,0
DA:1135,0
DA:1136,0
DA:1137,0
DA:1139,0
DA:1142,0
DA:1143,0
DA:1144,0
DA:1145,0
DA:1146,0
DA:1147,0
DA:1148,0
DA:1149,0
DA:1150,0
DA:1151,0
DA:1152,0
DA:1153,0
DA:1154,0
DA:1155,0
DA:1156,0
DA:1157,0
DA:1158,0
DA:1159,0
DA:1160,0
DA:1161,0
DA:1162,0
DA:1164,0
DA:1165,0
DA:1166,0
DA:1167,0
DA:1168,0
DA:1170,0
DA:1172,0
DA:1173,0
DA:1174,0
DA:1175,0
DA:1176,0
DA:1177,0
DA:1178,0
DA:1179,0
DA:1180,0
DA:1181,0
DA:1182,0
DA:1183,0
DA:1184,0
DA:1185,0
DA:1186,0
DA:1187,0
DA:1188,0
DA:1190,0
DA:1191,0
DA:1192,0
DA:1193,0
DA:1196,0
DA:1197,0
DA:1198,0
DA:1199,0
DA:1200,0
DA:1201,0
DA:1202,0
DA:1203,0
DA:1204,0
DA:1205,0
DA:1206,0
DA:1207,0
DA:1208,0
DA:1209,0
DA:1210,0
DA:1211,0
DA:1212,0
DA:1213,0
DA:1214,0
DA:1215,0
DA:1216,0
DA:1217,0
DA:1218,0
DA:1219,0
DA:1220,0
DA:1221,0
DA:1222,0
DA:1223,0
DA:1224,0
DA:1225,0
DA:1227,0
DA:1230,0
DA:1234,0
DA:1235,0
DA:1236,0
DA:1237,0
DA:1238,0
DA:1239,0
DA:1240,0
DA:1241,0
DA:1244,0
DA:1245,0
DA:1246,0
DA:1247,0
DA:1248,0
DA:1249,0
DA:1250,0
DA:1251,0
DA:1252,0
DA:1253,0
DA:1254,0
DA:1255,0
DA:1256,0
DA:1259,0
DA:1262,0
DA:1263,0
DA:1264,0
DA:1265,0
DA:1266,0
DA:1268,0
DA:1271,0
DA:1272,0
DA:1273,0
DA:1274,0
DA:1275,0
DA:1276,0
DA:1277,0
DA:1278,0
DA:1279,0
DA:1280,0
DA:1281,0
DA:1282,0
DA:1283,0
DA:1284,0
DA:1285,0
DA:1286,0
DA:1287,0
DA:1288,0
DA:1289,0
DA:1290,0
DA:1291,0
DA:1292,0
DA:1293,0
DA:1294,0
DA:1295,0
DA:1296,0
DA:1297,0
DA:1298,0
DA:1299,0
DA:1300,0
DA:1301,0
DA:1302,0
DA:1304,0
DA:1305,0
DA:1306,0
DA:1307,0
DA:1308,0
DA:1309,0
DA:1310,0
DA:1311,0
DA:1313,0
DA:1315,0
DA:1316,0
DA:1318,0
DA:1320,0
DA:1321,0
DA:1322,0
DA:1323,0
DA:1324,0
DA:1325,0
DA:1326,0
DA:1327,0
DA:1328,0
DA:1329,0
DA:1330,0
DA:1331,0
DA:1332,0
DA:1333,0
DA:1334,0
DA:1335,0
DA:1336,0
DA:1337,0
DA:1338,0
DA:1339,0
DA:1340,0
DA:1341,0
DA:1342,0
DA:1343,0
DA:1344,0
DA:1345,0
DA:1346,0
DA:1347,0
DA:1348,0
DA:1349,0
DA:1350,0
DA:1352,0
DA:1353,0
DA:1354,0
DA:1355,0
DA:1356,0
DA:1359,0
DA:1360,0
DA:1361,0
DA:1362,0
DA:1363,0
DA:1364,0
DA:1365,0
DA:1366,0
DA:1367,0
DA:1368,0
DA:1369,0
DA:1370,0
DA:1371,0
DA:1372,0
DA:1373,0
DA:1374,0
DA:1375,0
DA:1377,0
DA:1378,0
DA:1379,0
DA:1380,0
DA:1381,0
DA:1382,0
DA:1383,0
DA:1384,0
DA:1385,0
DA:1386,0
DA:1387,0
DA:1389,0
DA:1390,0
DA:1391,0
DA:1392,0
DA:1393,0
DA:1394,0
DA:1395,0
DA:1396,0
DA:1397,0
DA:1398,0
DA:1399,0
DA:1400,0
DA:1401,0
DA:1402,0
DA:1403,0
DA:1404,0
DA:1405,0
DA:1406,0
DA:1407,0
DA:1408,0
DA:1409,0
DA:1411,0
DA:1412,0
DA:1415,0
DA:1416,0
DA:1417,0
DA:1418,0
DA:1419,0
DA:1420,0
DA:1421,0
DA:1422,0
DA:1423,0
DA:1424,0
DA:1425,0
DA:1426,0
DA:1427,0
DA:1429,0
DA:1430,0
DA:1431,0
DA:1432,0
DA:1433,0
DA:1434,0
DA:1435,0
DA:1436,0
DA:1437,0
DA:1438,0
DA:1439,0
DA:1440,0
DA:1441,0
DA:1442,0
DA:1443,0
DA:1444,0
DA:1445,0
DA:1446,0
DA:1447,0
DA:1448,0
DA:1449,0
DA:1450,0
DA:1451,0
DA:1452,0
DA:1453,0
DA:1454,0
DA:1455,0
DA:1456,0
DA:1457,0
DA:1458,0
DA:1459,0
DA:1460,0
DA:1461,0
DA:1462,0
DA:1463,0
DA:1465,0
DA:1468,0
DA:1469,0
DA:1470,0
DA:1471,0
DA:1472,0
DA:1473,0
DA:1474,0
DA:1475,0
DA:1476,0
DA:1477,0
DA:1478,0
DA:1479,0
DA:1481,0
DA:1482,0
DA:1485,0
DA:1486,0
DA:1487,0
DA:1488,0
DA:1489,0
DA:1490,0
DA:1491,0
DA:1492,0
DA:1493,0
DA:1494,0
DA:1495,0
DA:1496,0
DA:1497,0
DA:1498,0
DA:1499,0
DA:1500,0
DA:1501,0
DA:1502,0
DA:1503,0
DA:1504,0
DA:1505,0
DA:1506,0
DA:1507,0
DA:1508,0
DA:1509,0
DA:1510,0
DA:1511,0
DA:1512,0
DA:1513,0
DA:1514,0
DA:1515,0
DA:1516,0
DA:1517,0
DA:1518,0
DA:1519,0
DA:1520,0
DA:1521,0
DA:1522,0
DA:1523,0
DA:1524,0
DA:1525,0
DA:1526,0
DA:1527,0
DA:1528,0
DA:1529,0
DA:1530,0
DA:1531,0
DA:1532,0
DA:1533,0
DA:1534,0
DA:1535,0
DA:1536,0
DA:1537,0
DA:1538,0
DA:1539,0
DA:1540,0
DA:1541,0
DA:1542,0
DA:1544,0
DA:1545,0
DA:1547,0
DA:1549,0
DA:1550,0
DA:1551,0
DA:1553,0
DA:1555,0
DA:1556,0
DA:1557,0
DA:1558,0
DA:1560,0
DA:1561,0
DA:1563,0
DA:1565,0
DA:1566,0
DA:1567,0
DA:1568,0
DA:1571,0
DA:1572,0
DA:1573,0
DA:1574,0
DA:1575,0
DA:1576,0
DA:1577,0
DA:1578,0
DA:1579,0
DA:1580,0
DA:1581,0
DA:1582,0
DA:1583,0
DA:1584,0
DA:1585,0
DA:1586,0
DA:1587,0
DA:1588,0
DA:1589,0
DA:1590,0
DA:1591,0
DA:1592,0
DA:1593,0
DA:1595,0
DA:1596,0
DA:1597,0
DA:1598,0
DA:1599,0
DA:1600,0
DA:1601,0
DA:1602,0
DA:1603,0
DA:1604,0
DA:1605,0
DA:1606,0
DA:1609,0
DA:1610,0
DA:1611,0
DA:1613,0
DA:1614,0
DA:1615,0
DA:1616,0
DA:1617,0
DA:1618,0
DA:1620,0
DA:1623,74
DA:1624,74
DA:1626,10
DA:1629,18
DA:1630,10
DA:1631,9
DA:1633,1
DA:1636,54
DA:1638,74
DA:1641,115
DA:1642,115
DA:1643,115
DA:1644,115
DA:1645,115
DA:1646,115
DA:1647,115
DA:1648,115
DA:1649,0
DA:1650,0
DA:1651,0
DA:1652,0
DA:1654,0
DA:1656,0
DA:1657,0
DA:1659,115
DA:1660,115
DA:1661,1178
DA:1662,1178
DA:1663,0
DA:1665,1178
DA:1667,1178
DA:1668,115
DA:1671,115
DA:1672,26
DA:1673,89
DA:1674,0
DA:1675,89
DA:1676,11
DA:1677,11
DA:1678,11
DA:1679,11
DA:1680,11
DA:1681,11
DA:1682,380
DA:1683,380
DA:1684,0
DA:1686,380
DA:1688,380
DA:1689,11
DA:1690,11
DA:1692,78
DA:1693,78
DA:1694,78
DA:1695,78
DA:1696,78
DA:1697,78
DA:1698,2194
DA:1699,2194
DA:1700,0
DA:1702,2194
DA:1704,2194
DA:1705,78
DA:1706,78
DA:1708,115
DA:1711,164
DA:1712,164
DA:1713,164
DA:1714,0
DA:1715,0
DA:1717,0
DA:1719,164
DA:1720,164
DA:1721,0
DA:1722,164
DA:1723,0
DA:1724,0
DA:1725,0
DA:1726,0
DA:1727,0
DA:1729,0
DA:1731,0
DA:1732,0
DA:1733,0
DA:1734,0
DA:1735,0
DA:1736,0
DA:1737,0
DA:1738,0
DA:1739,0
DA:1741,164
DA:1742,164
DA:1743,164
DA:1744,164
DA:1746,164
DA:1749,6
DA:1750,6
DA:1751,6
DA:1752,6
DA:1753,6
DA:1754,6
DA:1755,6
DA:1756,6
DA:1757,6
DA:1758,6
DA:1759,6
DA:1760,6
DA:1761,6
DA:1762,39
DA:1763,39
DA:1765,6
DA:1766,3
DA:1767,3
DA:1768,0
DA:1769,0
DA:1772,6
DA:1773,6
DA:1774,6
DA:1775,6
DA:1776,6
DA:1777,6
DA:1778,6
DA:1779,6
DA:1780,6
DA:1781,6
DA:1782,3
DA:1783,3
DA:1784,3
DA:1785,3
DA:1786,3
DA:1787,3
DA:1788,5
DA:1789,6
DA:1790,2
DA:1791,2
DA:1792,2
DA:1793,2
DA:1794,4
DA:1795,4
DA:1796,4
DA:1797,4
DA:1798,4
DA:1800,33
DA:1801,33
DA:1802,33
DA:1805,3
DA:1806,3
DA:1807,3
DA:1808,6
DA:1809,6
DA:1810,6
DA:1811,6
DA:1812,6
DA:1813,6
DA:1814,6
DA:1815,6
DA:1816,6
DA:1817,6
DA:1818,6
DA:1819,36
DA:1820,36
DA:1821,36
DA:1822,36
DA:1823,6
DA:1824,6
DA:1825,74
DA:1826,74
DA:1827,74
DA:1828,74
DA:1829,69
DA:1830,74
DA:1833,69
DA:1835,58
DA:1836,58
DA:1837,58
DA:1838,58
DA:1839,58
DA:1840,58
DA:1841,58
DA:1842,58
DA:1843,58
DA:1844,58
DA:1846,16
DA:1853,0
DA:1854,0
DA:1855,0
DA:1856,0
DA:1857,0
DA:1858,0
DA:1859,0
DA:1860,0
DA:1861,0
DA:1862,0
DA:1864,6
DA:1865,6
DA:1866,1
DA:1867,4
DA:1868,1
DA:1869,0
DA:1871,6
DA:1872,6
DA:1873,6
DA:1874,6
DA:1875,0
DA:1876,6
DA:1877,6
DA:1878,6
DA:1879,6
DA:1880,0
DA:1881,0
DA:1882,0
DA:1884,0
DA:1886,0
DA:1887,0
DA:1888,0
DA:1889,0
DA:1890,0
DA:1891,0
DA:1892,0
DA:1893,0
DA:1894,0
DA:1895,0
DA:1896,0
DA:1897,0
DA:1898,0
DA:1899,6
DA:1900,6
DA:1901,6
DA:1902,6
DA:1903,6
DA:1904,6
DA:1905,48
DA:1906,48
DA:1907,48
DA:1908,48
DA:1909,48
DA:1910,48
DA:1911,48
DA:1912,47
DA:1913,47
DA:1914,47
DA:1915,48
DA:1916,48
DA:1917,48
DA:1918,48
DA:1921,6
DA:1922,6
DA:1923,6
DA:1924,6
DA:1925,47
DA:1926,47
DA:1927,612
DA:1928,47
DA:1929,47
DA:1930,47
DA:1931,47
DA:1932,46
DA:1934,1
DA:1935,1
DA:1936,2
DA:1937,1
DA:1939,47
DA:1940,41
DA:1941,41
DA:1942,41
DA:1943,41
DA:1944,41
DA:1945,41
DA:1946,41
DA:1951,6
DA:1952,6
DA:1953,0
DA:1955,6
DA:1957,6
DA:1958,6
DA:1959,6
DA:1960,6
DA:1961,6
DA:1962,6
DA:1963,6
DA:1969,6
DA:1970,0
DA:1971,0
DA:1973,0
DA:1974,0
DA:1975,0
DA:1976,0
DA:1977,0
DA:1978,0
DA:1979,0
DA:1981,0
DA:1983,0
DA:1984,0
DA:1985,0
DA:1986,0
DA:1987,0
DA:1988,0
DA:1989,0
DA:1990,0
DA:1991,0
DA:1992,0
DA:1994,6
DA:1995,6
DA:1996,6
DA:1997,1
DA:1998,5
DA:1999,5
DA:2000,5
DA:2003,10
DA:2004,20
DA:2005,10
DA:2006,10
DA:2007,0
DA:2008,10
DA:2009,10
DA:2010,10
DA:2011,10
DA:2012,10
DA:2013,10
DA:2014,10
DA:2015,10
DA:2016,10
DA:2017,10
DA:2018,10
DA:2019,10
DA:2020,0
DA:2021,10
DA:2023,10
DA:2025,10
DA:2026,6
DA:2028,8
DA:2030,10
DA:2031,10
DA:2032,10
DA:2033,10
DA:2034,10
DA:2035,10
DA:2036,10
DA:2038,0
DA:2042,6
DA:2044,1
DA:2045,13
DA:2046,1
DA:2047,1
DA:2050,5
DA:2052,6
DA:2055,0
DA:2056,0
DA:2057,0
DA:2058,0
DA:2059,0
DA:2060,0
DA:2061,0
DA:2062,0
DA:2063,0
DA:2065,0
DA:2068,0
DA:2069,0
DA:2070,0
DA:2071,0
DA:2072,0
DA:2073,0
DA:2074,0
DA:2075,0
DA:2076,0
DA:2077,0
DA:2078,0
DA:2079,0
DA:2080,0
DA:2081,0
DA:2083,0
DA:2085,0
DA:2086,0
DA:2087,0
DA:2088,0
DA:2089,0
DA:2090,0
DA:2092,0
DA:2093,0
DA:2094,0
DA:2096,0
DA:2097,0
DA:2098,0
DA:2099,0
DA:2100,0
DA:2101,0
DA:2102,0
DA:2103,0
DA:2104,0
DA:2105,0
DA:2106,0
DA:2107,0
DA:2110,0
DA:2111,0
DA:2112,0
DA:2113,0
DA:2114,0
DA:2115,0
DA:2118,0
DA:2120,0
DA:2121,0
DA:2122,0
DA:2123,0
DA:2124,0
DA:2126,0
DA:2127,0
DA:2128,0
DA:2129,0
DA:2130,0
DA:2131,0
DA:2132,0
DA:2133,0
DA:2134,0
DA:2136,0
DA:2137,0
DA:2138,0
DA:2139,0
DA:2140,0
DA:2141,0
DA:2142,0
DA:2143,0
DA:2144,0
DA:2147,0
DA:2148,0
DA:2151,0
DA:2152,0
DA:2153,0
DA:2154,0
DA:2155,0
DA:2156,0
DA:2157,0
DA:2158,0
DA:2159,0
DA:2160,0
DA:2161,0
DA:2162,0
DA:2163,0
DA:2164,0
DA:2166,0
DA:2167,0
DA:2168,0
DA:2169,0
DA:2170,0
DA:2171,0
DA:2172,0
DA:2173,0
DA:2174,0
DA:2176,0
DA:2211,1
DA:2212,1
DA:2213,1
DA:2214,1
DA:2215,1
DA:2216,1
DA:2217,1
DA:2218,1
DA:2219,1
DA:2220,1
DA:2221,1
DA:2222,1
DA:2223,1
DA:2224,1
DA:2225,1
DA:2226,1
DA:2227,1
DA:2228,1
DA:2229,1
DA:2230,1
DA:2231,1
DA:2232,1
DA:2233,1
DA:2234,1
DA:2235,1
DA:2236,1
DA:2237,1
DA:2238,1
DA:2239,1
DA:2240,1
DA:2241,1
DA:2242,1
DA:2243,1
DA:2244,1
DA:2245,1
DA:2246,1
DA:2247,1
DA:2248,1
DA:2249,1
DA:2250,1
DA:2251,1
DA:2252,1
DA:2253,1
DA:2254,1
DA:2255,1
DA:2256,1
DA:2257,1
DA:2258,1
DA:2259,1
DA:2260,1
DA:2261,1
DA:2262,1
DA:2263,1
DA:2264,1
DA:2265,1
DA:2266,1
DA:2267,1
DA:2268,1
DA:2269,1
DA:2270,1
DA:2271,1
DA:2272,1
DA:2273,1
DA:2274,1
DA:2275,1
DA:2276,1
DA:2277,1
DA:2278,1
DA:2279,1
DA:2280,1
DA:2281,1
DA:2282,1
DA:2283,1
DA:2284,1
DA:2285,1
DA:2286,1
DA:2287,1
DA:2288,1
DA:2289,1
DA:2290,1
DA:2291,1
DA:2292,1
DA:2293,1
DA:2294,1
DA:2295,1
DA:2296,1
DA:2297,1
DA:2298,1
DA:2299,1
DA:2300,1
DA:2301,1
DA:2302,1
DA:2303,1
DA:2304,1
DA:2305,1
DA:2306,1
DA:2307,1
DA:2308,1
DA:2309,1
DA:2310,1
DA:2311,1
DA:2312,1
DA:2313,1
DA:2314,1
DA:2315,1
DA:2316,1
DA:2317,1
DA:2318,1
DA:2319,1
DA:2320,1
DA:2321,1
DA:2322,1
DA:2323,1
DA:2324,1
DA:2325,1
DA:2326,1
DA:2327,1
DA:2328,1
DA:2329,1
DA:2330,1
DA:2331,1
DA:2332,1
DA:2333,1
DA:2334,1
DA:2335,1
DA:2336,1
DA:2337,1
DA:2338,1
DA:2339,1
DA:2340,1
DA:2341,1
DA:2342,1
DA:2343,1
DA:2344,1
DA:2345,1
DA:2346,1
DA:2347,1
DA:2348,1
DA:2349,1
DA:2350,1
DA:2351,1
DA:2352,1
DA:2353,1
DA:2354,1
DA:2355,1
DA:2356,1
DA:2357,1
DA:2358,1
DA:2359,1
DA:2360,1
DA:2361,1
DA:2362,1
DA:2363,1
DA:2364,1
DA:2365,1
DA:2366,1
DA:2367,1
DA:2368,1
DA:2369,1
DA:2370,1
DA:2371,1
DA:2372,1
DA:2373,1
DA:2374,1
DA:2375,1
DA:2376,1
DA:2377,1
DA:2378,1
DA:2379,1
DA:2380,1
DA:2381,1
DA:2382,1
DA:2383,1
DA:2384,1
DA:2385,1
DA:2386,1
DA:2387,1
DA:2388,1
DA:2389,1
DA:2390,1
DA:2391,1
DA:2392,1
DA:2393,1
DA:2394,1
DA:2395,1
DA:2396,1
DA:2397,1
DA:2398,1
DA:2399,1
DA:2400,1
DA:2401,1
DA:2402,1
DA:2403,1
DA:2404,1
DA:2405,1
DA:2406,1
DA:2407,1
DA:2408,1
DA:2409,1
DA:2410,1
DA:2411,1
DA:2412,1
DA:2413,1
DA:2414,1
DA:2415,1
DA:2416,1
DA:2417,1
DA:2418,1
DA:2419,1
DA:2420,1
DA:2421,1
DA:2422,1
DA:2423,1
DA:2424,1
DA:2425,1
DA:2426,1
DA:2427,1
DA:2428,1
DA:2429,1
DA:2430,1
DA:2431,1
DA:2432,1
DA:2433,1
DA:2434,1
DA:2435,1
DA:2436,1
DA:2437,1
DA:2438,1
DA:2439,1
DA:2440,1
DA:2441,1
DA:2442,1
DA:2443,1
DA:2444,1
DA:2445,1
DA:2446,1
DA:2447,1
DA:2448,1
DA:2449,1
DA:2450,1
DA:2451,1
DA:2452,1
DA:2453,1
DA:2454,1
DA:2455,1
DA:2456,1
DA:2457,1
DA:2458,1
DA:2459,1
DA:2460,1
DA:2461,1
DA:2462,1
DA:2463,1
DA:2464,1
DA:2465,1
DA:2466,1
DA:2467,1
DA:2468,1
DA:2469,1
DA:2470,1
DA:2471,1
DA:2472,1
DA:2473,1
DA:2474,1
DA:2475,1
DA:2476,1
DA:2477,1
DA:2478,1
DA:2479,1
DA:2480,1
DA:2481,1
DA:2482,1
DA:2483,1
DA:2484,1
DA:2485,1
DA:2486,1
DA:2487,1
DA:2488,1
DA:2489,1
DA:2490,1
DA:2491,1
DA:2492,1
DA:2493,1
DA:2494,1
DA:2495,1
DA:2496,1
DA:2497,1
DA:2498,1
DA:2499,1
DA:2500,1
DA:2501,1
DA:2502,1
DA:2503,1
DA:2504,1
DA:2505,1
DA:2506,1
DA:2507,1
DA:2508,1
DA:2509,1
DA:2510,1
DA:2511,1
DA:2512,1
DA:2513,1
DA:2514,1
DA:2515,1
DA:2516,1
DA:2517,1
DA:2518,1
DA:2519,1
DA:2520,1
DA:2521,1
DA:2522,1
DA:2523,1
DA:2524,1
DA:2525,1
DA:2526,1
DA:2527,1
DA:2528,1
DA:2529,1
DA:2530,1
DA:2531,1
DA:2532,1
DA:2533,1
DA:2534,1
DA:2535,1
DA:2536,1
DA:2537,1
DA:2538,0
DA:2539,1
DA:2540,1
DA:2543,1
DA:2544,1
DA:2547,1
DA:2548,1
DA:2549,1
DA:2550,1
DA:2551,1
DA:2552,1
DA:2553,1
DA:2554,1
DA:2555,1
DA:2556,1
DA:2557,1
DA:2558,1
DA:2559,1
DA:2560,1
DA:2561,1
DA:2562,1
DA:2563,1
DA:2564,1
DA:2565,1
DA:2566,1
DA:2567,1
DA:2568,1
DA:2569,1
DA:2570,1
DA:2571,1
DA:2572,1
DA:2573,1
DA:2574,1
DA:2575,1
DA:2576,1
DA:2577,1
DA:2578,1
DA:2579,1
DA:2580,1
DA:2581,1
DA:2582,1
DA:2583,1
DA:2584,1
DA:2585,1
DA:2586,1
DA:2587,1
DA:2588,1
DA:2589,1
DA:2590,1
DA:2591,1
DA:2592,1
DA:2593,1
DA:2594,1
DA:2595,1
DA:2596,1
DA:2597,1
DA:2598,1
DA:2599,1
DA:2600,1
DA:2601,1
DA:2602,1
DA:2603,1
DA:2604,1
DA:2605,1
DA:2606,1
DA:2607,1
DA:2608,1
DA:2609,1
DA:2610,1
DA:2611,1
DA:2612,1
DA:2613,1
DA:2614,1
DA:2615,1
DA:2616,1
DA:2617,1
DA:2618,1
DA:2619,1
DA:2620,1
DA:2621,1
DA:2622,1
DA:2623,1
DA:2624,1
DA:2625,1
DA:2626,1
DA:2627,1
DA:2628,1
DA:2629,1
DA:2630,1
DA:2631,1
DA:2632,1
DA:2633,1
DA:2634,1
DA:2635,1
DA:2636,1
DA:2637,1
DA:2638,1
DA:2639,1
DA:2640,1
DA:2641,1
DA:2642,1
DA:2643,1
DA:2644,1
DA:2645,1
DA:2646,1
DA:2647,1
DA:2648,1
DA:2649,1
DA:2650,1
DA:2651,1
DA:2652,1
DA:2653,1
DA:2654,1
DA:2655,1
DA:2656,1
DA:2657,1
DA:2658,1
DA:2659,1
DA:2660,1
DA:2661,1
DA:2662,1
DA:2663,1
DA:2664,1
DA:2665,1
DA:2666,1
DA:2667,1
DA:2668,1
DA:2669,1
DA:2670,1
DA:2671,1
DA:2672,1
DA:2673,1
DA:2674,1
DA:2675,1
DA:2676,1
DA:2677,1
DA:2678,1
DA:2679,1
DA:2680,1
DA:2681,1
DA:2682,1
DA:2683,1
DA:2684,1
DA:2685,1
DA:2686,1
DA:2687,1
DA:2688,1
DA:2689,1
DA:2690,1
DA:2691,1
DA:2692,1
DA:2693,1
DA:2694,1
DA:2695,1
DA:2696,1
DA:2697,1
DA:2698,1
DA:2699,1
DA:2700,1
DA:2701,1
DA:2702,1
DA:2703,1
DA:2704,1
DA:2705,1
DA:2706,1
DA:2707,1
DA:2708,1
DA:2709,1
DA:2710,1
DA:2711,1
DA:2712,1
DA:2713,1
DA:2714,1
DA:2715,1
DA:2716,1
DA:2717,1
DA:2718,1
DA:2719,1
DA:2720,1
DA:2721,1
DA:2722,1
DA:2723,1
DA:2724,1
DA:2725,1
DA:2726,1
DA:2727,1
DA:2728,1
DA:2729,1
DA:2730,1
DA:2731,1
DA:2732,1
DA:2733,1
DA:2734,1
DA:2735,1
DA:2736,1
DA:2737,1
DA:2738,1
DA:2739,1
DA:2740,1
DA:2741,1
DA:2742,1
DA:2743,1
DA:2744,1
DA:2745,1
DA:2746,1
DA:2747,1
DA:2748,1
DA:2749,1
DA:2750,1
DA:2751,1
DA:2752,1
DA:2753,1
DA:2754,1
DA:2755,1
DA:2756,1
DA:2757,1
DA:2758,1
DA:2759,1
DA:2760,1
DA:2761,1
DA:2762,1
DA:2763,1
DA:2764,1
DA:2765,1
DA:2766,1
DA:2767,1
DA:2768,1
DA:2769,1
DA:2770,1
DA:2771,1
DA:2772,1
DA:2773,1
DA:2774,1
DA:2775,1
DA:2776,1
DA:2777,1
DA:2778,1
DA:2779,1
DA:2780,1
DA:2781,1
DA:2782,1
DA:2783,1
DA:2784,1
DA:2785,1
DA:2786,1
DA:2787,1
DA:2788,1
DA:2789,1
DA:2790,1
DA:2791,1
DA:2792,1
DA:2793,1
DA:2794,1
DA:2795,1
DA:2796,1
DA:2797,1
DA:2798,1
DA:2799,1
DA:2800,1
DA:2801,1
DA:2802,1
DA:2803,1
DA:2804,1
DA:2805,1
DA:2806,1
DA:2807,1
DA:2808,1
DA:2809,1
DA:2810,1
DA:2811,1
DA:2812,1
DA:2813,1
DA:2814,1
DA:2815,1
DA:2816,1
DA:2817,1
DA:2818,1
DA:2819,1
DA:2820,1
DA:2821,1
DA:2822,1
DA:2823,1
DA:2824,1
DA:2825,1
DA:2826,1
DA:2827,1
DA:2828,1
DA:2829,1
DA:2830,1
DA:2831,1
DA:2832,1
DA:2833,1
DA:2834,1
DA:2835,1
DA:2836,1
DA:2837,1
DA:2838,1
DA:2839,1
DA:2840,1
DA:2841,1
DA:2842,1
DA:2843,1
DA:2844,1
DA:2845,1
DA:2846,1
DA:2847,1
DA:2848,1
DA:2849,1
DA:2850,1
DA:2851,1
DA:2852,1
DA:2853,1
DA:2854,1
DA:2855,1
DA:2856,1
DA:2857,1
DA:2858,1
DA:2859,1
DA:2860,1
DA:2861,1
DA:2862,1
DA:2863,1
DA:2864,1
DA:2865,1
DA:2866,1
DA:2867,1
DA:2868,0
DA:2869,1
DA:2870,1
DA:2873,1
DA:2874,1
DA:2877,1
DA:2878,1
DA:2879,1
DA:2880,1
DA:2881,1
DA:2882,1
DA:2883,1
DA:2884,1
DA:2885,1
DA:2886,1
DA:2887,1
DA:2888,1
DA:2889,1
DA:2890,1
DA:2891,1
DA:2892,1
DA:2893,1
DA:2894,1
DA:2895,1
DA:2896,1
DA:2897,1
DA:2898,1
DA:2899,1
DA:2900,1
DA:2901,1
DA:2902,1
DA:2903,1
DA:2904,1
DA:2905,1
DA:2906,1
DA:2907,1
DA:2908,1
DA:2909,1
DA:2910,1
DA:2911,1
DA:2912,1
DA:2913,1
DA:2914,1
DA:2915,1
DA:2916,1
DA:2917,1
DA:2918,1
DA:2919,1
DA:2920,1
DA:2921,1
DA:2922,1
DA:2923,1
DA:2924,1
DA:2925,1
DA:2926,1
DA:2927,1
DA:2928,1
DA:2929,1
DA:2930,1
DA:2931,1
DA:2932,1
DA:2933,1
DA:2934,1
DA:2935,1
DA:2936,1
DA:2937,1
DA:2938,1
DA:2939,1
DA:2940,1
DA:2941,1
DA:2942,1
DA:2943,1
DA:2944,1
DA:2945,1
DA:2946,1
DA:2947,1
DA:2948,1
DA:2949,1
DA:2950,1
DA:2951,1
DA:2952,1
DA:2953,1
DA:2954,1
DA:2955,1
DA:2956,1
DA:2957,1
DA:2958,1
DA:2959,1
DA:2960,1
DA:2961,1
DA:2962,1
DA:2963,1
DA:2964,1
DA:2965,1
DA:2966,1
DA:2967,1
DA:2968,1
DA:2969,1
DA:2970,1
DA:2971,1
DA:2972,1
DA:2973,1
DA:2974,1
DA:2975,1
DA:2976,1
DA:2977,1
DA:2978,1
DA:2979,1
DA:2980,1
DA:2981,1
DA:2982,1
DA:2983,1
DA:2984,1
DA:2985,1
DA:2986,1
DA:2987,1
DA:2988,1
DA:2989,1
DA:2990,1
DA:2991,1
DA:2992,1
DA:2993,1
DA:2994,1
DA:2995,1
DA:2996,1
DA:2997,1
DA:2998,1
DA:2999,1
DA:3000,1
DA:3001,1
DA:3002,1
DA:3003,1
DA:3004,1
DA:3005,1
DA:3006,1
DA:3007,1
DA:3008,1
DA:3009,1
DA:3010,1
DA:3011,1
DA:3012,1
DA:3013,1
DA:3014,1
DA:3015,1
DA:3016,1
DA:3017,1
DA:3018,1
DA:3019,1
DA:3020,1
DA:3021,1
DA:3022,1
DA:3023,1
DA:3024,1
DA:3025,1
DA:3026,1
DA:3027,1
DA:3028,1
DA:3029,1
DA:3030,1
DA:3031,1
DA:3032,1
DA:3033,1
DA:3034,1
DA:3035,1
DA:3036,1
DA:3037,1
DA:3038,1
DA:3039,1
DA:3040,1
DA:3041,1
DA:3042,1
DA:3043,1
DA:3044,1
DA:3045,1
DA:3046,1
DA:3047,1
DA:3048,1
DA:3049,1
DA:3050,1
DA:3051,1
DA:3052,1
DA:3053,1
DA:3054,1
DA:3055,1
DA:3056,1
DA:3057,1
DA:3058,1
DA:3059,1
DA:3060,1
DA:3061,1
DA:3062,1
DA:3063,1
DA:3064,1
DA:3065,1
DA:3066,1
DA:3067,1
DA:3068,1
DA:3069,1
DA:3070,1
DA:3071,1
DA:3072,1
DA:3073,1
DA:3074,1
DA:3075,1
DA:3076,1
DA:3077,1
DA:3078,1
DA:3079,1
DA:3080,1
DA:3081,1
DA:3082,1
DA:3083,1
DA:3084,1
DA:3085,1
DA:3086,1
DA:3087,1
DA:3088,1
DA:3089,1
DA:3090,1
DA:3091,1
DA:3092,1
DA:3093,1
DA:3094,1
DA:3095,1
DA:3096,1
DA:3097,1
DA:3098,1
DA:3099,1
DA:3100,1
DA:3101,1
DA:3102,1
DA:3103,1
DA:3104,1
DA:3105,1
DA:3106,1
DA:3107,1
DA:3108,1
DA:3109,1
DA:3110,1
DA:3111,1
DA:3112,1
DA:3113,1
DA:3114,1
DA:3115,1
DA:3116,1
DA:3117,1
DA:3118,1
DA:3119,1
DA:3120,1
DA:3121,1
DA:3122,1
DA:3123,1
DA:3124,1
DA:3125,1
DA:3126,1
DA:3127,1
DA:3128,1
DA:3129,1
DA:3130,1
DA:3131,1
DA:3132,1
DA:3133,1
DA:3134,1
DA:3135,1
DA:3136,1
DA:3137,1
DA:3138,1
DA:3139,1
DA:3140,1
DA:3141,1
DA:3142,1
DA:3143,1
DA:3144,1
DA:3145,1
DA:3146,1
DA:3147,1
DA:3148,1
DA:3149,1
DA:3150,1
DA:3151,1
DA:3152,1
DA:3153,1
DA:3154,1
DA:3155,1
DA:3156,1
DA:3157,1
DA:3158,1
DA:3159,1
DA:3160,1
DA:3161,1
DA:3162,1
DA:3163,1
DA:3164,1
DA:3165,1
DA:3166,1
DA:3167,1
DA:3168,1
DA:3169,1
DA:3170,1
DA:3171,1
DA:3172,1
DA:3173,1
DA:3174,1
DA:3175,1
DA:3176,1
DA:3177,1
DA:3178,1
DA:3179,1
DA:3180,1
DA:3181,1
DA:3182,1
DA:3183,1
DA:3184,1
DA:3185,1
DA:3186,1
DA:3187,1
DA:3188,1
DA:3189,1
DA:3190,1
DA:3191,1
DA:3192,1
DA:3193,1
DA:3194,1
DA:3195,1
DA:3196,1
DA:3197,1
DA:3198,1
DA:3199,0
DA:3200,1
DA:3201,1
DA:3204,1
DA:3205,1
DA:3208,1
DA:3209,1
DA:3210,1
DA:3211,1
DA:3212,1
DA:3213,1
DA:3214,1
DA:3215,1
DA:3216,1
DA:3217,1
DA:3218,1
DA:3219,1
DA:3220,1
DA:3221,1
DA:3222,1
DA:3223,1
DA:3224,1
DA:3225,1
DA:3226,1
DA:3227,1
DA:3228,1
DA:3229,1
DA:3230,1
DA:3231,1
DA:3232,1
DA:3233,1
DA:3234,1
DA:3235,1
DA:3236,1
DA:3237,1
DA:3238,1
DA:3239,1
DA:3240,1
DA:3241,1
DA:3242,1
DA:3243,1
DA:3244,1
DA:3245,1
DA:3246,1
DA:3247,1
DA:3248,1
DA:3249,1
DA:3250,1
DA:3251,1
DA:3252,1
DA:3253,1
DA:3254,1
DA:3255,1
DA:3256,1
DA:3257,1
DA:3258,1
DA:3259,1
DA:3260,1
DA:3261,1
DA:3262,1
DA:3263,1
DA:3264,1
DA:3265,1
DA:3266,1
DA:3267,1
DA:3268,1
DA:3269,1
DA:3270,1
DA:3271,1
DA:3272,1
DA:3273,1
DA:3274,1
DA:3275,1
DA:3276,1
DA:3277,1
DA:3278,1
DA:3279,1
DA:3280,1
DA:3281,1
DA:3282,1
DA:3283,1
DA:3284,1
DA:3285,1
DA:3286,1
DA:3287,1
DA:3288,1
DA:3289,1
DA:3290,1
DA:3291,1
DA:3292,1
DA:3293,1
DA:3294,1
DA:3295,1
DA:3296,1
DA:3297,1
DA:3298,1
DA:3299,1
DA:3300,1
DA:3301,1
DA:3302,1
DA:3303,1
DA:3304,1
DA:3305,1
DA:3306,1
DA:3307,1
DA:3308,1
DA:3309,1
DA:3310,1
DA:3311,1
DA:3312,1
DA:3313,1
DA:3314,1
DA:3315,1
DA:3316,1
DA:3317,1
DA:3318,1
DA:3319,1
DA:3320,1
DA:3321,1
DA:3322,1
DA:3323,1
DA:3324,1
DA:3325,1
DA:3326,1
DA:3327,1
DA:3328,1
DA:3329,1
DA:3330,1
DA:3331,1
DA:3332,1
DA:3333,1
DA:3334,1
DA:3335,1
DA:3336,1
DA:3337,1
DA:3338,1
DA:3339,1
DA:3340,1
DA:3341,1
DA:3342,1
DA:3343,1
DA:3344,1
DA:3345,1
DA:3346,1
DA:3347,1
DA:3348,1
DA:3349,1
DA:3350,1
DA:3351,1
DA:3352,1
DA:3353,1
DA:3354,1
DA:3355,1
DA:3356,1
DA:3357,1
DA:3358,1
DA:3359,1
DA:3360,1
DA:3361,1
DA:3362,1
DA:3363,1
DA:3364,1
DA:3365,1
DA:3366,1
DA:3367,1
DA:3368,1
DA:3369,1
DA:3370,1
DA:3371,1
DA:3372,1
DA:3373,1
DA:3374,1
DA:3375,1
DA:3376,1
DA:3377,1
DA:3378,1
DA:3379,1
DA:3380,1
DA:3381,1
DA:3382,1
DA:3383,1
DA:3384,1
DA:3385,1
DA:3386,1
DA:3387,1
DA:3388,1
DA:3389,1
DA:3390,1
DA:3391,1
DA:3392,1
DA:3393,1
DA:3394,1
DA:3395,1
DA:3396,1
DA:3397,1
DA:3398,1
DA:3399,1
DA:3400,1
DA:3401,1
DA:3402,1
DA:3403,1
DA:3404,1
DA:3405,1
DA:3406,1
DA:3407,1
DA:3408,1
DA:3409,1
DA:3410,1
DA:3411,1
DA:3412,1
DA:3413,1
DA:3414,1
DA:3415,1
DA:3416,1
DA:3417,1
DA:3418,1
DA:3419,1
DA:3420,1
DA:3421,1
DA:3422,1
DA:3423,1
DA:3424,1
DA:3425,1
DA:3426,1
DA:3427,1
DA:3428,1
DA:3429,1
DA:3430,1
DA:3431,1
DA:3432,1
DA:3433,1
DA:3434,1
DA:3435,1
DA:3436,1
DA:3437,1
DA:3438,1
DA:3439,1
DA:3440,1
DA:3441,1
DA:3442,1
DA:3443,1
DA:3444,1
DA:3445,1
DA:3446,1
DA:3447,1
DA:3448,1
DA:3449,1
DA:3450,1
DA:3451,1
DA:3452,1
DA:3453,1
DA:3454,1
DA:3455,1
DA:3456,1
DA:3457,1
DA:3458,1
DA:3459,1
DA:3460,1
DA:3461,1
DA:3462,1
DA:3463,1
DA:3464,1
DA:3465,1
DA:3466,1
DA:3467,1
DA:3468,1
DA:3469,1
DA:3470,1
DA:3471,1
DA:3472,1
DA:3473,1
DA:3474,1
DA:3475,1
DA:3476,1
DA:3477,1
DA:3478,1
DA:3479,1
DA:3480,1
DA:3481,1
DA:3482,1
DA:3483,1
DA:3484,1
DA:3485,1
DA:3486,1
DA:3487,1
DA:3488,1
DA:3489,1
DA:3490,1
DA:3491,1
DA:3492,1
DA:3493,1
DA:3494,1
DA:3495,1
DA:3496,1
DA:3497,1
DA:3498,1
DA:3499,1
DA:3500,1
DA:3501,1
DA:3502,1
DA:3503,1
DA:3504,1
DA:3505,1
DA:3506,1
DA:3507,1
DA:3508,1
DA:3509,1
DA:3510,1
DA:3511,1
DA:3512,1
DA:3513,1
DA:3514,1
DA:3515,1
DA:3516,1
DA:3517,1
DA:3518,1
DA:3519,1
DA:3520,1
DA:3521,1
DA:3522,1
DA:3523,1
DA:3524,1
DA:3525,1
DA:3526,1
DA:3527,1
DA:3528,1
DA:3529,1
DA:3530,1
DA:3531,1
DA:3532,1
DA:3533,1
DA:3534,1
DA:3535,1
DA:3536,1
DA:3537,1
DA:3538,1
DA:3539,1
DA:3540,1
DA:3541,1
DA:3542,1
DA:3543,1
DA:3544,1
DA:3545,1
DA:3546,1
DA:3547,1
DA:3548,1
DA:3549,1
DA:3550,1
DA:3551,1
DA:3552,1
DA:3553,1
DA:3554,1
DA:3555,1
DA:3556,1
DA:3557,1
DA:3558,1
DA:3559,1
DA:3560,1
DA:3561,1
DA:3562,1
DA:3563,1
DA:3564,1
DA:3565,1
DA:3566,1
DA:3567,1
DA:3568,1
DA:3569,1
DA:3570,1
DA:3571,1
DA:3572,1
DA:3573,1
DA:3574,2
DA:3575,2
DA:3576,26
DA:3577,26
DA:3578,26
DA:3579,24
DA:3580,24
DA:3581,2
DA:3582,2
DA:3584,2
DA:3585,2
DA:3586,1
DA:3587,1
DA:3588,2
DA:3591,1
DA:3592,1
DA:3593,1
DA:3594,1
DA:3595,1
DA:3596,1
DA:3597,1
DA:3598,1
DA:3599,1
DA:3600,1
DA:3601,1
DA:3602,1
DA:3603,1
DA:3604,0
DA:3605,1
DA:3606,1
DA:3609,1
DA:3610,1
DA:3613,1
DA:3614,1
DA:3615,1
DA:3616,1
DA:3617,1
DA:3618,1
DA:3619,1
DA:3620,1
DA:3621,1
DA:3622,1
DA:3623,1
DA:3624,1
DA:3625,1
DA:3626,1
DA:3627,1
DA:3628,1
DA:3629,1
DA:3630,1
DA:3631,1
DA:3632,1
DA:3633,1
DA:3634,1
DA:3635,1
DA:3636,1
DA:3637,1
DA:3638,1
DA:3639,1
DA:3640,1
DA:3641,1
DA:3642,1
DA:3643,1
DA:3644,1
DA:3645,1
DA:3646,1
DA:3647,1
DA:3648,1
DA:3649,1
DA:3650,1
DA:3651,1
DA:3652,1
DA:3653,1
DA:3654,1
DA:3655,1
DA:3656,1
DA:3657,1
DA:3658,1
DA:3659,1
DA:3660,1
DA:3661,1
DA:3662,1
DA:3663,1
DA:3664,1
DA:3665,1
DA:3666,1
DA:3667,1
DA:3668,1
DA:3669,1
DA:3670,1
DA:3671,1
DA:3672,1
DA:3673,1
DA:3674,1
DA:3675,1
DA:3676,1
DA:3677,1
DA:3678,1
DA:3679,1
DA:3680,1
DA:3681,1
DA:3682,1
DA:3683,1
DA:3684,1
DA:3685,1
DA:3686,1
DA:3687,1
DA:3688,1
DA:3689,1
DA:3690,1
DA:3691,1
DA:3692,1
DA:3693,1
DA:3694,1
DA:3695,1
DA:3696,1
DA:3697,1
DA:3698,1
DA:3699,1
DA:3700,1
DA:3701,1
DA:3702,1
DA:3703,1
DA:3704,1
DA:3705,1
DA:3706,1
DA:3707,1
DA:3708,1
DA:3709,1
DA:3710,1
DA:3711,1
DA:3712,1
DA:3713,1
DA:3714,1
DA:3715,1
DA:3716,1
DA:3717,1
DA:3718,1
DA:3719,1
DA:3720,1
DA:3721,1
DA:3722,1
DA:3723,1
DA:3724,1
DA:3725,1
DA:3726,1
DA:3727,1
DA:3728,1
DA:3729,1
DA:3730,1
DA:3731,1
DA:3732,1
DA:3733,1
DA:3734,1
DA:3735,1
DA:3736,1
DA:3737,1
DA:3738,1
DA:3739,1
DA:3740,1
DA:3741,1
DA:3742,1
DA:3743,1
DA:3744,1
DA:3745,1
DA:3746,1
DA:3747,1
DA:3748,1
DA:3749,1
DA:3750,1
DA:3751,1
DA:3752,1
DA:3753,1
DA:3754,1
DA:3755,1
DA:3756,1
DA:3757,1
DA:3758,1
DA:3759,1
DA:3760,1
DA:3761,1
DA:3762,1
DA:3763,1
DA:3764,1
DA:3765,1
DA:3766,1
DA:3767,1
DA:3768,1
DA:3769,1
DA:3770,1
DA:3771,1
DA:3772,1
DA:3773,1
DA:3774,1
DA:3775,1
DA:3776,1
DA:3777,1
DA:3778,1
DA:3779,1
DA:3780,1
DA:3781,1
DA:3782,1
DA:3783,1
DA:3784,1
DA:3785,1
DA:3786,1
DA:3787,1
DA:3788,1
DA:3789,1
DA:3790,1
DA:3791,1
DA:3792,1
DA:3793,1
DA:3794,1
DA:3795,1
DA:3796,1
DA:3797,1
DA:3798,1
DA:3799,1
DA:3800,1
DA:3801,1
DA:3802,1
DA:3803,1
DA:3804,1
DA:3805,1
DA:3806,1
DA:3807,1
DA:3808,1
DA:3809,1
DA:3810,1
DA:3811,1
DA:3812,1
DA:3813,1
DA:3814,1
DA:3815,1
DA:3816,1
DA:3817,1
DA:3818,1
DA:3819,1
DA:3820,1
DA:3821,1
DA:3822,1
DA:3823,1
DA:3824,1
DA:3825,1
DA:3826,1
DA:3827,1
DA:3828,1
DA:3829,1
DA:3830,1
DA:3831,1
DA:3832,1
DA:3833,1
DA:3834,1
DA:3835,1
DA:3836,1
DA:3837,1
DA:3838,1
DA:3839,1
DA:3840,1
DA:3841,1
DA:3842,1
DA:3843,1
DA:3844,1
DA:3845,1
DA:3846,1
DA:3847,1
DA:3848,1
DA:3849,1
DA:3850,1
DA:3851,1
DA:3852,1
DA:3853,1
DA:3854,1
DA:3855,1
DA:3856,1
DA:3857,1
DA:3858,1
DA:3859,1
DA:3860,1
DA:3861,1
DA:3862,1
DA:3863,1
DA:3864,1
DA:3865,1
DA:3866,1
DA:3867,1
DA:3868,1
DA:3869,1
DA:3870,1
DA:3871,1
DA:3872,1
DA:3873,1
DA:3874,1
DA:3875,1
DA:3876,1
DA:3877,1
DA:3878,1
DA:3879,1
DA:3880,1
DA:3881,1
DA:3882,1
DA:3883,1
DA:3884,1
DA:3885,1
DA:3886,1
DA:3887,1
DA:3888,1
DA:3889,1
DA:3890,1
DA:3891,1
DA:3892,1
DA:3893,1
DA:3894,1
DA:3895,1
DA:3896,1
DA:3897,1
DA:3898,1
DA:3899,1
DA:3900,1
DA:3901,1
DA:3902,1
DA:3903,1
DA:3904,1
DA:3905,1
DA:3906,1
DA:3907,1
DA:3908,13
DA:3909,13
DA:3910,13
DA:3911,12
DA:3912,12
DA:3913,1
DA:3914,1
DA:3916,1
DA:3917,1
DA:3918,0
DA:3919,1
DA:3920,1
DA:3923,1
DA:3924,1
DA:3925,1
DA:3926,1
DA:3927,1
DA:3928,1
DA:3929,1
DA:3930,1
DA:3931,1
DA:3932,1
DA:3933,1
DA:3934,1
DA:3935,1
DA:3936,0
DA:3937,1
DA:3938,1
DA:3941,1
DA:3942,1
DA:3944,1
DA:3945,1
DA:3946,1
DA:3947,1
DA:3948,1
DA:3949,1
DA:3950,0
DA:3951,0
DA:3953,1
DA:3957,1
DA:3958,1
DA:3959,1
DA:3960,1
DA:3963,1
DA:3964,1
DA:3965,1
DA:3966,1
DA:3967,1
DA:3968,1
DA:3969,1
DA:3970,1
DA:3971,1
DA:3972,1
DA:3973,1
DA:3974,1
DA:3975,1
DA:3976,1
DA:3977,1
DA:3978,1
DA:3979,1
DA:3980,1
DA:3981,1
DA:3982,1
DA:3983,1
DA:3984,1
DA:3985,1
DA:3986,1
DA:3987,1
DA:3988,1
DA:3989,1
DA:3990,1
DA:3991,1
DA:3992,1
DA:3993,1
DA:3994,1
DA:3995,1
DA:3996,1
DA:3997,1
DA:3998,1
DA:3999,1
DA:4000,1
DA:4001,1
DA:4002,1
DA:4003,1
DA:4004,1
DA:4005,1
DA:4006,1
DA:4007,1
DA:4008,1
DA:4009,1
DA:4010,1
DA:4011,1
DA:4012,1
DA:4013,1
DA:4014,1
DA:4015,1
DA:4016,1
DA:4017,1
DA:4018,1
DA:4019,1
DA:4020,1
DA:4021,1
DA:4022,1
DA:4023,1
DA:4024,1
DA:4025,1
DA:4026,1
DA:4027,1
DA:4028,1
DA:4029,1
DA:4030,1
DA:4031,1
DA:4032,1
DA:4033,1
DA:4034,1
DA:4035,1
DA:4036,1
DA:4037,1
DA:4038,1
DA:4039,1
DA:4040,1
DA:4041,1
DA:4042,1
DA:4043,1
DA:4044,1
DA:4045,1
DA:4046,1
DA:4047,1
DA:4048,1
DA:4049,1
DA:4050,1
DA:4051,1
DA:4052,1
DA:4053,1
DA:4054,1
DA:4055,1
DA:4056,1
DA:4057,1
DA:4058,1
DA:4059,1
DA:4060,1
DA:4061,1
DA:4062,1
DA:4063,1
DA:4064,1
DA:4065,1
DA:4066,1
DA:4067,1
DA:4068,1
DA:4069,1
DA:4070,1
DA:4071,1
DA:4072,1
DA:4073,1
DA:4074,1
DA:4075,1
DA:4076,1
DA:4077,1
DA:4078,1
DA:4079,1
DA:4080,1
DA:4081,1
DA:4082,1
DA:4083,1
DA:4084,1
DA:4085,1
DA:4086,1
DA:4087,1
DA:4088,1
DA:4089,1
DA:4090,1
DA:4091,1
DA:4092,1
DA:4093,1
DA:4094,1
DA:4095,1
DA:4096,1
DA:4097,1
DA:4098,1
DA:4099,1
DA:4100,1
DA:4101,1
DA:4102,1
DA:4103,1
DA:4104,1
DA:4105,1
DA:4106,1
DA:4107,1
DA:4108,1
DA:4109,1
DA:4110,1
DA:4111,1
DA:4112,1
DA:4113,1
DA:4114,1
DA:4115,1
DA:4116,1
DA:4117,1
DA:4118,1
DA:4119,1
DA:4120,1
DA:4121,1
DA:4122,1
DA:4123,1
DA:4124,1
DA:4125,1
DA:4126,1
DA:4127,1
DA:4128,1
DA:4129,1
DA:4130,1
DA:4131,1
DA:4132,1
DA:4133,1
DA:4134,1
DA:4135,1
DA:4136,1
DA:4137,1
DA:4138,1
DA:4139,1
DA:4140,1
DA:4141,1
DA:4142,1
DA:4143,1
DA:4144,1
DA:4145,1
DA:4146,1
DA:4147,1
DA:4148,1
DA:4149,1
DA:4150,1
DA:4151,1
DA:4152,1
DA:4153,1
DA:4154,1
DA:4155,1
DA:4156,1
DA:4157,1
DA:4158,1
DA:4159,1
DA:4160,1
DA:4161,1
DA:4162,1
DA:4163,1
DA:4164,1
DA:4165,1
DA:4166,1
DA:4167,1
DA:4168,1
DA:4169,1
DA:4170,1
DA:4171,1
DA:4172,1
DA:4173,1
DA:4174,1
DA:4175,1
DA:4176,1
DA:4177,1
DA:4178,1
DA:4179,1
DA:4180,1
DA:4181,1
DA:4182,1
DA:4183,1
DA:4184,1
DA:4185,1
DA:4186,1
DA:4187,1
DA:4188,1
DA:4189,1
DA:4190,1
DA:4191,1
DA:4192,1
DA:4193,1
DA:4194,1
DA:4195,1
DA:4196,1
DA:4197,1
DA:4198,1
DA:4199,1
DA:4200,1
DA:4201,1
DA:4202,1
DA:4203,1
DA:4204,1
DA:4205,1
DA:4206,1
DA:4207,1
DA:4208,1
DA:4209,1
DA:4210,1
DA:4211,1
DA:4212,1
DA:4213,1
DA:4214,1
DA:4215,1
DA:4216,1
DA:4217,1
DA:4218,1
DA:4219,1
DA:4220,1
DA:4221,1
DA:4222,1
DA:4223,1
DA:4224,1
DA:4225,1
DA:4226,1
DA:4227,1
DA:4228,1
DA:4229,0
DA:4230,1
DA:4231,1
DA:4234,1
DA:4235,1
DA:4238,1
DA:4239,1
DA:4240,1
DA:4241,1
DA:4242,1
DA:4243,1
DA:4244,1
DA:4245,1
DA:4246,1
DA:4247,1
DA:4248,1
DA:4249,1
DA:4250,1
DA:4251,1
DA:4252,1
DA:4253,1
DA:4254,1
DA:4255,1
DA:4256,1
DA:4257,1
DA:4258,1
DA:4259,1
DA:4260,1
DA:4261,1
DA:4262,1
DA:4263,1
DA:4264,1
DA:4265,1
DA:4266,1
DA:4267,1
DA:4268,1
DA:4269,1
DA:4270,1
DA:4271,1
DA:4272,1
DA:4273,1
DA:4274,1
DA:4275,1
DA:4276,1
DA:4277,1
DA:4278,1
DA:4279,1
DA:4280,1
DA:4281,1
DA:4282,1
DA:4283,1
DA:4284,1
DA:4285,1
DA:4286,1
DA:4287,1
DA:4288,1
DA:4289,1
DA:4290,1
DA:4291,1
DA:4292,1
DA:4293,1
DA:4294,1
DA:4295,1
DA:4296,1
DA:4297,1
DA:4298,1
DA:4299,1
DA:4300,1
DA:4301,1
DA:4302,1
DA:4303,1
DA:4304,1
DA:4305,1
DA:4306,1
DA:4307,1
DA:4308,1
DA:4309,1
DA:4310,1
DA:4311,1
DA:4312,1
DA:4313,1
DA:4314,1
DA:4315,1
DA:4316,1
DA:4317,1
DA:4318,1
DA:4319,1
DA:4320,1
DA:4321,1
DA:4322,1
DA:4323,1
DA:4324,1
DA:4325,1
DA:4326,1
DA:4327,1
DA:4328,1
DA:4329,1
DA:4330,1
DA:4331,1
DA:4332,1
DA:4333,1
DA:4334,1
DA:4335,1
DA:4336,1
DA:4337,1
DA:4338,1
DA:4339,1
DA:4340,1
DA:4341,1
DA:4342,1
DA:4343,1
DA:4344,1
DA:4345,1
DA:4346,1
DA:4347,1
DA:4348,1
DA:4349,1
DA:4350,1
DA:4351,1
DA:4352,1
DA:4353,1
DA:4354,1
DA:4355,1
DA:4356,1
DA:4357,1
DA:4358,1
DA:4359,1
DA:4360,1
DA:4361,1
DA:4362,1
DA:4363,1
DA:4364,1
DA:4365,1
DA:4366,1
DA:4367,1
DA:4368,1
DA:4369,1
DA:4370,1
DA:4371,1
DA:4372,1
DA:4373,1
DA:4374,1
DA:4375,1
DA:4376,1
DA:4377,1
DA:4378,1
DA:4379,1
DA:4380,1
DA:4381,1
DA:4382,1
DA:4383,1
DA:4384,1
DA:4385,1
DA:4386,1
DA:4387,1
DA:4388,1
DA:4389,1
DA:4390,1
DA:4391,1
DA:4392,1
DA:4393,1
DA:4394,1
DA:4395,1
DA:4396,1
DA:4397,1
DA:4398,1
DA:4399,1
DA:4400,1
DA:4401,1
DA:4402,1
DA:4403,1
DA:4404,1
DA:4405,1
DA:4406,1
DA:4407,1
DA:4408,1
DA:4409,1
DA:4410,1
DA:4411,1
DA:4412,1
DA:4413,1
DA:4414,1
DA:4415,1
DA:4416,1
DA:4417,1
DA:4418,1
DA:4419,1
DA:4420,1
DA:4421,1
DA:4422,1
DA:4423,1
DA:4424,1
DA:4425,1
DA:4426,1
DA:4427,1
DA:4428,1
DA:4429,1
DA:4430,1
DA:4431,1
DA:4432,1
DA:4433,1
DA:4434,1
DA:4435,1
DA:4436,1
DA:4437,1
DA:4438,1
DA:4439,1
DA:4440,1
DA:4441,1
DA:4442,1
DA:4443,1
DA:4444,1
DA:4445,1
DA:4446,1
DA:4447,1
DA:4448,1
DA:4449,1
DA:4450,1
DA:4451,1
DA:4452,1
DA:4453,1
DA:4454,1
DA:4455,1
DA:4456,1
DA:4457,1
DA:4458,1
DA:4459,1
DA:4460,1
DA:4461,1
DA:4462,1
DA:4463,1
DA:4464,1
DA:4465,1
DA:4466,1
DA:4467,1
DA:4468,1
DA:4469,1
DA:4470,1
DA:4471,1
DA:4472,1
DA:4473,1
DA:4474,1
DA:4475,1
DA:4476,1
DA:4477,1
DA:4478,1
DA:4479,1
DA:4480,1
DA:4481,1
DA:4482,1
DA:4483,1
DA:4484,1
DA:4485,1
DA:4486,1
DA:4487,1
DA:4488,1
DA:4489,1
DA:4490,1
DA:4491,1
DA:4492,1
DA:4493,1
DA:4494,1
DA:4495,1
DA:4496,1
DA:4497,1
DA:4498,1
DA:4499,1
DA:4500,1
DA:4501,1
DA:4502,1
DA:4503,1
DA:4504,1
DA:4505,0
DA:4506,1
DA:4507,1
DA:4510,1
DA:4511,1
BRF:0
BRH:0
LF:4115
LH:2913
end_of_record
SF:D:\opensource\hayabusa\src\debug\checkpoint_process_timer.rs
FN:25,_RNvMNtNtCs5DPfXlAluY4_8hayabusa5debug24checkpoint_process_timerNtB2_22CheckPointProcessTimer23create_checkpoint_timer
FN:33,_RNvMNtNtCs5DPfXlAluY4_8hayabusa5debug24checkpoint_process_timerNtB2_22CheckPointProcessTimer14set_checkpoint
FN:38,_RNvMNtNtCs5DPfXlAluY4_8hayabusa5debug24checkpoint_process_timerNtB2_22CheckPointProcessTimer14rap_checkpoint
FN:64,_RNvMNtNtCs5DPfXlAluY4_8hayabusa5debug24checkpoint_process_timerNtB2_22CheckPointProcessTimer21output_stocked_result
FN:74,_RNvMNtNtCs5DPfXlAluY4_8hayabusa5debug24checkpoint_process_timerNtB2_22CheckPointProcessTimer29calculate_all_stocked_results
FN:25,_RNvMNtNtCsNhz5SapXcJ_8hayabusa5debug24checkpoint_process_timerNtB2_22CheckPointProcessTimer23create_checkpoint_timer
FN:33,_RNvMNtNtCsNhz5SapXcJ_8hayabusa5debug24checkpoint_process_timerNtB2_22CheckPointProcessTimer14set_checkpoint
FN:38,_RNvMNtNtCsNhz5SapXcJ_8hayabusa5debug24checkpoint_process_timerNtB2_22CheckPointProcessTimer14rap_checkpoint
FN:64,_RNvMNtNtCsNhz5SapXcJ_8hayabusa5debug24checkpoint_process_timerNtB2_22CheckPointProcessTimer21output_stocked_result
FN:74,_RNvMNtNtCsNhz5SapXcJ_8hayabusa5debug24checkpoint_process_timerNtB2_22CheckPointProcessTimer29calculate_all_stocked_results
FN:97,_RNvNtNtNtCsNhz5SapXcJ_8hayabusa5debug24checkpoint_process_timer5testss_20test_set_check_point
FN:105,_RNvNtNtNtCsNhz5SapXcJ_8hayabusa5debug24checkpoint_process_timer5testss_19test_rap_checkpoint
FN:124,_RNvNtNtNtCsNhz5SapXcJ_8hayabusa5debug24checkpoint_process_timer5testss_34test_calculate_all_stocked_results
FNDA:1,_RNvMNtNtCs5DPfXlAluY4_8hayabusa5debug24checkpoint_process_timerNtB2_22CheckPointProcessTimer23create_checkpoint_timer
FNDA:22,_RNvMNtNtCs5DPfXlAluY4_8hayabusa5debug24checkpoint_process_timerNtB2_22CheckPointProcessTimer14set_checkpoint
FNDA:12,_RNvMNtNtCs5DPfXlAluY4_8hayabusa5debug24checkpoint_process_timerNtB2_22CheckPointProcessTimer14rap_checkpoint
FNDA:0,_RNvMNtNtCs5DPfXlAluY4_8hayabusa5debug24checkpoint_process_timerNtB2_22CheckPointProcessTimer21output_stocked_result
FNDA:5,_RNvMNtNtCs5DPfXlAluY4_8hayabusa5debug24checkpoint_process_timerNtB2_22CheckPointProcessTimer29calculate_all_stocked_results
FNDA:1,_RNvMNtNtCsNhz5SapXcJ_8hayabusa5debug24checkpoint_process_timerNtB2_22CheckPointProcessTimer23create_checkpoint_timer
FNDA:5,_RNvMNtNtCsNhz5SapXcJ_8hayabusa5debug24checkpoint_process_timerNtB2_22CheckPointProcessTimer14set_checkpoint
FNDA:4,_RNvMNtNtCsNhz5SapXcJ_8hayabusa5debug24checkpoint_process_timerNtB2_22CheckPointProcessTimer14rap_checkpoint
FNDA:1,_RNvMNtNtCsNhz5SapXcJ_8hayabusa5debug24checkpoint_process_timerNtB2_22CheckPointProcessTimer21output_stocked_result
FNDA:1,_RNvMNtNtCsNhz5SapXcJ_8hayabusa5debug24checkpoint_process_timerNtB2_22CheckPointProcessTimer29calculate_all_stocked_results
FNDA:1,_RNvNtNtNtCsNhz5SapXcJ_8hayabusa5debug24checkpoint_process_timer5testss_20test_set_check_point
FNDA:1,_RNvNtNtNtCsNhz5SapXcJ_8hayabusa5debug24checkpoint_process_timer5testss_19test_rap_checkpoint
FNDA:1,_RNvNtNtNtCsNhz5SapXcJ_8hayabusa5debug24checkpoint_process_timer5testss_34test_calculate_all_stocked_results
FNF:8
FNH:8
DA:25,2
DA:26,2
DA:27,2
DA:28,2
DA:29,2
DA:30,2
DA:33,27
DA:34,27
DA:35,27
DA:38,16
DA:39,16
DA:40,1
DA:41,15
DA:42,15
DA:43,15
DA:44,15
DA:45,15
DA:46,15
DA:47,15
DA:48,12
DA:49,0
DA:50,0
DA:51,0
DA:52,0
DA:53,15
DA:54,15
DA:55,15
DA:56,15
DA:57,15
DA:58,15
DA:59,15
DA:60,15
DA:61,16
DA:64,1
DA:65,1
DA:66,1
DA:67,1
DA:68,1
DA:69,1
DA:70,1
DA:71,1
DA:72,1
DA:74,6
DA:75,6
DA:76,6
DA:77,41
DA:78,41
DA:79,41
DA:80,41
DA:81,6
DA:82,6
DA:83,6
DA:84,6
DA:85,6
DA:86,6
DA:87,6
DA:97,1
DA:98,1
DA:99,1
DA:100,1
DA:101,1
DA:102,1
DA:105,1
DA:106,1
DA:107,1
DA:108,1
DA:109,1
DA:110,1
DA:111,1
DA:112,1
DA:113,1
DA:114,1
DA:115,1
DA:116,1
DA:117,1
DA:118,1
DA:120,1
DA:121,1
DA:124,1
DA:125,1
DA:126,1
DA:127,1
DA:128,1
DA:129,1
DA:130,1
DA:131,1
DA:132,1
DA:133,1
DA:134,1
DA:135,1
DA:136,1
DA:137,1
DA:138,1
DA:139,1
DA:140,1
DA:141,1
DA:142,1
DA:143,1
DA:145,1
DA:146,1
BRF:0
BRH:0
LF:100
LH:96
end_of_record
SF:D:\opensource\hayabusa\src\detections\configs.rs
FN:50,_RNvXNtNtCs5DPfXlAluY4_8hayabusa10detections7configsNtB2_12ConfigReaderNtNtCshEwRaVhoEM3_4core7default7Default7default
FN:97,_RNvMs_NtNtCs5DPfXlAluY4_8hayabusa10detections7configsNtB4_12StoredStatic18create_static_data
FN:162,_RNCNvMs_NtNtCs5DPfXlAluY4_8hayabusa10detections7configsNtB6_12StoredStatic18create_static_data0Ba_
FN:165,_RNCNvMs_NtNtCs5DPfXlAluY4_8hayabusa10detections7configsNtB6_12StoredStatic18create_static_datas_0Ba_
FN:168,_RNCNvMs_NtNtCs5DPfXlAluY4_8hayabusa10detections7configsNtB6_12StoredStatic18create_static_datas0_0Ba_
FN:174,_RNCNvMs_NtNtCs5DPfXlAluY4_8hayabusa10detections7configsNtB6_12StoredStatic18create_static_datas1_0Ba_
FN:185,_RNCNvMs_NtNtCs5DPfXlAluY4_8hayabusa10detections7configsNtB6_12StoredStatic18create_static_datas2_0Ba_
FN:198,_RNCNvMs_NtNtCs5DPfXlAluY4_8hayabusa10detections7configsNtB6_12StoredStatic18create_static_datas3_0Ba_
FN:241,_RNCNvMs_NtNtCs5DPfXlAluY4_8hayabusa10detections7configsNtB6_12StoredStatic18create_static_datas4_0Ba_
FN:301,_RNCNvMs_NtNtCs5DPfXlAluY4_8hayabusa10detections7configsNtB6_12StoredStatic18create_static_datas5_0Ba_
FN:326,_RNCNvMs_NtNtCs5DPfXlAluY4_8hayabusa10detections7configsNtB6_12StoredStatic18create_static_datas6_0Ba_
FN:494,_RNCNvMs_NtNtCs5DPfXlAluY4_8hayabusa10detections7configsNtB6_12StoredStatic18create_static_datas7_0Ba_
FN:541,_RNCNvMs_NtNtCs5DPfXlAluY4_8hayabusa10detections7configsNtB6_12StoredStatic18create_static_datas8_0Ba_
FN:549,_RNCNvMs_NtNtCs5DPfXlAluY4_8hayabusa10detections7configsNtB6_12StoredStatic18create_static_datas9_0Ba_
FN:556,_RNCNvMs_NtNtCs5DPfXlAluY4_8hayabusa10detections7configsNtB6_12StoredStatic18create_static_datasa_0Ba_
FN:570,_RNCNvMs_NtNtCs5DPfXlAluY4_8hayabusa10detections7configsNtB6_12StoredStatic18create_static_datasb_0Ba_
FN:585,_RNCNvMs_NtNtCs5DPfXlAluY4_8hayabusa10detections7configsNtB6_12StoredStatic18create_static_datasc_0Ba_
FN:587,_RNCNvMs_NtNtCs5DPfXlAluY4_8hayabusa10detections7configsNtB6_12StoredStatic18create_static_datasd_0Ba_
FN:590,_RNCNvMs_NtNtCs5DPfXlAluY4_8hayabusa10detections7configsNtB6_12StoredStatic18create_static_datase_0Ba_
FN:604,_RNCNvMs_NtNtCs5DPfXlAluY4_8hayabusa10detections7configsNtB6_12StoredStatic18create_static_datasf_0Ba_
FN:617,_RNCNvMs_NtNtCs5DPfXlAluY4_8hayabusa10detections7configsNtB6_12StoredStatic18create_static_datasg_0Ba_
FN:642,_RNCNvMs_NtNtCs5DPfXlAluY4_8hayabusa10detections7configsNtB6_12StoredStatic18create_static_datash_0Ba_
FN:655,_RNCNvMs_NtNtCs5DPfXlAluY4_8hayabusa10detections7configsNtB6_12StoredStatic18create_static_datasi_0Ba_
FN:704,_RNvMs_NtNtCs5DPfXlAluY4_8hayabusa10detections7configsNtB4_12StoredStatic19get_default_details
FN:715,_RNCNvMs_NtNtCs5DPfXlAluY4_8hayabusa10detections7configsNtB6_12StoredStatic19get_default_details0Ba_
FN:761,_RNvNtNtCs5DPfXlAluY4_8hayabusa10detections7configs19check_thread_number
FN:885,_RNvMs0_NtNtCs5DPfXlAluY4_8hayabusa10detections7configsNtB5_6Action8to_usize
FN:905,_RNvMs0_NtNtCs5DPfXlAluY4_8hayabusa10detections7configsNtB5_6Action15get_action_name
FN:1728,_RNvMs1_NtNtCs5DPfXlAluY4_8hayabusa10detections7configsNtB5_12ConfigReader3new
FN:1752,_RNvXs2_NtNtCs5DPfXlAluY4_8hayabusa10detections7configsNtB5_9TargetIdsNtNtCshEwRaVhoEM3_4core7default7Default7default
FN:1758,_RNvMs3_NtNtCs5DPfXlAluY4_8hayabusa10detections7configsNtB5_9TargetIds3new
FN:1764,_RNvMs3_NtNtCs5DPfXlAluY4_8hayabusa10detections7configsNtB5_9TargetIds9is_target
FN:1773,_RNvNtNtCs5DPfXlAluY4_8hayabusa10detections7configs15load_target_ids
FN:1802,_RNvMs4_NtNtCs5DPfXlAluY4_8hayabusa10detections7configsNtB5_15TargetEventTime3new
FN:1804,_RNCNvMs4_NtNtCs5DPfXlAluY4_8hayabusa10detections7configsNtB7_15TargetEventTime3new0Bb_
FN:1807,_RNCNCNvMs4_NtNtCs5DPfXlAluY4_8hayabusa10detections7configsNtB9_15TargetEventTime3new00Bd_
FN:1823,_RNCNvMs4_NtNtCs5DPfXlAluY4_8hayabusa10detections7configsNtB7_15TargetEventTime3news_0Bb_
FN:1851,_RNCNCNvMs4_NtNtCs5DPfXlAluY4_8hayabusa10detections7configsNtB9_15TargetEventTime3news_00Bd_
FN:1861,_RNCNCNvMs4_NtNtCs5DPfXlAluY4_8hayabusa10detections7configsNtB9_15TargetEventTime3news_0s_0Bd_
FN:1862,_RNCNCNvMs4_NtNtCs5DPfXlAluY4_8hayabusa10detections7configsNtB9_15TargetEventTime3news_0s0_0Bd_
FN:1863,_RNCNCNvMs4_NtNtCs5DPfXlAluY4_8hayabusa10detections7configsNtB9_15TargetEventTime3news_0s1_0Bd_
FN:1868,_RNCNCNvMs4_NtNtCs5DPfXlAluY4_8hayabusa10detections7configsNtB9_15TargetEventTime3news_0s2_0Bd_
FN:1873,_RNCNCNvMs4_NtNtCs5DPfXlAluY4_8hayabusa10detections7configsNtB9_15TargetEventTime3news_0s3_0Bd_
FN:2021,_RNvMs4_NtNtCs5DPfXlAluY4_8hayabusa10detections7configsNtB5_15TargetEventTime3set
FN:2033,_RNvMs4_NtNtCs5DPfXlAluY4_8hayabusa10detections7configsNtB5_15TargetEventTime16is_parse_success
FN:2037,_RNvMs4_NtNtCs5DPfXlAluY4_8hayabusa10detections7configsNtB5_15TargetEventTime9is_target
FN:2062,_RNvMs5_NtNtCs5DPfXlAluY4_8hayabusa10detections7configsNtB5_19EventKeyAliasConfig3new
FN:2069,_RNvMs5_NtNtCs5DPfXlAluY4_8hayabusa10detections7configsNtB5_19EventKeyAliasConfig13get_event_key
FN:2073,_RNvMs5_NtNtCs5DPfXlAluY4_8hayabusa10detections7configsNtB5_19EventKeyAliasConfig19get_event_key_split
FN:2079,_RNvXs6_NtNtCs5DPfXlAluY4_8hayabusa10detections7configsNtB5_19EventKeyAliasConfigNtNtCshEwRaVhoEM3_4core7default7Default7default
FN:2084,_RNvNtNtCs5DPfXlAluY4_8hayabusa10detections7configs19load_eventkey_alias
FN:2094,_RNCNvNtNtCs5DPfXlAluY4_8hayabusa10detections7configs19load_eventkey_alias0B7_
FN:2111,_RNCNCNvNtNtCs5DPfXlAluY4_8hayabusa10detections7configs19load_eventkey_alias00B9_
FN:2119,_RNvNtNtCs5DPfXlAluY4_8hayabusa10detections7configs19load_pivot_keywords
FN:2128,_RNCNvNtNtCs5DPfXlAluY4_8hayabusa10detections7configs19load_pivot_keywords0B7_
FN:2158,_RNvNtNtCs5DPfXlAluY4_8hayabusa10detections7configs21get_target_extensions
FN:2169,_RNvNtNtCs5DPfXlAluY4_8hayabusa10detections7configs25convert_option_vecs_to_hs
FN:2174,_RNvNtNtCs5DPfXlAluY4_8hayabusa10detections7configs22extract_search_options
FN:2207,_RNvNtNtCs5DPfXlAluY4_8hayabusa10detections7configs22extract_output_options
FN:2556,_RNvXs7_NtNtCs5DPfXlAluY4_8hayabusa10detections7configsNtB5_9EventInfoNtNtCshEwRaVhoEM3_4core7default7Default7default
FN:2562,_RNvMs8_NtNtCs5DPfXlAluY4_8hayabusa10detections7configsNtB5_9EventInfo3new
FN:2573,_RNvXs9_NtNtCs5DPfXlAluY4_8hayabusa10detections7configsNtB5_15EventInfoConfigNtNtCshEwRaVhoEM3_4core7default7Default7default
FN:2579,_RNvMsa_NtNtCs5DPfXlAluY4_8hayabusa10detections7configsNtB5_15EventInfoConfig3new
FN:2584,_RNvMsa_NtNtCs5DPfXlAluY4_8hayabusa10detections7configsNtB5_15EventInfoConfig12get_event_id
FN:2590,_RNvNtNtCs5DPfXlAluY4_8hayabusa10detections7configs19load_eventcode_info
FN:2602,_RNCNvNtNtCs5DPfXlAluY4_8hayabusa10detections7configs19load_eventcode_info0B7_
FN:2622,_RNvNtNtCs5DPfXlAluY4_8hayabusa10detections7configs31create_control_chat_replace_map
FN:2625,_RNCNvNtNtCs5DPfXlAluY4_8hayabusa10detections7configs31create_control_chat_replace_map0B7_
FN:931,_RNCNvXsz_NtNtCs5DPfXlAluY4_8hayabusa10detections7configsNtB7_18DetectCommonOptionNtNtCsgalAmTtUVqh_12clap_builder6derive14FromArgMatches20from_arg_matches_mut0Bb_
FN:935,_RNCNvXsz_NtNtCs5DPfXlAluY4_8hayabusa10detections7configsNtB7_18DetectCommonOptionNtNtCsgalAmTtUVqh_12clap_builder6derive14FromArgMatches20from_arg_matches_muts_0Bb_
FN:949,_RNCNvXsz_NtNtCs5DPfXlAluY4_8hayabusa10detections7configsNtB7_18DetectCommonOptionNtNtCsgalAmTtUVqh_12clap_builder6derive14FromArgMatches20from_arg_matches_muts0_0Bb_
FN:961,_RNCNvXsz_NtNtCs5DPfXlAluY4_8hayabusa10detections7configsNtB7_18DetectCommonOptionNtNtCsgalAmTtUVqh_12clap_builder6derive14FromArgMatches20from_arg_matches_muts1_0Bb_
FN:965,_RNCNvXsz_NtNtCs5DPfXlAluY4_8hayabusa10detections7configsNtB7_18DetectCommonOptionNtNtCsgalAmTtUVqh_12clap_builder6derive14FromArgMatches20from_arg_matches_muts2_0Bb_
FN:969,_RNCNvXsz_NtNtCs5DPfXlAluY4_8hayabusa10detections7configsNtB7_18DetectCommonOptionNtNtCsgalAmTtUVqh_12clap_builder6derive14FromArgMatches20from_arg_matches_muts3_0Bb_
FN:973,_RNCNvXsz_NtNtCs5DPfXlAluY4_8hayabusa10detections7configsNtB7_18DetectCommonOptionNtNtCsgalAmTtUVqh_12clap_builder6derive14FromArgMatches20from_arg_matches_muts4_0Bb_
FN:931,_RNCNvXsz_NtNtCs5DPfXlAluY4_8hayabusa10detections7configsNtB7_18DetectCommonOptionNtNtCsgalAmTtUVqh_12clap_builder6derive14FromArgMatches27update_from_arg_matches_mut0Bb_
FN:935,_RNCNvXsz_NtNtCs5DPfXlAluY4_8hayabusa10detections7configsNtB7_18DetectCommonOptionNtNtCsgalAmTtUVqh_12clap_builder6derive14FromArgMatches27update_from_arg_matches_muts_0Bb_
FN:949,_RNCNvXsz_NtNtCs5DPfXlAluY4_8hayabusa10detections7configsNtB7_18DetectCommonOptionNtNtCsgalAmTtUVqh_12clap_builder6derive14FromArgMatches27update_from_arg_matches_muts0_0Bb_
FN:961,_RNCNvXsz_NtNtCs5DPfXlAluY4_8hayabusa10detections7configsNtB7_18DetectCommonOptionNtNtCsgalAmTtUVqh_12clap_builder6derive14FromArgMatches27update_from_arg_matches_muts1_0Bb_
FN:965,_RNCNvXsz_NtNtCs5DPfXlAluY4_8hayabusa10detections7configsNtB7_18DetectCommonOptionNtNtCsgalAmTtUVqh_12clap_builder6derive14FromArgMatches27update_from_arg_matches_muts2_0Bb_
FN:969,_RNCNvXsz_NtNtCs5DPfXlAluY4_8hayabusa10detections7configsNtB7_18DetectCommonOptionNtNtCsgalAmTtUVqh_12clap_builder6derive14FromArgMatches27update_from_arg_matches_muts3_0Bb_
FN:973,_RNCNvXsz_NtNtCs5DPfXlAluY4_8hayabusa10detections7configsNtB7_18DetectCommonOptionNtNtCsgalAmTtUVqh_12clap_builder6derive14FromArgMatches27update_from_arg_matches_muts4_0Bb_
FN:1004,_RNCNvXsH_NtNtCs5DPfXlAluY4_8hayabusa10detections7configsNtB7_12SearchOptionNtNtCsgalAmTtUVqh_12clap_builder6derive14FromArgMatches20from_arg_matches_mut0Bb_
FN:1025,_RNCNvXsH_NtNtCs5DPfXlAluY4_8hayabusa10detections7configsNtB7_12SearchOptionNtNtCsgalAmTtUVqh_12clap_builder6derive14FromArgMatches20from_arg_matches_muts_0Bb_
FN:1037,_RNCNvXsH_NtNtCs5DPfXlAluY4_8hayabusa10detections7configsNtB7_12SearchOptionNtNtCsgalAmTtUVqh_12clap_builder6derive14FromArgMatches20from_arg_matches_muts0_0Bb_
FN:1047,_RNCNvXsH_NtNtCs5DPfXlAluY4_8hayabusa10detections7configsNtB7_12SearchOptionNtNtCsgalAmTtUVqh_12clap_builder6derive14FromArgMatches20from_arg_matches_muts1_0Bb_
FN:1060,_RNCNvXsH_NtNtCs5DPfXlAluY4_8hayabusa10detections7configsNtB7_12SearchOptionNtNtCsgalAmTtUVqh_12clap_builder6derive14FromArgMatches20from_arg_matches_muts2_0Bb_
FN:1074,_RNCNvXsH_NtNtCs5DPfXlAluY4_8hayabusa10detections7configsNtB7_12SearchOptionNtNtCsgalAmTtUVqh_12clap_builder6derive14FromArgMatches20from_arg_matches_muts3_0Bb_
FN:1086,_RNCNvXsH_NtNtCs5DPfXlAluY4_8hayabusa10detections7configsNtB7_12SearchOptionNtNtCsgalAmTtUVqh_12clap_builder6derive14FromArgMatches20from_arg_matches_muts4_0Bb_
FN:1090,_RNCNvXsH_NtNtCs5DPfXlAluY4_8hayabusa10detections7configsNtB7_12SearchOptionNtNtCsgalAmTtUVqh_12clap_builder6derive14FromArgMatches20from_arg_matches_muts5_0Bb_
FN:1094,_RNCNvXsH_NtNtCs5DPfXlAluY4_8hayabusa10detections7configsNtB7_12SearchOptionNtNtCsgalAmTtUVqh_12clap_builder6derive14FromArgMatches20from_arg_matches_muts6_0Bb_
FN:1098,_RNCNvXsH_NtNtCs5DPfXlAluY4_8hayabusa10detections7configsNtB7_12SearchOptionNtNtCsgalAmTtUVqh_12clap_builder6derive14FromArgMatches20from_arg_matches_muts7_0Bb_
FN:1102,_RNCNvXsH_NtNtCs5DPfXlAluY4_8hayabusa10detections7configsNtB7_12SearchOptionNtNtCsgalAmTtUVqh_12clap_builder6derive14FromArgMatches20from_arg_matches_muts8_0Bb_
FN:1106,_RNCNvXsH_NtNtCs5DPfXlAluY4_8hayabusa10detections7configsNtB7_12SearchOptionNtNtCsgalAmTtUVqh_12clap_builder6derive14FromArgMatches20from_arg_matches_muts9_0Bb_
FN:1110,_RNCNvXsH_NtNtCs5DPfXlAluY4_8hayabusa10detections7configsNtB7_12SearchOptionNtNtCsgalAmTtUVqh_12clap_builder6derive14FromArgMatches20from_arg_matches_mutsa_0Bb_
FN:1114,_RNCNvXsH_NtNtCs5DPfXlAluY4_8hayabusa10detections7configsNtB7_12SearchOptionNtNtCsgalAmTtUVqh_12clap_builder6derive14FromArgMatches20from_arg_matches_mutsb_0Bb_
FN:1118,_RNCNvXsH_NtNtCs5DPfXlAluY4_8hayabusa10detections7configsNtB7_12SearchOptionNtNtCsgalAmTtUVqh_12clap_builder6derive14FromArgMatches20from_arg_matches_mutsc_0Bb_
FN:1122,_RNCNvXsH_NtNtCs5DPfXlAluY4_8hayabusa10detections7configsNtB7_12SearchOptionNtNtCsgalAmTtUVqh_12clap_builder6derive14FromArgMatches20from_arg_matches_mutsd_0Bb_
FN:1126,_RNCNvXsH_NtNtCs5DPfXlAluY4_8hayabusa10detections7configsNtB7_12SearchOptionNtNtCsgalAmTtUVqh_12clap_builder6derive14FromArgMatches20from_arg_matches_mutse_0Bb_
FN:1130,_RNCNvXsH_NtNtCs5DPfXlAluY4_8hayabusa10detections7configsNtB7_12SearchOptionNtNtCsgalAmTtUVqh_12clap_builder6derive14FromArgMatches20from_arg_matches_mutsf_0Bb_
FN:1134,_RNCNvXsH_NtNtCs5DPfXlAluY4_8hayabusa10detections7configsNtB7_12SearchOptionNtNtCsgalAmTtUVqh_12clap_builder6derive14FromArgMatches20from_arg_matches_mutsg_0Bb_
FN:1004,_RNCNvXsH_NtNtCs5DPfXlAluY4_8hayabusa10detections7configsNtB7_12SearchOptionNtNtCsgalAmTtUVqh_12clap_builder6derive14FromArgMatches27update_from_arg_matches_mut0Bb_
FN:1025,_RNCNvXsH_NtNtCs5DPfXlAluY4_8hayabusa10detections7configsNtB7_12SearchOptionNtNtCsgalAmTtUVqh_12clap_builder6derive14FromArgMatches27update_from_arg_matches_muts_0Bb_
FN:1037,_RNCNvXsH_NtNtCs5DPfXlAluY4_8hayabusa10detections7configsNtB7_12SearchOptionNtNtCsgalAmTtUVqh_12clap_builder6derive14FromArgMatches27update_from_arg_matches_muts0_0Bb_
FN:1047,_RNCNvXsH_NtNtCs5DPfXlAluY4_8hayabusa10detections7configsNtB7_12SearchOptionNtNtCsgalAmTtUVqh_12clap_builder6derive14FromArgMatches27update_from_arg_matches_muts1_0Bb_
FN:1060,_RNCNvXsH_NtNtCs5DPfXlAluY4_8hayabusa10detections7configsNtB7_12SearchOptionNtNtCsgalAmTtUVqh_12clap_builder6derive14FromArgMatches27update_from_arg_matches_muts2_0Bb_
FN:1074,_RNCNvXsH_NtNtCs5DPfXlAluY4_8hayabusa10detections7configsNtB7_12SearchOptionNtNtCsgalAmTtUVqh_12clap_builder6derive14FromArgMatches27update_from_arg_matches_muts3_0Bb_
FN:1086,_RNCNvXsH_NtNtCs5DPfXlAluY4_8hayabusa10detections7configsNtB7_12SearchOptionNtNtCsgalAmTtUVqh_12clap_builder6derive14FromArgMatches27update_from_arg_matches_muts4_0Bb_
FN:1090,_RNCNvXsH_NtNtCs5DPfXlAluY4_8hayabusa10detections7configsNtB7_12SearchOptionNtNtCsgalAmTtUVqh_12clap_builder6derive14FromArgMatches27update_from_arg_matches_muts5_0Bb_
FN:1094,_RNCNvXsH_NtNtCs5DPfXlAluY4_8hayabusa10detections7configsNtB7_12SearchOptionNtNtCsgalAmTtUVqh_12clap_builder6derive14FromArgMatches27update_from_arg_matches_muts6_0Bb_
FN:1098,_RNCNvXsH_NtNtCs5DPfXlAluY4_8hayabusa10detections7configsNtB7_12SearchOptionNtNtCsgalAmTtUVqh_12clap_builder6derive14FromArgMatches27update_from_arg_matches_muts7_0Bb_
FN:1102,_RNCNvXsH_NtNtCs5DPfXlAluY4_8hayabusa10detections7configsNtB7_12SearchOptionNtNtCsgalAmTtUVqh_12clap_builder6derive14FromArgMatches27update_from_arg_matches_muts8_0Bb_
FN:1106,_RNCNvXsH_NtNtCs5DPfXlAluY4_8hayabusa10detections7configsNtB7_12SearchOptionNtNtCsgalAmTtUVqh_12clap_builder6derive14FromArgMatches27update_from_arg_matches_muts9_0Bb_
FN:1110,_RNCNvXsH_NtNtCs5DPfXlAluY4_8hayabusa10detections7configsNtB7_12SearchOptionNtNtCsgalAmTtUVqh_12clap_builder6derive14FromArgMatches27update_from_arg_matches_mutsa_0Bb_
FN:1114,_RNCNvXsH_NtNtCs5DPfXlAluY4_8hayabusa10detections7configsNtB7_12SearchOptionNtNtCsgalAmTtUVqh_12clap_builder6derive14FromArgMatches27update_from_arg_matches_mutsb_0Bb_
FN:1118,_RNCNvXsH_NtNtCs5DPfXlAluY4_8hayabusa10detections7configsNtB7_12SearchOptionNtNtCsgalAmTtUVqh_12clap_builder6derive14FromArgMatches27update_from_arg_matches_mutsc_0Bb_
FN:1122,_RNCNvXsH_NtNtCs5DPfXlAluY4_8hayabusa10detections7configsNtB7_12SearchOptionNtNtCsgalAmTtUVqh_12clap_builder6derive14FromArgMatches27update_from_arg_matches_mutsd_0Bb_
FN:1126,_RNCNvXsH_NtNtCs5DPfXlAluY4_8hayabusa10detections7configsNtB7_12SearchOptionNtNtCsgalAmTtUVqh_12clap_builder6derive14FromArgMatches27update_from_arg_matches_mutse_0Bb_
FN:1130,_RNCNvXsH_NtNtCs5DPfXlAluY4_8hayabusa10detections7configsNtB7_12SearchOptionNtNtCsgalAmTtUVqh_12clap_builder6derive14FromArgMatches27update_from_arg_matches_mutsf_0Bb_
FN:1134,_RNCNvXsH_NtNtCs5DPfXlAluY4_8hayabusa10detections7configsNtB7_12SearchOptionNtNtCsgalAmTtUVqh_12clap_builder6derive14FromArgMatches27update_from_arg_matches_mutsg_0Bb_
FN:1153,_RNCNvXsL_NtNtCs5DPfXlAluY4_8hayabusa10detections7configsNtB7_12UpdateOptionNtNtCsgalAmTtUVqh_12clap_builder6derive14FromArgMatches20from_arg_matches_mut0Bb_
FN:1153,_RNCNvXsL_NtNtCs5DPfXlAluY4_8hayabusa10detections7configsNtB7_12UpdateOptionNtNtCsgalAmTtUVqh_12clap_builder6derive14FromArgMatches27update_from_arg_matches_mut0Bb_
[...]
FNDA:0,_RNCINvMNtCs5DPfXlAluY4_8hayabusa4yamlNtB5_9ParseYaml8read_dirReEs_0B7_
FNDA:0,_RNCINvMNtCs5DPfXlAluY4_8hayabusa4yamlNtB5_9ParseYaml8read_dirNtNtCsjZxD6pFdSZh_3std4path7PathBufEs0_0B7_
FNDA:0,_RNCINvMNtCs5DPfXlAluY4_8hayabusa4yamlNtB5_9ParseYaml8read_dirRNtNtCsjZxD6pFdSZh_3std4path4PathEs0_0B7_
FNDA:0,_RNCINvMNtCs5DPfXlAluY4_8hayabusa4yamlNtB5_9ParseYaml8read_dirReEs0_0B7_
FNDA:0,_RNCNCINvMNtCs5DPfXlAluY4_8hayabusa4yamlNtB7_9ParseYaml8read_dirNtNtCsjZxD6pFdSZh_3std4path7PathBufEs0_00B9_
FNDA:0,_RNCNCINvMNtCs5DPfXlAluY4_8hayabusa4yamlNtB7_9ParseYaml8read_dirRNtNtCsjZxD6pFdSZh_3std4path4PathEs0_00B9_
FNDA:0,_RNCNCINvMNtCs5DPfXlAluY4_8hayabusa4yamlNtB7_9ParseYaml8read_dirReEs0_00B9_
FNDA:0,_RNCNCINvMNtCs5DPfXlAluY4_8hayabusa4yamlNtB7_9ParseYaml8read_dirNtNtCsjZxD6pFdSZh_3std4path7PathBufEs0_0s_0B9_
FNDA:0,_RNCNCINvMNtCs5DPfXlAluY4_8hayabusa4yamlNtB7_9ParseYaml8read_dirRNtNtCsjZxD6pFdSZh_3std4path4PathEs0_0s_0B9_
FNDA:0,_RNCNCINvMNtCs5DPfXlAluY4_8hayabusa4yamlNtB7_9ParseYaml8read_dirReEs0_0s_0B9_
FNDA:0,_RNCINvMNtCs5DPfXlAluY4_8hayabusa4yamlNtB5_9ParseYaml8read_dirNtNtCsjZxD6pFdSZh_3std4path7PathBufEs1_0B7_
FNDA:2,_RNCINvMNtCs5DPfXlAluY4_8hayabusa4yamlNtB5_9ParseYaml8read_dirRNtNtCsjZxD6pFdSZh_3std4path4PathEs1_0B7_
FNDA:0,_RNCINvMNtCs5DPfXlAluY4_8hayabusa4yamlNtB5_9ParseYaml8read_dirReEs1_0B7_
FNDA:0,_RNCNCINvMNtCs5DPfXlAluY4_8hayabusa4yamlNtB7_9ParseYaml8read_dirNtNtCsjZxD6pFdSZh_3std4path7PathBufEs1_00B9_
FNDA:2,_RNCNCINvMNtCs5DPfXlAluY4_8hayabusa4yamlNtB7_9ParseYaml8read_dirRNtNtCsjZxD6pFdSZh_3std4path4PathEs1_00B9_
FNDA:0,_RNCNCINvMNtCs5DPfXlAluY4_8hayabusa4yamlNtB7_9ParseYaml8read_dirReEs1_00B9_
FNDA:0,_RNCNCINvMNtCs5DPfXlAluY4_8hayabusa4yamlNtB7_9ParseYaml8read_dirNtNtCsjZxD6pFdSZh_3std4path7PathBufEs1_0s_0B9_
FNDA:0,_RNCNCINvMNtCs5DPfXlAluY4_8hayabusa4yamlNtB7_9ParseYaml8read_dirRNtNtCsjZxD6pFdSZh_3std4path4PathEs1_0s_0B9_
FNDA:0,_RNCNCINvMNtCs5DPfXlAluY4_8hayabusa4yamlNtB7_9ParseYaml8read_dirReEs1_0s_0B9_
FNDA:0,_RNCNCINvMNtCs5DPfXlAluY4_8hayabusa4yamlNtB7_9ParseYaml8read_dirNtNtCsjZxD6pFdSZh_3std4path7PathBufEs1_0s0_0B9_
FNDA:0,_RNCNCINvMNtCs5DPfXlAluY4_8hayabusa4yamlNtB7_9ParseYaml8read_dirRNtNtCsjZxD6pFdSZh_3std4path4PathEs1_0s0_0B9_
FNDA:0,_RNCNCINvMNtCs5DPfXlAluY4_8hayabusa4yamlNtB7_9ParseYaml8read_dirReEs1_0s0_0B9_
FNDA:0,_RNCNCINvMNtCs5DPfXlAluY4_8hayabusa4yamlNtB7_9ParseYaml8read_dirNtNtCsjZxD6pFdSZh_3std4path7PathBufEs1_0s1_0B9_
FNDA:0,_RNCNCINvMNtCs5DPfXlAluY4_8hayabusa4yamlNtB7_9ParseYaml8read_dirRNtNtCsjZxD6pFdSZh_3std4path4PathEs1_0s1_0B9_
FNDA:0,_RNCNCINvMNtCs5DPfXlAluY4_8hayabusa4yamlNtB7_9ParseYaml8read_dirReEs1_0s1_0B9_
FNDA:0,_RINvNtCs5DPfXlAluY4_8hayabusa4yaml11count_rulespEB4_
FNDA:0,_RNCINvNtCs5DPfXlAluY4_8hayabusa4yaml11count_rulespE0B6_
FNDA:0,_RNCINvNtCs5DPfXlAluY4_8hayabusa4yaml11count_rulespEs_0B6_
FNDA:0,_RNCINvNtCs5DPfXlAluY4_8hayabusa4yaml11count_rulespEs0_0B6_
FNDA:0,_RNCNCINvNtCs5DPfXlAluY4_8hayabusa4yaml11count_rulespEs0_00B8_
FNDA:0,_RNCNCINvNtCs5DPfXlAluY4_8hayabusa4yaml11count_rulespEs0_0s_0B8_
FNDA:0,_RNCINvNtCs5DPfXlAluY4_8hayabusa4yaml11count_rulespEs1_0B6_
FNDA:0,_RNCNCINvNtCs5DPfXlAluY4_8hayabusa4yaml11count_rulespEs1_00B8_
FNDA:0,_RNCNCINvNtCs5DPfXlAluY4_8hayabusa4yaml11count_rulespEs1_0s_0B8_
FNDA:0,_RINvNtCsNhz5SapXcJ_8hayabusa4yaml11count_rulespEB4_
FNDA:0,_RNCINvNtCsNhz5SapXcJ_8hayabusa4yaml11count_rulespE0B6_
FNDA:0,_RNCINvNtCsNhz5SapXcJ_8hayabusa4yaml11count_rulespEs_0B6_
FNDA:0,_RNCINvNtCsNhz5SapXcJ_8hayabusa4yaml11count_rulespEs0_0B6_
FNDA:0,_RNCNCINvNtCsNhz5SapXcJ_8hayabusa4yaml11count_rulespEs0_00B8_
FNDA:0,_RNCNCINvNtCsNhz5SapXcJ_8hayabusa4yaml11count_rulespEs0_0s_0B8_
FNDA:0,_RNCINvNtCsNhz5SapXcJ_8hayabusa4yaml11count_rulespEs1_0B6_
FNDA:0,_RNCNCINvNtCsNhz5SapXcJ_8hayabusa4yaml11count_rulespEs1_00B8_
FNDA:0,_RNCNCINvNtCsNhz5SapXcJ_8hayabusa4yaml11count_rulespEs1_0s_0B8_
FNDA:31,_RNvMNtCsNhz5SapXcJ_8hayabusa4yamlNtB2_9ParseYaml3new
FNDA:608,_RNvMNtCsNhz5SapXcJ_8hayabusa4yamlNtB2_9ParseYaml9read_file
FNDA:2,_RNCNvMNtCsNhz5SapXcJ_8hayabusa4yamlNtB4_9ParseYaml9read_file0B6_
FNDA:0,_RNCNvMNtCsNhz5SapXcJ_8hayabusa4yamlNtB4_9ParseYaml9read_files_0B6_
FNDA:0,_RINvMNtCsNhz5SapXcJ_8hayabusa4yamlNtB3_9ParseYaml8read_dirNtNtCsjZxD6pFdSZh_3std4path7PathBufEB5_
FNDA:24,_RINvMNtCsNhz5SapXcJ_8hayabusa4yamlNtB3_9ParseYaml8read_dirRNtNtCsjZxD6pFdSZh_3std4path4PathEB5_
FNDA:7,_RINvMNtCsNhz5SapXcJ_8hayabusa4yamlNtB3_9ParseYaml8read_dirReEB5_
FNDA:0,_RNCINvMNtCsNhz5SapXcJ_8hayabusa4yamlNtB5_9ParseYaml8read_dirNtNtCsjZxD6pFdSZh_3std4path7PathBufE0B7_
FNDA:0,_RNCINvMNtCsNhz5SapXcJ_8hayabusa4yamlNtB5_9ParseYaml8read_dirRNtNtCsjZxD6pFdSZh_3std4path4PathE0B7_
FNDA:0,_RNCINvMNtCsNhz5SapXcJ_8hayabusa4yamlNtB5_9ParseYaml8read_dirReE0B7_
FNDA:0,_RNCINvMNtCsNhz5SapXcJ_8hayabusa4yamlNtB5_9ParseYaml8read_dirNtNtCsjZxD6pFdSZh_3std4path7PathBufEs_0B7_
FNDA:0,_RNCINvMNtCsNhz5SapXcJ_8hayabusa4yamlNtB5_9ParseYaml8read_dirRNtNtCsjZxD6pFdSZh_3std4path4PathEs_0B7_
FNDA:2,_RNCINvMNtCsNhz5SapXcJ_8hayabusa4yamlNtB5_9ParseYaml8read_dirReEs_0B7_
FNDA:0,_RNCINvMNtCsNhz5SapXcJ_8hayabusa4yamlNtB5_9ParseYaml8read_dirNtNtCsjZxD6pFdSZh_3std4path7PathBufEs0_0B7_
FNDA:136,_RNCINvMNtCsNhz5SapXcJ_8hayabusa4yamlNtB5_9ParseYaml8read_dirRNtNtCsjZxD6pFdSZh_3std4path4PathEs0_0B7_
FNDA:33,_RNCINvMNtCsNhz5SapXcJ_8hayabusa4yamlNtB5_9ParseYaml8read_dirReEs0_0B7_
FNDA:0,_RNCNCINvMNtCsNhz5SapXcJ_8hayabusa4yamlNtB7_9ParseYaml8read_dirNtNtCsjZxD6pFdSZh_3std4path7PathBufEs0_00B9_
FNDA:0,_RNCNCINvMNtCsNhz5SapXcJ_8hayabusa4yamlNtB7_9ParseYaml8read_dirRNtNtCsjZxD6pFdSZh_3std4path4PathEs0_00B9_
FNDA:0,_RNCNCINvMNtCsNhz5SapXcJ_8hayabusa4yamlNtB7_9ParseYaml8read_dirReEs0_00B9_
FNDA:0,_RNCNCINvMNtCsNhz5SapXcJ_8hayabusa4yamlNtB7_9ParseYaml8read_dirNtNtCsjZxD6pFdSZh_3std4path7PathBufEs0_0s_0B9_
FNDA:133,_RNCNCINvMNtCsNhz5SapXcJ_8hayabusa4yamlNtB7_9ParseYaml8read_dirRNtNtCsjZxD6pFdSZh_3std4path4PathEs0_0s_0B9_
FNDA:32,_RNCNCINvMNtCsNhz5SapXcJ_8hayabusa4yamlNtB7_9ParseYaml8read_dirReEs0_0s_0B9_
FNDA:0,_RNCINvMNtCsNhz5SapXcJ_8hayabusa4yamlNtB5_9ParseYaml8read_dirNtNtCsjZxD6pFdSZh_3std4path7PathBufEs1_0B7_
FNDA:133,_RNCINvMNtCsNhz5SapXcJ_8hayabusa4yamlNtB5_9ParseYaml8read_dirRNtNtCsjZxD6pFdSZh_3std4path4PathEs1_0B7_
FNDA:34,_RNCINvMNtCsNhz5SapXcJ_8hayabusa4yamlNtB5_9ParseYaml8read_dirReEs1_0B7_
FNDA:0,_RNCNCINvMNtCsNhz5SapXcJ_8hayabusa4yamlNtB7_9ParseYaml8read_dirNtNtCsjZxD6pFdSZh_3std4path7PathBufEs1_00B9_
FNDA:66,_RNCNCINvMNtCsNhz5SapXcJ_8hayabusa4yamlNtB7_9ParseYaml8read_dirRNtNtCsjZxD6pFdSZh_3std4path4PathEs1_00B9_
FNDA:26,_RNCNCINvMNtCsNhz5SapXcJ_8hayabusa4yamlNtB7_9ParseYaml8read_dirReEs1_00B9_
FNDA:0,_RNCNCINvMNtCsNhz5SapXcJ_8hayabusa4yamlNtB7_9ParseYaml8read_dirNtNtCsjZxD6pFdSZh_3std4path7PathBufEs1_0s_0B9_
FNDA:47,_RNCNCINvMNtCsNhz5SapXcJ_8hayabusa4yamlNtB7_9ParseYaml8read_dirRNtNtCsjZxD6pFdSZh_3std4path4PathEs1_0s_0B9_
FNDA:8,_RNCNCINvMNtCsNhz5SapXcJ_8hayabusa4yamlNtB7_9ParseYaml8read_dirReEs1_0s_0B9_
FNDA:0,_RNCNCINvMNtCsNhz5SapXcJ_8hayabusa4yamlNtB7_9ParseYaml8read_dirNtNtCsjZxD6pFdSZh_3std4path7PathBufEs1_0s0_0B9_
FNDA:5,_RNCNCINvMNtCsNhz5SapXcJ_8hayabusa4yamlNtB7_9ParseYaml8read_dirRNtNtCsjZxD6pFdSZh_3std4path4PathEs1_0s0_0B9_
FNDA:0,_RNCNCINvMNtCsNhz5SapXcJ_8hayabusa4yamlNtB7_9ParseYaml8read_dirReEs1_0s0_0B9_
FNDA:0,_RNCNCINvMNtCsNhz5SapXcJ_8hayabusa4yamlNtB7_9ParseYaml8read_dirNtNtCsjZxD6pFdSZh_3std4path7PathBufEs1_0s1_0B9_
FNDA:0,_RNCNCINvMNtCsNhz5SapXcJ_8hayabusa4yamlNtB7_9ParseYaml8read_dirRNtNtCsjZxD6pFdSZh_3std4path4PathEs1_0s1_0B9_
FNDA:0,_RNCNCINvMNtCsNhz5SapXcJ_8hayabusa4yamlNtB7_9ParseYaml8read_dirReEs1_0s1_0B9_
FNDA:25,_RNvNtNtCsNhz5SapXcJ_8hayabusa4yaml5tests26create_dummy_stored_static
FNDA:1,_RNvNtNtCsNhz5SapXcJ_8hayabusa4yaml5testss_19test_read_file_yaml
FNDA:1,_RNvNtNtCsNhz5SapXcJ_8hayabusa4yaml5testss_18test_read_dir_yaml
FNDA:1,_RNvNtNtCsNhz5SapXcJ_8hayabusa4yaml5testss_14test_read_yaml
FNDA:1,_RNvNtNtCsNhz5SapXcJ_8hayabusa4yaml5testss_21test_failed_read_yaml
FNDA:1,_RNvNtNtCsNhz5SapXcJ_8hayabusa4yaml5testss_28test_default_level_read_yaml
FNDA:1,_RNvNtNtCsNhz5SapXcJ_8hayabusa4yaml5testss_25test_info_level_read_yaml
FNDA:1,_RNvNtNtCsNhz5SapXcJ_8hayabusa4yaml5testss_24test_low_level_read_yaml
FNDA:1,_RNvNtNtCsNhz5SapXcJ_8hayabusa4yaml5testss_27test_medium_level_read_yaml
FNDA:1,_RNvNtNtCsNhz5SapXcJ_8hayabusa4yaml5testss_25test_high_level_read_yaml
FNDA:1,_RNvNtNtCsNhz5SapXcJ_8hayabusa4yaml5testss_29test_critical_level_read_yaml
FNDA:1,_RNvNtNtCsNhz5SapXcJ_8hayabusa4yaml5testss_27test_all_exclude_rules_file
FNDA:1,_RNvNtNtCsNhz5SapXcJ_8hayabusa4yaml5testss_25test_all_noisy_rules_file
FNDA:1,_RNvNtNtCsNhz5SapXcJ_8hayabusa4yaml5testss_28test_none_exclude_rules_file
FNDA:1,_RNvNtNtCsNhz5SapXcJ_8hayabusa4yaml5testss_34test_exclude_deprecated_rules_file
FNDA:1,_RNvNtNtCsNhz5SapXcJ_8hayabusa4yaml5testss_35test_exclude_unsupported_rules_file
FNDA:1,_RNvNtNtCsNhz5SapXcJ_8hayabusa4yaml5testss_31test_info_exact_level_read_yaml
FNDA:1,_RNvNtNtCsNhz5SapXcJ_8hayabusa4yaml5testss_30test_low_exact_level_read_yaml
FNDA:1,_RNvNtNtCsNhz5SapXcJ_8hayabusa4yaml5testss_33test_medium_exact_level_read_yaml
FNDA:1,_RNvNtNtCsNhz5SapXcJ_8hayabusa4yaml5testss_31test_high_exact_level_read_yaml
FNDA:1,_RNvNtNtCsNhz5SapXcJ_8hayabusa4yaml5testss_35test_critical_exact_level_read_yaml
FNDA:1,_RNvNtNtCsNhz5SapXcJ_8hayabusa4yaml5testss_26test_specified_tags_option
FNDA:1,_RNvNtNtCsNhz5SapXcJ_8hayabusa4yaml5testss_33test_include_category_option_1opt
FNDA:1,_RNvNtNtCsNhz5SapXcJ_8hayabusa4yaml5testss_38test_include_category_option_multi_opt
FNDA:1,_RNvNtNtCsNhz5SapXcJ_8hayabusa4yaml5testss_38test_include_category_option_not_found
FNDA:1,_RNvNtNtCsNhz5SapXcJ_8hayabusa4yaml5testss_33test_exclude_category_option_1opt
FNDA:1,_RNvNtNtCsNhz5SapXcJ_8hayabusa4yaml5testss_38test_exclude_category_option_multi_opt
FNDA:1,_RNvNtNtCsNhz5SapXcJ_8hayabusa4yaml5testss_37test_exclude_category_option_notfound
FNF:52
FNH:39
DA:30,33
DA:31,33
DA:32,32
DA:34,1
DA:36,33
DA:37,33
DA:38,33
DA:39,33
DA:40,33
DA:41,33
DA:42,33
DA:43,33
DA:44,33
DA:45,33
DA:46,33
DA:47,33
DA:48,33
DA:49,33
DA:50,33
DA:51,33
DA:52,33
DA:53,33
DA:54,33
DA:55,33
DA:57,626
DA:58,626
DA:60,626
DA:61,626
DA:62,626
DA:64,624
DA:65,624
DA:67,624
DA:68,626
DA:70,33
DA:71,33
DA:72,33
DA:73,33
DA:74,33
DA:75,33
DA:76,33
DA:77,33
DA:78,33
DA:79,33
DA:80,33
DA:81,0
DA:82,0
DA:84,0
DA:86,0
DA:87,0
DA:88,0
DA:89,0
DA:90,0
DA:91,0
DA:92,0
DA:93,0
DA:94,0
DA:95,0
DA:96,0
DA:97,0
DA:98,0
DA:99,0
DA:100,0
DA:101,0
DA:102,0
DA:103,0
DA:104,33
DA:105,33
DA:106,33
DA:108,4
DA:109,4
DA:110,4
DA:111,4
DA:112,4
DA:113,4
DA:115,0
DA:116,4
DA:117,4
DA:118,4
DA:119,4
DA:120,4
DA:121,0
DA:122,0
DA:123,0
DA:124,0
DA:125,0
DA:126,0
DA:127,0
DA:128,0
DA:129,0
DA:130,0
DA:131,0
DA:132,0
DA:133,0
DA:134,0
DA:135,0
DA:136,0
DA:137,4
DA:138,4
DA:139,4
DA:140,4
DA:141,4
DA:142,0
DA:143,0
DA:144,0
DA:145,0
DA:146,0
DA:147,0
DA:148,0
DA:149,0
DA:150,0
DA:151,0
DA:152,0
DA:153,0
DA:154,0
DA:155,0
DA:156,0
DA:157,0
DA:158,4
DA:159,4
DA:160,4
DA:161,4
DA:162,4
DA:163,4
DA:165,29
DA:166,169
DA:167,169
DA:169,169
DA:170,0
DA:171,0
DA:172,0
DA:173,0
DA:174,0
DA:175,0
DA:176,0
DA:177,0
DA:178,169
DA:179,169
DA:180,169
DA:181,0
DA:182,169
DA:183,169
DA:184,169
DA:185,169
DA:186,169
DA:187,0
DA:188,169
DA:189,169
DA:190,169
DA:191,169
DA:192,169
DA:193,169
DA:195,0
DA:196,169
DA:197,169
DA:198,169
DA:199,169
DA:200,169
DA:202,0
DA:203,169
DA:204,169
DA:205,169
DA:206,169
DA:207,169
DA:208,0
DA:209,0
DA:210,0
DA:211,0
DA:212,0
DA:213,0
DA:214,0
DA:215,0
DA:216,0
DA:217,0
DA:218,0
DA:219,0
DA:220,0
DA:221,0
DA:222,0
DA:223,0
DA:224,169
DA:225,169
DA:226,169
DA:227,169
DA:228,169
DA:229,4
DA:230,4
DA:231,4
DA:232,4
DA:233,4
DA:234,4
DA:235,0
DA:236,4
DA:237,4
DA:238,4
DA:239,4
DA:240,4
DA:241,4
DA:242,4
DA:243,4
DA:244,4
DA:245,165
DA:246,165
DA:247,165
DA:248,165
DA:249,165
DA:250,165
DA:251,165
DA:252,165
DA:253,169
DA:255,33
DA:256,169
DA:257,169
DA:258,169
DA:259,169
DA:260,43
DA:261,43
DA:262,43
DA:264,20
DA:265,10
DA:267,10
DA:270,20
DA:271,20
DA:272,20
DA:273,20
DA:274,20
DA:275,20
DA:277,0
DA:280,20
DA:281,20
DA:282,0
DA:283,23
DA:284,23
DA:285,23
DA:286,0
DA:287,0
DA:288,0
DA:289,23
DA:290,0
DA:291,126
DA:293,149
DA:294,94
DA:295,94
DA:296,94
DA:298,149
DA:299,55
DA:300,55
DA:301,55
DA:304,149
DA:305,149
DA:306,149
DA:307,149
DA:308,149
DA:309,149
DA:310,149
DA:311,149
DA:312,139
DA:314,30
DA:315,30
DA:316,119
DA:317,119
DA:318,119
DA:319,119
DA:321,18
DA:322,18
DA:323,8
DA:325,8
DA:326,8
DA:327,10
DA:328,10
DA:329,10
DA:330,1
DA:331,1
DA:332,1
DA:333,1
DA:334,1
DA:335,9
DA:336,1
DA:337,1
DA:338,1
DA:339,1
DA:340,1
DA:343,2
DA:344,2
DA:345,8
DA:346,101
DA:348,109
DA:349,108
DA:350,108
DA:351,108
DA:352,108
DA:353,108
DA:355,108
DA:356,108
DA:357,108
DA:358,108
DA:359,108
DA:360,15
DA:361,15
DA:362,93
DA:364,108
DA:365,108
DA:366,108
DA:367,108
DA:368,108
DA:369,15
DA:370,15
DA:371,93
DA:373,108
DA:374,15
DA:376,12
DA:377,12
DA:378,96
DA:379,96
DA:380,15
DA:382,3
DA:383,3
DA:384,93
DA:385,1
DA:388,94
DA:389,93
DA:390,93
DA:391,93
DA:392,93
DA:393,93
DA:394,93
DA:396,5
DA:397,5
DA:398,5
DA:399,5
DA:400,5
DA:401,5
DA:402,5
DA:403,5
DA:404,5
DA:405,5
DA:406,5
DA:407,5
DA:408,5
DA:409,2
DA:410,2
DA:411,3
DA:413,0
DA:414,0
DA:416,89
DA:419,92
DA:420,91
DA:421,91
DA:422,91
DA:423,91
DA:424,91
DA:425,91
DA:427,0
DA:428,0
DA:429,0
DA:430,0
DA:431,0
DA:432,0
DA:433,0
DA:434,0
DA:435,0
DA:436,0
DA:437,0
DA:438,0
DA:439,0
DA:440,0
DA:441,0
DA:442,0
DA:443,0
DA:444,92
DA:446,92
DA:447,92
DA:448,92
DA:449,92
DA:450,92
DA:451,92
DA:452,92
DA:453,92
DA:454,92
DA:455,92
DA:456,92
DA:457,0
DA:458,92
DA:460,92
DA:461,169
DA:462,33
DA:463,33
DA:464,33
DA:468,0
DA:469,0
DA:470,0
DA:471,0
DA:472,0
DA:473,0
DA:474,0
DA:475,0
DA:476,0
DA:477,0
DA:478,0
DA:479,0
DA:480,0
DA:481,0
DA:482,0
DA:484,0
DA:485,0
DA:486,0
DA:487,0
DA:488,0
DA:489,0
DA:491,0
DA:492,0
DA:493,0
DA:494,0
DA:495,0
DA:496,0
DA:497,0
DA:498,0
DA:499,0
DA:500,0
DA:501,0
DA:502,0
DA:503,0
DA:504,0
DA:505,0
DA:506,0
DA:507,0
DA:508,0
DA:509,0
DA:511,0
DA:512,0
DA:513,0
DA:514,0
DA:515,0
DA:516,0
DA:517,0
DA:518,0
DA:520,0
DA:521,0
DA:522,0
DA:523,0
DA:524,0
DA:525,0
DA:526,0
DA:527,0
DA:528,0
DA:529,0
DA:530,0
DA:531,0
DA:532,0
DA:533,0
DA:534,0
DA:535,0
DA:536,0
DA:537,0
DA:538,0
DA:540,0
DA:541,0
DA:542,0
DA:543,0
DA:544,0
DA:545,0
DA:547,0
DA:548,0
DA:549,0
DA:550,0
DA:551,0
DA:552,0
DA:553,0
DA:554,0
DA:555,0
DA:556,0
DA:557,0
DA:558,0
DA:559,0
DA:560,0
DA:561,0
DA:562,0
DA:563,0
DA:564,0
DA:565,0
DA:566,0
DA:567,0
DA:568,0
DA:569,0
DA:570,0
DA:571,0
DA:572,0
DA:573,0
DA:574,0
DA:575,0
DA:576,0
DA:577,0
DA:578,0
DA:579,0
DA:580,0
DA:581,0
DA:582,0
DA:583,0
DA:585,0
DA:586,0
DA:587,0
DA:588,0
DA:589,0
DA:590,0
DA:591,0
DA:592,0
DA:593,0
DA:594,0
DA:595,0
DA:596,0
DA:597,0
DA:598,0
DA:599,0
DA:600,0
DA:601,0
DA:602,0
DA:603,0
DA:604,0
DA:605,0
DA:607,0
DA:608,0
DA:610,0
DA:613,0
DA:614,0
DA:615,0
DA:616,0
DA:617,0
DA:618,0
DA:619,0
DA:620,0
DA:621,0
DA:622,0
DA:623,0
DA:624,0
DA:625,0
DA:626,0
DA:627,0
DA:628,0
DA:629,0
DA:630,0
DA:631,0
DA:632,0
DA:633,0
DA:634,0
DA:635,0
DA:636,0
DA:637,0
DA:639,0
DA:641,0
DA:642,0
DA:643,0
DA:644,0
DA:645,0
DA:646,0
DA:647,0
DA:648,0
DA:649,0
DA:650,0
DA:651,0
DA:652,0
DA:653,0
DA:654,0
DA:655,0
DA:656,0
DA:657,0
DA:658,0
DA:659,0
DA:660,0
DA:661,0
DA:662,0
DA:663,0
DA:664,0
DA:665,0
DA:666,0
DA:667,0
DA:668,0
DA:669,0
DA:670,0
DA:671,0
DA:672,0
DA:673,0
DA:674,0
DA:675,0
DA:676,0
DA:677,0
DA:678,0
DA:679,0
DA:680,0
DA:682,0
DA:683,0
DA:684,0
DA:685,0
DA:708,25
DA:709,25
DA:710,25
DA:711,25
DA:712,25
DA:713,25
DA:714,25
DA:715,25
DA:716,25
DA:717,25
DA:718,25
DA:719,25
DA:720,25
DA:721,25
DA:722,25
DA:723,25
DA:724,25
DA:725,25
DA:726,25
DA:727,25
DA:728,25
DA:729,25
DA:730,25
DA:731,25
DA:732,25
DA:733,25
DA:734,25
DA:735,25
DA:736,25
DA:737,25
DA:738,25
DA:739,25
DA:740,25
DA:741,25
DA:742,25
DA:743,25
DA:744,25
DA:745,25
DA:746,25
DA:747,25
DA:748,25
DA:749,25
DA:750,25
DA:751,25
DA:752,25
DA:753,25
DA:754,25
DA:755,25
DA:756,25
DA:757,25
DA:758,25
DA:759,25
DA:760,25
DA:761,25
DA:762,25
DA:763,25
DA:764,25
DA:765,25
DA:766,25
DA:767,25
DA:768,25
DA:769,25
DA:770,25
DA:771,25
DA:772,25
DA:773,25
DA:774,25
DA:775,25
DA:776,25
DA:777,25
DA:780,1
DA:781,1
DA:782,1
DA:783,1
DA:784,1
DA:785,1
DA:786,1
DA:787,1
DA:788,1
DA:789,1
DA:790,1
DA:791,1
DA:792,1
DA:795,1
DA:796,1
DA:797,1
DA:798,1
DA:799,1
DA:800,1
DA:801,1
DA:802,1
DA:803,1
DA:804,1
DA:805,1
DA:806,1
DA:807,1
DA:808,1
DA:809,1
DA:812,1
DA:813,1
DA:814,1
DA:815,1
DA:816,2
DA:817,1
DA:818,1
DA:819,1
DA:820,1
DA:821,1
DA:822,1
DA:823,0
DA:825,1
DA:828,1
DA:829,1
DA:830,1
DA:831,1
DA:832,1
DA:833,1
DA:837,1
DA:838,1
DA:839,1
DA:840,1
DA:841,1
DA:842,1
DA:843,1
DA:844,1
DA:845,1
DA:846,1
DA:847,1
DA:848,1
DA:849,1
DA:850,1
DA:853,1
DA:854,1
DA:855,1
DA:856,1
DA:857,1
DA:858,1
DA:859,1
DA:860,1
DA:861,1
DA:862,1
DA:863,1
DA:864,1
DA:865,1
DA:866,1
DA:868,1
DA:869,1
DA:870,1
DA:871,1
DA:872,1
DA:873,1
DA:874,1
DA:875,1
DA:876,1
DA:877,1
DA:878,1
DA:879,1
DA:880,1
DA:881,1
DA:883,1
DA:884,1
DA:885,1
DA:886,1
DA:887,1
DA:888,1
DA:889,1
DA:890,1
DA:891,1
DA:892,1
DA:893,1
DA:894,1
DA:895,1
DA:896,1
DA:898,1
DA:899,1
DA:900,1
DA:901,1
DA:902,1
DA:903,1
DA:904,1
DA:905,1
DA:906,1
DA:907,1
DA:908,1
DA:909,1
DA:910,1
DA:911,1
DA:913,1
DA:914,1
DA:915,1
DA:916,1
DA:917,1
DA:918,1
DA:919,1
DA:920,1
DA:921,1
DA:922,1
DA:923,1
DA:924,1
DA:925,1
DA:926,1
DA:928,1
DA:929,1
DA:930,1
DA:931,1
DA:932,1
DA:933,1
DA:934,1
DA:935,1
DA:936,1
DA:937,1
DA:938,1
DA:939,1
DA:940,1
DA:941,1
DA:943,1
DA:944,1
DA:945,1
DA:946,1
DA:947,1
DA:948,1
DA:949,1
DA:950,1
DA:951,1
DA:952,1
DA:953,1
DA:954,1
DA:955,1
DA:956,1
DA:958,1
DA:959,1
DA:960,1
DA:961,1
DA:962,1
DA:963,1
DA:964,1
DA:965,1
DA:966,1
DA:967,1
DA:969,1
DA:970,1
DA:971,1
DA:972,1
DA:973,1
DA:974,1
DA:975,1
DA:976,1
DA:977,1
DA:978,1
DA:979,1
DA:980,1
DA:981,1
DA:984,1
DA:985,1
DA:986,1
DA:987,1
DA:988,1
DA:989,1
DA:990,1
DA:991,1
DA:992,1
DA:993,1
DA:994,1
DA:995,1
DA:996,1
DA:999,1
DA:1000,1
DA:1001,1
DA:1002,1
DA:1003,1
DA:1004,1
DA:1005,1
DA:1006,1
DA:1007,1
DA:1008,1
DA:1009,1
DA:1010,1
DA:1011,1
DA:1012,1
DA:1015,1
DA:1016,1
DA:1017,1
DA:1018,1
DA:1019,1
DA:1020,1
DA:1021,1
DA:1022,1
DA:1023,1
DA:1024,1
DA:1025,1
DA:1026,1
DA:1027,1
DA:1028,1
DA:1031,1
DA:1032,1
DA:1033,1
DA:1034,1
DA:1035,1
DA:1036,1
DA:1037,1
DA:1038,1
DA:1039,1
DA:1040,1
DA:1041,1
DA:1042,1
DA:1043,1
DA:1044,1
DA:1047,1
DA:1048,1
DA:1049,1
DA:1050,1
DA:1051,1
DA:1052,1
DA:1053,1
DA:1054,1
DA:1055,1
DA:1056,1
DA:1057,1
DA:1058,1
DA:1059,1
DA:1060,1
DA:1063,1
DA:1064,1
DA:1065,1
DA:1066,1
DA:1067,1
DA:1068,1
DA:1069,1
DA:1070,1
DA:1071,1
DA:1072,1
DA:1073,1
DA:1074,1
DA:1075,1
DA:1076,1
DA:1079,1
DA:1080,1
DA:1081,1
DA:1082,1
DA:1083,1
DA:1084,1
DA:1085,1
DA:1086,1
DA:1087,1
DA:1088,1
DA:1089,1
DA:1090,1
DA:1091,1
DA:1092,1
DA:1093,1
DA:1094,1
DA:1095,1
DA:1096,1
DA:1097,1
DA:1100,1
DA:1101,1
DA:1102,1
DA:1103,1
DA:1104,1
DA:1105,1
DA:1106,1
DA:1107,1
DA:1108,1
DA:1109,1
DA:1110,1
DA:1111,1
DA:1112,1
DA:1113,1
DA:1114,1
DA:1115,1
DA:1116,1
DA:1117,1
DA:1118,1
DA:1121,1
DA:1122,1
DA:1123,1
DA:1124,1
DA:1125,1
DA:1126,1
DA:1127,1
DA:1128,1
DA:1129,1
DA:1130,1
DA:1131,1
DA:1132,1
DA:1133,1
DA:1134,1
DA:1135,1
DA:1136,1
DA:1137,1
DA:1138,1
DA:1139,1
DA:1140,1
DA:1141,1
DA:1142,1
DA:1145,1
DA:1146,1
DA:1147,1
DA:1148,1
DA:1149,1
DA:1150,1
DA:1151,1
DA:1152,1
DA:1153,1
DA:1154,1
DA:1155,1
DA:1156,1
DA:1157,1
DA:1158,1
DA:1159,1
DA:1160,1
DA:1161,1
DA:1162,1
DA:1163,1
DA:1166,1
DA:1167,1
DA:1168,1
DA:1169,1
DA:1170,1
DA:1171,1
DA:1172,1
DA:1173,1
DA:1174,1
DA:1175,1
DA:1176,1
DA:1177,1
DA:1178,1
DA:1179,1
DA:1180,1
DA:1181,1
DA:1182,1
DA:1183,1
DA:1184,1
DA:1187,1
DA:1188,1
DA:1189,1
DA:1190,1
DA:1191,1
DA:1192,1
DA:1193,1
DA:1194,1
DA:1195,1
DA:1196,1
DA:1197,1
DA:1198,1
DA:1199,1
DA:1200,1
DA:1201,1
DA:1202,1
DA:1203,1
DA:1204,1
DA:1205,1
DA:1206,1
DA:1207,1
DA:1208,1
DA:1211,1
DA:1212,1
DA:1213,1
DA:1214,1
DA:1215,1
DA:1216,1
DA:1217,1
DA:1218,1
DA:1219,1
DA:1220,1
DA:1221,1
DA:1222,1
DA:1223,1
DA:1224,1
DA:1225,1
DA:1226,1
DA:1227,1
DA:1228,1
DA:1229,1
BRF:0
BRH:0
LF:1095
LH:760
end_of_record